<?xml version="1.0" encoding="UTF-8"?>
<testsuite xmlns:xsi="http://www.w3.org/2001/XMLSchema-instance" xsi:noNamespaceSchemaLocation="https://maven.apache.org/surefire/maven-surefire-plugin/xsd/surefire-test-report-3.0.xsd" version="3.0" name="com.talentica.paymentgateway.service.AuthorizeNetCustomerServiceUnitTest" time="0.964" tests="29" errors="0" skipped="0" failures="0">
  <properties>
[...]
</properties>
  <testcase name="serviceInitialization_ShouldNotThrowException" classname="com.talentica.paymentgateway.service.AuthorizeNetCustomerServiceUnitTest" time="0.248"/>
  <testcase name="getCustomerPaymentProfile_WithNullCustomerProfileId_ShouldThrowException" classname="com.talentica.paymentgateway.service.AuthorizeNetCustomerServiceUnitTest" time="0.004"/>
  <testcase name="deleteCustomerProfile_WithEmptyId_ShouldThrowException" classname="com.talentica.paymentgateway.service.AuthorizeNetCustomerServiceUnitTest" time="0.073">
    <system-out><![CDATA[2026-01-05 19:21:01.930  INFO [           main] [030e94ea-3a40-428f-bb07-50dd5277846c] c.t.p.s.AuthorizeNetCustomerService      : Deleting customer profile - Profile ID: , CorrelationId: 030e94ea-3a40-428f-bb07-50dd5277846c
2026-01-05 19:21:01.931 DEBUG [           main] [030e94ea-3a40-428f-bb07-50dd5277846c] n.a.a.controller.base.ApiOperationBase   : Creating instance for request:'class net.authorize.api.contract.v1.DeleteCustomerProfileRequest' and response:'class net.authorize.api.contract.v1.DeleteCustomerProfileResponse'
2026-01-05 19:21:01.932 DEBUG [           main] [030e94ea-3a40-428f-bb07-50dd5277846c] n.a.a.controller.base.ApiOperationBase   : Request:'net.authorize.api.contract.v1.DeleteCustomerProfileRequest@3aaf31c6'
2026-01-05 19:21:01.933 DEBUG [           main] [030e94ea-3a40-428f-bb07-50dd5277846c] n.a.a.controller.base.ApiOperationBase   : Executing Request:'net.authorize.api.contract.v1.DeleteCustomerProfileRequest@3aaf31c6'
2026-01-05 19:21:01.938 DEBUG [ool-10-thread-1] [NO_CORRELATION_ID] net.authorize.util.HttpUtility           : Posting request to Url: 'null/xml/v1/request.api'
2026-01-05 19:21:01.992 DEBUG [ool-10-thread-1] [NO_CORRELATION_ID] net.authorize.util.HttpUtility           : Request: '
<?xml version="1.0" encoding="UTF-8" standalone="yes"?>
<deleteCustomerProfileRequest xmlns="AnetApi/xml/v1/schema/AnetApiSchema.xsd">
    <merchantAuthentication/>
    <clientId>sdk-java-2.0.3</clientId>
    <customerProfileId></customerProfileId>
</deleteCustomerProfileRequest>

'
2026-01-05 19:21:01.993  WARN [ool-10-thread-1] [NO_CORRELATION_ID] net.authorize.util.HttpClient            : Defaulting to non-proxy environment
2026-01-05 19:21:01.994 ERROR [ool-10-thread-1] [NO_CORRELATION_ID] net.authorize.util.HttpCallTask          : Http request execute failed: 'null'
2026-01-05 19:21:01.994  WARN [ool-10-thread-1] [NO_CORRELATION_ID] net.authorize.util.HttpCallTask          : Adding ErrorMessage: Code: 'org.apache.http.client.ClientProtocolException', Text: 'null'
2026-01-05 19:21:01.995 DEBUG [           main] [030e94ea-3a40-428f-bb07-50dd5277846c] net.authorize.util.HttpUtility           : Response: 'net.authorize.api.contract.v1.ANetApiResponse@4d9bf33a'
2026-01-05 19:21:01.995 DEBUG [           main] [030e94ea-3a40-428f-bb07-50dd5277846c] n.a.a.controller.base.ApiOperationBase   : Received Response:'net.authorize.api.contract.v1.ANetApiResponse@4d9bf33a' for request:'net.authorize.api.contract.v1.DeleteCustomerProfileRequest@3aaf31c6'
2026-01-05 19:21:01.995 ERROR [           main] [030e94ea-3a40-428f-bb07-50dd5277846c] n.a.a.controller.base.ApiOperationBase   : Invalid response:'net.authorize.api.contract.v1.ANetApiResponse@4d9bf33a'
2026-01-05 19:21:01.995 ERROR [           main] [030e94ea-3a40-428f-bb07-50dd5277846c] c.t.p.s.AuthorizeNetCustomerService      : Failed to delete customer profile - Profile ID: , Error: Unknown error deleting customer profile, CorrelationId: 030e94ea-3a40-428f-bb07-50dd5277846c
2026-01-05 19:21:01.997 ERROR [           main] [030e94ea-3a40-428f-bb07-50dd5277846c] c.t.p.s.AuthorizeNetCustomerService      : Exception deleting customer profile - Profile ID: , CorrelationId: 030e94ea-3a40-428f-bb07-50dd5277846c

com.talentica.paymentgateway.exception.PaymentProcessingException: Failed to delete customer profile: Unknown error deleting customer profile
	at com.talentica.paymentgateway.service.AuthorizeNetCustomerService.deleteCustomerProfile(AuthorizeNetCustomerService.java:500)
	at com.talentica.paymentgateway.service.AuthorizeNetCustomerServiceUnitTest.lambda$deleteCustomerProfile_WithEmptyId_ShouldThrowException$19(AuthorizeNetCustomerServiceUnitTest.java:312)
	at org.junit.jupiter.api.AssertThrows.assertThrows(AssertThrows.java:53)
	at org.junit.jupiter.api.AssertThrows.assertThrows(AssertThrows.java:35)
	at org.junit.jupiter.api.Assertions.assertThrows(Assertions.java:3115)
	at com.talentica.paymentgateway.service.AuthorizeNetCustomerServiceUnitTest.deleteCustomerProfile_WithEmptyId_ShouldThrowException(AuthorizeNetCustomerServiceUnitTest.java:311)
	at java.base/jdk.internal.reflect.NativeMethodAccessorImpl.invoke0(Native Method)
	at java.base/jdk.internal.reflect.NativeMethodAccessorImpl.invoke(NativeMethodAccessorImpl.java:77)
	at java.base/jdk.internal.reflect.DelegatingMethodAccessorImpl.invoke(DelegatingMethodAccessorImpl.java:43)
	at java.base/java.lang.reflect.Method.invoke(Method.java:568)
	at org.junit.platform.commons.util.ReflectionUtils.invokeMethod(ReflectionUtils.java:728)
	at org.junit.jupiter.engine.execution.MethodInvocation.proceed(MethodInvocation.java:60)
	at org.junit.jupiter.engine.execution.InvocationInterceptorChain$ValidatingInvocation.proceed(InvocationInterceptorChain.java:131)
	at org.junit.jupiter.engine.extension.TimeoutExtension.intercept(TimeoutExtension.java:156)
	at org.junit.jupiter.engine.extension.TimeoutExtension.interceptTestableMethod(TimeoutExtension.java:147)
	at org.junit.jupiter.engine.extension.TimeoutExtension.interceptTestMethod(TimeoutExtension.java:86)
	at org.junit.jupiter.engine.execution.InterceptingExecutableInvoker$ReflectiveInterceptorCall.lambda$ofVoidMethod$0(InterceptingExecutableInvoker.java:103)
	at org.junit.jupiter.engine.execution.InterceptingExecutableInvoker.lambda$invoke$0(InterceptingExecutableInvoker.java:93)
	at org.junit.jupiter.engine.execution.InvocationInterceptorChain$InterceptedInvocation.proceed(InvocationInterceptorChain.java:106)
	at org.junit.jupiter.engine.execution.InvocationInterceptorChain.proceed(InvocationInterceptorChain.java:64)
	at org.junit.jupiter.engine.execution.InvocationInterceptorChain.chainAndInvoke(InvocationInterceptorChain.java:45)
	at org.junit.jupiter.engine.execution.InvocationInterceptorChain.invoke(InvocationInterceptorChain.java:37)
	at org.junit.jupiter.engine.execution.InterceptingExecutableInvoker.invoke(InterceptingExecutableInvoker.java:92)
	at org.junit.jupiter.engine.execution.InterceptingExecutableInvoker.invoke(InterceptingExecutableInvoker.java:86)
	at org.junit.jupiter.engine.descriptor.TestMethodTestDescriptor.lambda$invokeTestMethod$7(TestMethodTestDescriptor.java:218)
	at org.junit.platform.engine.support.hierarchical.ThrowableCollector.execute(ThrowableCollector.java:73)
	at org.junit.jupiter.engine.descriptor.TestMethodTestDescriptor.invokeTestMethod(TestMethodTestDescriptor.java:214)
	at org.junit.jupiter.engine.descriptor.TestMethodTestDescriptor.execute(TestMethodTestDescriptor.java:139)
	at org.junit.jupiter.engine.descriptor.TestMethodTestDescriptor.execute(TestMethodTestDescriptor.java:69)
	at org.junit.platform.engine.support.hierarchical.NodeTestTask.lambda$executeRecursively$6(NodeTestTask.java:151)
	at org.junit.platform.engine.support.hierarchical.ThrowableCollector.execute(ThrowableCollector.java:73)
	at org.junit.platform.engine.support.hierarchical.NodeTestTask.lambda$executeRecursively$8(NodeTestTask.java:141)
	at org.junit.platform.engine.support.hierarchical.Node.around(Node.java:137)
	at org.junit.platform.engine.support.hierarchical.NodeTestTask.lambda$executeRecursively$9(NodeTestTask.java:139)
	at org.junit.platform.engine.support.hierarchical.ThrowableCollector.execute(ThrowableCollector.java:73)
	at org.junit.platform.engine.support.hierarchical.NodeTestTask.executeRecursively(NodeTestTask.java:138)
	at org.junit.platform.engine.support.hierarchical.NodeTestTask.execute(NodeTestTask.java:95)
	at java.base/java.util.ArrayList.forEach(ArrayList.java:1511)
	at org.junit.platform.engine.support.hierarchical.SameThreadHierarchicalTestExecutorService.invokeAll(SameThreadHierarchicalTestExecutorService.java:41)
	at org.junit.platform.engine.support.hierarchical.NodeTestTask.lambda$executeRecursively$6(NodeTestTask.java:155)
	at org.junit.platform.engine.support.hierarchical.ThrowableCollector.execute(ThrowableCollector.java:73)
	at org.junit.platform.engine.support.hierarchical.NodeTestTask.lambda$executeRecursively$8(NodeTestTask.java:141)
	at org.junit.platform.engine.support.hierarchical.Node.around(Node.java:137)
	at org.junit.platform.engine.support.hierarchical.NodeTestTask.lambda$executeRecursively$9(NodeTestTask.java:139)
	at org.junit.platform.engine.support.hierarchical.ThrowableCollector.execute(ThrowableCollector.java:73)
	at org.junit.platform.engine.support.hierarchical.NodeTestTask.executeRecursively(NodeTestTask.java:138)
	at org.junit.platform.engine.support.hierarchical.NodeTestTask.execute(NodeTestTask.java:95)
	at java.base/java.util.ArrayList.forEach(ArrayList.java:1511)
	at org.junit.platform.engine.support.hierarchical.SameThreadHierarchicalTestExecutorService.invokeAll(SameThreadHierarchicalTestExecutorService.java:41)
	at org.junit.platform.engine.support.hierarchical.NodeTestTask.lambda$executeRecursively$6(NodeTestTask.java:155)
	at org.junit.platform.engine.support.hierarchical.ThrowableCollector.execute(ThrowableCollector.java:73)
	at org.junit.platform.engine.support.hierarchical.NodeTestTask.lambda$executeRecursively$8(NodeTestTask.java:141)
	at org.junit.platform.engine.support.hierarchical.Node.around(Node.java:137)
	at org.junit.platform.engine.support.hierarchical.NodeTestTask.lambda$executeRecursively$9(NodeTestTask.java:139)
	at org.junit.platform.engine.support.hierarchical.ThrowableCollector.execute(ThrowableCollector.java:73)
	at org.junit.platform.engine.support.hierarchical.NodeTestTask.executeRecursively(NodeTestTask.java:138)
	at org.junit.platform.engine.support.hierarchical.NodeTestTask.execute(NodeTestTask.java:95)
	at org.junit.platform.engine.support.hierarchical.SameThreadHierarchicalTestExecutorService.submit(SameThreadHierarchicalTestExecutorService.java:35)
	at org.junit.platform.engine.support.hierarchical.HierarchicalTestExecutor.execute(HierarchicalTestExecutor.java:57)
	at org.junit.platform.engine.support.hierarchical.HierarchicalTestEngine.execute(HierarchicalTestEngine.java:54)
	at org.junit.platform.launcher.core.EngineExecutionOrchestrator.execute(EngineExecutionOrchestrator.java:198)
	at org.junit.platform.launcher.core.EngineExecutionOrchestrator.execute(EngineExecutionOrchestrator.java:169)
	at org.junit.platform.launcher.core.EngineExecutionOrchestrator.execute(EngineExecutionOrchestrator.java:93)
	at org.junit.platform.launcher.core.EngineExecutionOrchestrator.lambda$execute$0(EngineExecutionOrchestrator.java:58)
	at org.junit.platform.launcher.core.EngineExecutionOrchestrator.withInterceptedStreams(EngineExecutionOrchestrator.java:141)
	at org.junit.platform.launcher.core.EngineExecutionOrchestrator.execute(EngineExecutionOrchestrator.java:57)
	at org.junit.platform.launcher.core.DefaultLauncher.execute(DefaultLauncher.java:103)
	at org.junit.platform.launcher.core.DefaultLauncher.execute(DefaultLauncher.java:85)
	at org.junit.platform.launcher.core.DelegatingLauncher.execute(DelegatingLauncher.java:47)
	at org.junit.platform.launcher.core.SessionPerRequestLauncher.execute(SessionPerRequestLauncher.java:63)
	at org.apache.maven.surefire.junitplatform.JUnitPlatformProvider.execute(JUnitPlatformProvider.java:188)
	at org.apache.maven.surefire.junitplatform.JUnitPlatformProvider.invokeAllTests(JUnitPlatformProvider.java:154)
	at org.apache.maven.surefire.junitplatform.JUnitPlatformProvider.invoke(JUnitPlatformProvider.java:128)
	at org.apache.maven.surefire.booter.ForkedBooter.runSuitesInProcess(ForkedBooter.java:428)
	at org.apache.maven.surefire.booter.ForkedBooter.execute(ForkedBooter.java:162)
	at org.apache.maven.surefire.booter.ForkedBooter.run(ForkedBooter.java:562)
	at org.apache.maven.surefire.booter.ForkedBooter.main(ForkedBooter.java:548)

]]></system-out>
  </testcase>
  <testcase name="getCustomerProfile_WithNullId_ShouldThrowException" classname="com.talentica.paymentgateway.service.AuthorizeNetCustomerServiceUnitTest" time="0.069">
    <system-out><![CDATA[2026-01-05 19:21:02.001  INFO [           main] [030e94ea-3a40-428f-bb07-50dd5277846c] c.t.p.s.AuthorizeNetCustomerService      : Retrieving customer profile - Profile ID: null, CorrelationId: 030e94ea-3a40-428f-bb07-50dd5277846c
2026-01-05 19:21:02.002 DEBUG [           main] [030e94ea-3a40-428f-bb07-50dd5277846c] n.a.a.controller.base.ApiOperationBase   : Creating instance for request:'class net.authorize.api.contract.v1.GetCustomerProfileRequest' and response:'class net.authorize.api.contract.v1.GetCustomerProfileResponse'
2026-01-05 19:21:02.003 DEBUG [           main] [030e94ea-3a40-428f-bb07-50dd5277846c] n.a.a.controller.base.ApiOperationBase   : Request:'net.authorize.api.contract.v1.GetCustomerProfileRequest@2fc4b48c'
2026-01-05 19:21:02.003 DEBUG [           main] [030e94ea-3a40-428f-bb07-50dd5277846c] n.a.a.controller.base.ApiOperationBase   : Executing Request:'net.authorize.api.contract.v1.GetCustomerProfileRequest@2fc4b48c'
2026-01-05 19:21:02.007 DEBUG [ool-11-thread-1] [NO_CORRELATION_ID] net.authorize.util.HttpUtility           : Posting request to Url: 'null/xml/v1/request.api'
2026-01-05 19:21:02.060 DEBUG [ool-11-thread-1] [NO_CORRELATION_ID] net.authorize.util.HttpUtility           : Request: '
<?xml version="1.0" encoding="UTF-8" standalone="yes"?>
<getCustomerProfileRequest xmlns="AnetApi/xml/v1/schema/AnetApiSchema.xsd">
    <merchantAuthentication/>
    <clientId>sdk-java-2.0.3</clientId>
</getCustomerProfileRequest>

'
2026-01-05 19:21:02.062  WARN [ool-11-thread-1] [NO_CORRELATION_ID] net.authorize.util.HttpClient            : Defaulting to non-proxy environment
2026-01-05 19:21:02.064 ERROR [ool-11-thread-1] [NO_CORRELATION_ID] net.authorize.util.HttpCallTask          : Http request execute failed: 'null'
2026-01-05 19:21:02.065  WARN [ool-11-thread-1] [NO_CORRELATION_ID] net.authorize.util.HttpCallTask          : Adding ErrorMessage: Code: 'org.apache.http.client.ClientProtocolException', Text: 'null'
2026-01-05 19:21:02.065 DEBUG [           main] [030e94ea-3a40-428f-bb07-50dd5277846c] net.authorize.util.HttpUtility           : Response: 'net.authorize.api.contract.v1.ANetApiResponse@303d347f'
2026-01-05 19:21:02.065 DEBUG [           main] [030e94ea-3a40-428f-bb07-50dd5277846c] n.a.a.controller.base.ApiOperationBase   : Received Response:'net.authorize.api.contract.v1.ANetApiResponse@303d347f' for request:'net.authorize.api.contract.v1.GetCustomerProfileRequest@2fc4b48c'
2026-01-05 19:21:02.066 ERROR [           main] [030e94ea-3a40-428f-bb07-50dd5277846c] n.a.a.controller.base.ApiOperationBase   : Invalid response:'net.authorize.api.contract.v1.ANetApiResponse@303d347f'
2026-01-05 19:21:02.066 ERROR [           main] [030e94ea-3a40-428f-bb07-50dd5277846c] c.t.p.s.AuthorizeNetCustomerService      : Failed to retrieve customer profile - Profile ID: null, Error: Unknown error retrieving customer profile, CorrelationId: 030e94ea-3a40-428f-bb07-50dd5277846c
2026-01-05 19:21:02.066 ERROR [           main] [030e94ea-3a40-428f-bb07-50dd5277846c] c.t.p.s.AuthorizeNetCustomerService      : Exception retrieving customer profile - Profile ID: null, CorrelationId: 030e94ea-3a40-428f-bb07-50dd5277846c

com.talentica.paymentgateway.exception.PaymentProcessingException: Failed to retrieve customer profile: Unknown error retrieving customer profile
	at com.talentica.paymentgateway.service.AuthorizeNetCustomerService.getCustomerProfile(AuthorizeNetCustomerService.java:239)
	at com.talentica.paymentgateway.service.AuthorizeNetCustomerServiceUnitTest.lambda$getCustomerProfile_WithNullId_ShouldThrowException$12(AuthorizeNetCustomerServiceUnitTest.java:243)
	at org.junit.jupiter.api.AssertThrows.assertThrows(AssertThrows.java:53)
	at org.junit.jupiter.api.AssertThrows.assertThrows(AssertThrows.java:35)
	at org.junit.jupiter.api.Assertions.assertThrows(Assertions.java:3115)
	at com.talentica.paymentgateway.service.AuthorizeNetCustomerServiceUnitTest.getCustomerProfile_WithNullId_ShouldThrowException(AuthorizeNetCustomerServiceUnitTest.java:242)
	at java.base/jdk.internal.reflect.NativeMethodAccessorImpl.invoke0(Native Method)
	at java.base/jdk.internal.reflect.NativeMethodAccessorImpl.invoke(NativeMethodAccessorImpl.java:77)
	at java.base/jdk.internal.reflect.DelegatingMethodAccessorImpl.invoke(DelegatingMethodAccessorImpl.java:43)
	at java.base/java.lang.reflect.Method.invoke(Method.java:568)
	at org.junit.platform.commons.util.ReflectionUtils.invokeMethod(ReflectionUtils.java:728)
	at org.junit.jupiter.engine.execution.MethodInvocation.proceed(MethodInvocation.java:60)
	at org.junit.jupiter.engine.execution.InvocationInterceptorChain$ValidatingInvocation.proceed(InvocationInterceptorChain.java:131)
	at org.junit.jupiter.engine.extension.TimeoutExtension.intercept(TimeoutExtension.java:156)
	at org.junit.jupiter.engine.extension.TimeoutExtension.interceptTestableMethod(TimeoutExtension.java:147)
	at org.junit.jupiter.engine.extension.TimeoutExtension.interceptTestMethod(TimeoutExtension.java:86)
	at org.junit.jupiter.engine.execution.InterceptingExecutableInvoker$ReflectiveInterceptorCall.lambda$ofVoidMethod$0(InterceptingExecutableInvoker.java:103)
	at org.junit.jupiter.engine.execution.InterceptingExecutableInvoker.lambda$invoke$0(InterceptingExecutableInvoker.java:93)
	at org.junit.jupiter.engine.execution.InvocationInterceptorChain$InterceptedInvocation.proceed(InvocationInterceptorChain.java:106)
	at org.junit.jupiter.engine.execution.InvocationInterceptorChain.proceed(InvocationInterceptorChain.java:64)
	at org.junit.jupiter.engine.execution.InvocationInterceptorChain.chainAndInvoke(InvocationInterceptorChain.java:45)
	at org.junit.jupiter.engine.execution.InvocationInterceptorChain.invoke(InvocationInterceptorChain.java:37)
	at org.junit.jupiter.engine.execution.InterceptingExecutableInvoker.invoke(InterceptingExecutableInvoker.java:92)
	at org.junit.jupiter.engine.execution.InterceptingExecutableInvoker.invoke(InterceptingExecutableInvoker.java:86)
	at org.junit.jupiter.engine.descriptor.TestMethodTestDescriptor.lambda$invokeTestMethod$7(TestMethodTestDescriptor.java:218)
	at org.junit.platform.engine.support.hierarchical.ThrowableCollector.execute(ThrowableCollector.java:73)
	at org.junit.jupiter.engine.descriptor.TestMethodTestDescriptor.invokeTestMethod(TestMethodTestDescriptor.java:214)
	at org.junit.jupiter.engine.descriptor.TestMethodTestDescriptor.execute(TestMethodTestDescriptor.java:139)
	at org.junit.jupiter.engine.descriptor.TestMethodTestDescriptor.execute(TestMethodTestDescriptor.java:69)
	at org.junit.platform.engine.support.hierarchical.NodeTestTask.lambda$executeRecursively$6(NodeTestTask.java:151)
	at org.junit.platform.engine.support.hierarchical.ThrowableCollector.execute(ThrowableCollector.java:73)
	at org.junit.platform.engine.support.hierarchical.NodeTestTask.lambda$executeRecursively$8(NodeTestTask.java:141)
	at org.junit.platform.engine.support.hierarchical.Node.around(Node.java:137)
	at org.junit.platform.engine.support.hierarchical.NodeTestTask.lambda$executeRecursively$9(NodeTestTask.java:139)
	at org.junit.platform.engine.support.hierarchical.ThrowableCollector.execute(ThrowableCollector.java:73)
	at org.junit.platform.engine.support.hierarchical.NodeTestTask.executeRecursively(NodeTestTask.java:138)
	at org.junit.platform.engine.support.hierarchical.NodeTestTask.execute(NodeTestTask.java:95)
	at java.base/java.util.ArrayList.forEach(ArrayList.java:1511)
	at org.junit.platform.engine.support.hierarchical.SameThreadHierarchicalTestExecutorService.invokeAll(SameThreadHierarchicalTestExecutorService.java:41)
	at org.junit.platform.engine.support.hierarchical.NodeTestTask.lambda$executeRecursively$6(NodeTestTask.java:155)
	at org.junit.platform.engine.support.hierarchical.ThrowableCollector.execute(ThrowableCollector.java:73)
	at org.junit.platform.engine.support.hierarchical.NodeTestTask.lambda$executeRecursively$8(NodeTestTask.java:141)
	at org.junit.platform.engine.support.hierarchical.Node.around(Node.java:137)
	at org.junit.platform.engine.support.hierarchical.NodeTestTask.lambda$executeRecursively$9(NodeTestTask.java:139)
	at org.junit.platform.engine.support.hierarchical.ThrowableCollector.execute(ThrowableCollector.java:73)
	at org.junit.platform.engine.support.hierarchical.NodeTestTask.executeRecursively(NodeTestTask.java:138)
	at org.junit.platform.engine.support.hierarchical.NodeTestTask.execute(NodeTestTask.java:95)
	at java.base/java.util.ArrayList.forEach(ArrayList.java:1511)
	at org.junit.platform.engine.support.hierarchical.SameThreadHierarchicalTestExecutorService.invokeAll(SameThreadHierarchicalTestExecutorService.java:41)
	at org.junit.platform.engine.support.hierarchical.NodeTestTask.lambda$executeRecursively$6(NodeTestTask.java:155)
	at org.junit.platform.engine.support.hierarchical.ThrowableCollector.execute(ThrowableCollector.java:73)
	at org.junit.platform.engine.support.hierarchical.NodeTestTask.lambda$executeRecursively$8(NodeTestTask.java:141)
	at org.junit.platform.engine.support.hierarchical.Node.around(Node.java:137)
	at org.junit.platform.engine.support.hierarchical.NodeTestTask.lambda$executeRecursively$9(NodeTestTask.java:139)
	at org.junit.platform.engine.support.hierarchical.ThrowableCollector.execute(ThrowableCollector.java:73)
	at org.junit.platform.engine.support.hierarchical.NodeTestTask.executeRecursively(NodeTestTask.java:138)
	at org.junit.platform.engine.support.hierarchical.NodeTestTask.execute(NodeTestTask.java:95)
	at org.junit.platform.engine.support.hierarchical.SameThreadHierarchicalTestExecutorService.submit(SameThreadHierarchicalTestExecutorService.java:35)
	at org.junit.platform.engine.support.hierarchical.HierarchicalTestExecutor.execute(HierarchicalTestExecutor.java:57)
	at org.junit.platform.engine.support.hierarchical.HierarchicalTestEngine.execute(HierarchicalTestEngine.java:54)
	at org.junit.platform.launcher.core.EngineExecutionOrchestrator.execute(EngineExecutionOrchestrator.java:198)
	at org.junit.platform.launcher.core.EngineExecutionOrchestrator.execute(EngineExecutionOrchestrator.java:169)
	at org.junit.platform.launcher.core.EngineExecutionOrchestrator.execute(EngineExecutionOrchestrator.java:93)
	at org.junit.platform.launcher.core.EngineExecutionOrchestrator.lambda$execute$0(EngineExecutionOrchestrator.java:58)
	at org.junit.platform.launcher.core.EngineExecutionOrchestrator.withInterceptedStreams(EngineExecutionOrchestrator.java:141)
	at org.junit.platform.launcher.core.EngineExecutionOrchestrator.execute(EngineExecutionOrchestrator.java:57)
	at org.junit.platform.launcher.core.DefaultLauncher.execute(DefaultLauncher.java:103)
	at org.junit.platform.launcher.core.DefaultLauncher.execute(DefaultLauncher.java:85)
	at org.junit.platform.launcher.core.DelegatingLauncher.execute(DelegatingLauncher.java:47)
	at org.junit.platform.launcher.core.SessionPerRequestLauncher.execute(SessionPerRequestLauncher.java:63)
	at org.apache.maven.surefire.junitplatform.JUnitPlatformProvider.execute(JUnitPlatformProvider.java:188)
	at org.apache.maven.surefire.junitplatform.JUnitPlatformProvider.invokeAllTests(JUnitPlatformProvider.java:154)
	at org.apache.maven.surefire.junitplatform.JUnitPlatformProvider.invoke(JUnitPlatformProvider.java:128)
	at org.apache.maven.surefire.booter.ForkedBooter.runSuitesInProcess(ForkedBooter.java:428)
	at org.apache.maven.surefire.booter.ForkedBooter.execute(ForkedBooter.java:162)
	at org.apache.maven.surefire.booter.ForkedBooter.run(ForkedBooter.java:562)
	at org.apache.maven.surefire.booter.ForkedBooter.main(ForkedBooter.java:548)

]]></system-out>
  </testcase>
  <testcase name="createCustomerProfile_WithInvalidCustomerData_ShouldThrowException" classname="com.talentica.paymentgateway.service.AuthorizeNetCustomerServiceUnitTest" time="0.092">
    <system-out><![CDATA[2026-01-05 19:21:02.073  INFO [           main] [030e94ea-3a40-428f-bb07-50dd5277846c] c.t.p.s.AuthorizeNetCustomerService      : Setting customer profile description to: 'Customer null' for customer: null
2026-01-05 19:21:02.074  INFO [           main] [030e94ea-3a40-428f-bb07-50dd5277846c] c.t.p.s.AuthorizeNetCustomerService      : Creating Authorize.Net customer profile - Customer ID: null, Email: null, CorrelationId: 030e94ea-3a40-428f-bb07-50dd5277846c
2026-01-05 19:21:02.076 DEBUG [           main] [030e94ea-3a40-428f-bb07-50dd5277846c] n.a.a.controller.base.ApiOperationBase   : Creating instance for request:'class net.authorize.api.contract.v1.CreateCustomerProfileRequest' and response:'class net.authorize.api.contract.v1.CreateCustomerProfileResponse'
2026-01-05 19:21:02.077 DEBUG [           main] [030e94ea-3a40-428f-bb07-50dd5277846c] n.a.a.controller.base.ApiOperationBase   : Request:'net.authorize.api.contract.v1.CreateCustomerProfileRequest@5b880bab'
2026-01-05 19:21:02.078 DEBUG [           main] [030e94ea-3a40-428f-bb07-50dd5277846c] n.a.a.controller.base.ApiOperationBase   : Executing Request:'net.authorize.api.contract.v1.CreateCustomerProfileRequest@5b880bab'
2026-01-05 19:21:02.083 DEBUG [ool-12-thread-1] [NO_CORRELATION_ID] net.authorize.util.HttpUtility           : Posting request to Url: 'null/xml/v1/request.api'
2026-01-05 19:21:02.151 DEBUG [ool-12-thread-1] [NO_CORRELATION_ID] net.authorize.util.HttpUtility           : Request: '
<?xml version="1.0" encoding="UTF-8" standalone="yes"?>
<createCustomerProfileRequest xmlns="AnetApi/xml/v1/schema/AnetApiSchema.xsd">
    <merchantAuthentication/>
    <clientId>sdk-java-2.0.3</clientId>
    <profile>
        <description>Customer null</description>
    </profile>
</createCustomerProfileRequest>

'
2026-01-05 19:21:02.153  WARN [ool-12-thread-1] [NO_CORRELATION_ID] net.authorize.util.HttpClient            : Defaulting to non-proxy environment
2026-01-05 19:21:02.155 ERROR [ool-12-thread-1] [NO_CORRELATION_ID] net.authorize.util.HttpCallTask          : Http request execute failed: 'null'
2026-01-05 19:21:02.155  WARN [ool-12-thread-1] [NO_CORRELATION_ID] net.authorize.util.HttpCallTask          : Adding ErrorMessage: Code: 'org.apache.http.client.ClientProtocolException', Text: 'null'
2026-01-05 19:21:02.155 DEBUG [           main] [030e94ea-3a40-428f-bb07-50dd5277846c] net.authorize.util.HttpUtility           : Response: 'net.authorize.api.contract.v1.ANetApiResponse@2566c291'
2026-01-05 19:21:02.155 DEBUG [           main] [030e94ea-3a40-428f-bb07-50dd5277846c] n.a.a.controller.base.ApiOperationBase   : Received Response:'net.authorize.api.contract.v1.ANetApiResponse@2566c291' for request:'net.authorize.api.contract.v1.CreateCustomerProfileRequest@5b880bab'
2026-01-05 19:21:02.156 ERROR [           main] [030e94ea-3a40-428f-bb07-50dd5277846c] n.a.a.controller.base.ApiOperationBase   : Invalid response:'net.authorize.api.contract.v1.ANetApiResponse@2566c291'
2026-01-05 19:21:02.156 ERROR [           main] [030e94ea-3a40-428f-bb07-50dd5277846c] c.t.p.s.AuthorizeNetCustomerService      : â�Œ NULL RESPONSE: Authorize.Net customer profile creation - Customer ID: null, CorrelationId: 030e94ea-3a40-428f-bb07-50dd5277846c
2026-01-05 19:21:02.157 ERROR [           main] [030e94ea-3a40-428f-bb07-50dd5277846c] c.t.p.s.AuthorizeNetCustomerService      : â�Œ EXCEPTION: Customer profile creation - Customer ID: null, CorrelationId: 030e94ea-3a40-428f-bb07-50dd5277846c

com.talentica.paymentgateway.exception.PaymentProcessingException: No response received from Authorize.Net
	at com.talentica.paymentgateway.service.AuthorizeNetCustomerService.createCustomerProfile(AuthorizeNetCustomerService.java:110)
	at com.talentica.paymentgateway.service.AuthorizeNetCustomerServiceUnitTest.lambda$createCustomerProfile_WithInvalidCustomerData_ShouldThrowException$24(AuthorizeNetCustomerServiceUnitTest.java:369)
	at org.junit.jupiter.api.AssertThrows.assertThrows(AssertThrows.java:53)
	at org.junit.jupiter.api.AssertThrows.assertThrows(AssertThrows.java:35)
	at org.junit.jupiter.api.Assertions.assertThrows(Assertions.java:3115)
	at com.talentica.paymentgateway.service.AuthorizeNetCustomerServiceUnitTest.createCustomerProfile_WithInvalidCustomerData_ShouldThrowException(AuthorizeNetCustomerServiceUnitTest.java:368)
	at java.base/jdk.internal.reflect.NativeMethodAccessorImpl.invoke0(Native Method)
	at java.base/jdk.internal.reflect.NativeMethodAccessorImpl.invoke(NativeMethodAccessorImpl.java:77)
	at java.base/jdk.internal.reflect.DelegatingMethodAccessorImpl.invoke(DelegatingMethodAccessorImpl.java:43)
	at java.base/java.lang.reflect.Method.invoke(Method.java:568)
	at org.junit.platform.commons.util.ReflectionUtils.invokeMethod(ReflectionUtils.java:728)
	at org.junit.jupiter.engine.execution.MethodInvocation.proceed(MethodInvocation.java:60)
	at org.junit.jupiter.engine.execution.InvocationInterceptorChain$ValidatingInvocation.proceed(InvocationInterceptorChain.java:131)
	at org.junit.jupiter.engine.extension.TimeoutExtension.intercept(TimeoutExtension.java:156)
	at org.junit.jupiter.engine.extension.TimeoutExtension.interceptTestableMethod(TimeoutExtension.java:147)
	at org.junit.jupiter.engine.extension.TimeoutExtension.interceptTestMethod(TimeoutExtension.java:86)
	at org.junit.jupiter.engine.execution.InterceptingExecutableInvoker$ReflectiveInterceptorCall.lambda$ofVoidMethod$0(InterceptingExecutableInvoker.java:103)
	at org.junit.jupiter.engine.execution.InterceptingExecutableInvoker.lambda$invoke$0(InterceptingExecutableInvoker.java:93)
	at org.junit.jupiter.engine.execution.InvocationInterceptorChain$InterceptedInvocation.proceed(InvocationInterceptorChain.java:106)
	at org.junit.jupiter.engine.execution.InvocationInterceptorChain.proceed(InvocationInterceptorChain.java:64)
	at org.junit.jupiter.engine.execution.InvocationInterceptorChain.chainAndInvoke(InvocationInterceptorChain.java:45)
	at org.junit.jupiter.engine.execution.InvocationInterceptorChain.invoke(InvocationInterceptorChain.java:37)
	at org.junit.jupiter.engine.execution.InterceptingExecutableInvoker.invoke(InterceptingExecutableInvoker.java:92)
	at org.junit.jupiter.engine.execution.InterceptingExecutableInvoker.invoke(InterceptingExecutableInvoker.java:86)
	at org.junit.jupiter.engine.descriptor.TestMethodTestDescriptor.lambda$invokeTestMethod$7(TestMethodTestDescriptor.java:218)
	at org.junit.platform.engine.support.hierarchical.ThrowableCollector.execute(ThrowableCollector.java:73)
	at org.junit.jupiter.engine.descriptor.TestMethodTestDescriptor.invokeTestMethod(TestMethodTestDescriptor.java:214)
	at org.junit.jupiter.engine.descriptor.TestMethodTestDescriptor.execute(TestMethodTestDescriptor.java:139)
	at org.junit.jupiter.engine.descriptor.TestMethodTestDescriptor.execute(TestMethodTestDescriptor.java:69)
	at org.junit.platform.engine.support.hierarchical.NodeTestTask.lambda$executeRecursively$6(NodeTestTask.java:151)
	at org.junit.platform.engine.support.hierarchical.ThrowableCollector.execute(ThrowableCollector.java:73)
	at org.junit.platform.engine.support.hierarchical.NodeTestTask.lambda$executeRecursively$8(NodeTestTask.java:141)
	at org.junit.platform.engine.support.hierarchical.Node.around(Node.java:137)
	at org.junit.platform.engine.support.hierarchical.NodeTestTask.lambda$executeRecursively$9(NodeTestTask.java:139)
	at org.junit.platform.engine.support.hierarchical.ThrowableCollector.execute(ThrowableCollector.java:73)
	at org.junit.platform.engine.support.hierarchical.NodeTestTask.executeRecursively(NodeTestTask.java:138)
	at org.junit.platform.engine.support.hierarchical.NodeTestTask.execute(NodeTestTask.java:95)
	at java.base/java.util.ArrayList.forEach(ArrayList.java:1511)
	at org.junit.platform.engine.support.hierarchical.SameThreadHierarchicalTestExecutorService.invokeAll(SameThreadHierarchicalTestExecutorService.java:41)
	at org.junit.platform.engine.support.hierarchical.NodeTestTask.lambda$executeRecursively$6(NodeTestTask.java:155)
	at org.junit.platform.engine.support.hierarchical.ThrowableCollector.execute(ThrowableCollector.java:73)
	at org.junit.platform.engine.support.hierarchical.NodeTestTask.lambda$executeRecursively$8(NodeTestTask.java:141)
	at org.junit.platform.engine.support.hierarchical.Node.around(Node.java:137)
	at org.junit.platform.engine.support.hierarchical.NodeTestTask.lambda$executeRecursively$9(NodeTestTask.java:139)
	at org.junit.platform.engine.support.hierarchical.ThrowableCollector.execute(ThrowableCollector.java:73)
	at org.junit.platform.engine.support.hierarchical.NodeTestTask.executeRecursively(NodeTestTask.java:138)
	at org.junit.platform.engine.support.hierarchical.NodeTestTask.execute(NodeTestTask.java:95)
	at java.base/java.util.ArrayList.forEach(ArrayList.java:1511)
	at org.junit.platform.engine.support.hierarchical.SameThreadHierarchicalTestExecutorService.invokeAll(SameThreadHierarchicalTestExecutorService.java:41)
	at org.junit.platform.engine.support.hierarchical.NodeTestTask.lambda$executeRecursively$6(NodeTestTask.java:155)
	at org.junit.platform.engine.support.hierarchical.ThrowableCollector.execute(ThrowableCollector.java:73)
	at org.junit.platform.engine.support.hierarchical.NodeTestTask.lambda$executeRecursively$8(NodeTestTask.java:141)
	at org.junit.platform.engine.support.hierarchical.Node.around(Node.java:137)
	at org.junit.platform.engine.support.hierarchical.NodeTestTask.lambda$executeRecursively$9(NodeTestTask.java:139)
	at org.junit.platform.engine.support.hierarchical.ThrowableCollector.execute(ThrowableCollector.java:73)
	at org.junit.platform.engine.support.hierarchical.NodeTestTask.executeRecursively(NodeTestTask.java:138)
	at org.junit.platform.engine.support.hierarchical.NodeTestTask.execute(NodeTestTask.java:95)
	at org.junit.platform.engine.support.hierarchical.SameThreadHierarchicalTestExecutorService.submit(SameThreadHierarchicalTestExecutorService.java:35)
	at org.junit.platform.engine.support.hierarchical.HierarchicalTestExecutor.execute(HierarchicalTestExecutor.java:57)
	at org.junit.platform.engine.support.hierarchical.HierarchicalTestEngine.execute(HierarchicalTestEngine.java:54)
	at org.junit.platform.launcher.core.EngineExecutionOrchestrator.execute(EngineExecutionOrchestrator.java:198)
	at org.junit.platform.launcher.core.EngineExecutionOrchestrator.execute(EngineExecutionOrchestrator.java:169)
	at org.junit.platform.launcher.core.EngineExecutionOrchestrator.execute(EngineExecutionOrchestrator.java:93)
	at org.junit.platform.launcher.core.EngineExecutionOrchestrator.lambda$execute$0(EngineExecutionOrchestrator.java:58)
	at org.junit.platform.launcher.core.EngineExecutionOrchestrator.withInterceptedStreams(EngineExecutionOrchestrator.java:141)
	at org.junit.platform.launcher.core.EngineExecutionOrchestrator.execute(EngineExecutionOrchestrator.java:57)
	at org.junit.platform.launcher.core.DefaultLauncher.execute(DefaultLauncher.java:103)
	at org.junit.platform.launcher.core.DefaultLauncher.execute(DefaultLauncher.java:85)
	at org.junit.platform.launcher.core.DelegatingLauncher.execute(DelegatingLauncher.java:47)
	at org.junit.platform.launcher.core.SessionPerRequestLauncher.execute(SessionPerRequestLauncher.java:63)
	at org.apache.maven.surefire.junitplatform.JUnitPlatformProvider.execute(JUnitPlatformProvider.java:188)
	at org.apache.maven.surefire.junitplatform.JUnitPlatformProvider.invokeAllTests(JUnitPlatformProvider.java:154)
	at org.apache.maven.surefire.junitplatform.JUnitPlatformProvider.invoke(JUnitPlatformProvider.java:128)
	at org.apache.maven.surefire.booter.ForkedBooter.runSuitesInProcess(ForkedBooter.java:428)
	at org.apache.maven.surefire.booter.ForkedBooter.execute(ForkedBooter.java:162)
	at org.apache.maven.surefire.booter.ForkedBooter.run(ForkedBooter.java:562)
	at org.apache.maven.surefire.booter.ForkedBooter.main(ForkedBooter.java:548)

]]></system-out>
  </testcase>
  <testcase name="createPaymentProfile_WithNoBillingAddress_ShouldThrowException" classname="com.talentica.paymentgateway.service.AuthorizeNetCustomerServiceUnitTest" time="0.083">
    <system-out><![CDATA[2026-01-05 19:21:02.165  INFO [           main] [030e94ea-3a40-428f-bb07-50dd5277846c] c.t.p.s.AuthorizeNetCustomerService      : Creating payment profile - Customer Profile ID: 12345, Payment Type: null, CorrelationId: 030e94ea-3a40-428f-bb07-50dd5277846c
2026-01-05 19:21:02.167 DEBUG [           main] [030e94ea-3a40-428f-bb07-50dd5277846c] n.a.a.controller.base.ApiOperationBase   : Creating instance for request:'class net.authorize.api.contract.v1.CreateCustomerPaymentProfileRequest' and response:'class net.authorize.api.contract.v1.CreateCustomerPaymentProfileResponse'
2026-01-05 19:21:02.168 DEBUG [           main] [030e94ea-3a40-428f-bb07-50dd5277846c] n.a.a.controller.base.ApiOperationBase   : Request:'net.authorize.api.contract.v1.CreateCustomerPaymentProfileRequest@25bb37e0'
2026-01-05 19:21:02.168 DEBUG [           main] [030e94ea-3a40-428f-bb07-50dd5277846c] n.a.a.controller.base.ApiOperationBase   : Executing Request:'net.authorize.api.contract.v1.CreateCustomerPaymentProfileRequest@25bb37e0'
2026-01-05 19:21:02.172 DEBUG [ool-13-thread-1] [NO_CORRELATION_ID] net.authorize.util.HttpUtility           : Posting request to Url: 'null/xml/v1/request.api'
2026-01-05 19:21:02.237 DEBUG [ool-13-thread-1] [NO_CORRELATION_ID] net.authorize.util.HttpUtility           : Request: '
<?xml version="1.0" encoding="UTF-8" standalone="yes"?>
<createCustomerPaymentProfileRequest xmlns="AnetApi/xml/v1/schema/AnetApiSchema.xsd">
    <merchantAuthentication/>
    <clientId>sdk-java-2.0.3</clientId>
    <customerProfileId>12345</customerProfileId>
    <paymentProfile>
        <billTo>
            <firstName>John</firstName>
            <lastName>Doe</lastName>
            <address>123 Main St</address>
            <city>Anytown</city>
            <state>CA</state>
            <zip>12345</zip>
            <country>US</country>
        </billTo>
        <payment/>
    </paymentProfile>
</createCustomerPaymentProfileRequest>

'
2026-01-05 19:21:02.239  WARN [ool-13-thread-1] [NO_CORRELATION_ID] net.authorize.util.HttpClient            : Defaulting to non-proxy environment
2026-01-05 19:21:02.241 ERROR [ool-13-thread-1] [NO_CORRELATION_ID] net.authorize.util.HttpCallTask          : Http request execute failed: 'null'
2026-01-05 19:21:02.242  WARN [ool-13-thread-1] [NO_CORRELATION_ID] net.authorize.util.HttpCallTask          : Adding ErrorMessage: Code: 'org.apache.http.client.ClientProtocolException', Text: 'null'
2026-01-05 19:21:02.242 DEBUG [           main] [030e94ea-3a40-428f-bb07-50dd5277846c] net.authorize.util.HttpUtility           : Response: 'net.authorize.api.contract.v1.ANetApiResponse@80d022'
2026-01-05 19:21:02.242 DEBUG [           main] [030e94ea-3a40-428f-bb07-50dd5277846c] n.a.a.controller.base.ApiOperationBase   : Received Response:'net.authorize.api.contract.v1.ANetApiResponse@80d022' for request:'net.authorize.api.contract.v1.CreateCustomerPaymentProfileRequest@25bb37e0'
2026-01-05 19:21:02.243 ERROR [           main] [030e94ea-3a40-428f-bb07-50dd5277846c] n.a.a.controller.base.ApiOperationBase   : Invalid response:'net.authorize.api.contract.v1.ANetApiResponse@80d022'
2026-01-05 19:21:02.243 ERROR [           main] [030e94ea-3a40-428f-bb07-50dd5277846c] c.t.p.s.AuthorizeNetCustomerService      : Failed to create payment profile - Customer Profile ID: 12345, Error: Unknown error creating payment profile, CorrelationId: 030e94ea-3a40-428f-bb07-50dd5277846c
2026-01-05 19:21:02.243 ERROR [           main] [030e94ea-3a40-428f-bb07-50dd5277846c] c.t.p.s.AuthorizeNetCustomerService      : Exception creating payment profile - Customer Profile ID: 12345, CorrelationId: 030e94ea-3a40-428f-bb07-50dd5277846c

com.talentica.paymentgateway.exception.PaymentProcessingException: Failed to create payment profile in Authorize.Net: Unknown error creating payment profile
	at com.talentica.paymentgateway.service.AuthorizeNetCustomerService.createPaymentProfile(AuthorizeNetCustomerService.java:190)
	at com.talentica.paymentgateway.service.AuthorizeNetCustomerServiceUnitTest.lambda$createPaymentProfile_WithNoBillingAddress_ShouldThrowException$10(AuthorizeNetCustomerServiceUnitTest.java:220)
	at org.junit.jupiter.api.AssertThrows.assertThrows(AssertThrows.java:53)
	at org.junit.jupiter.api.AssertThrows.assertThrows(AssertThrows.java:35)
	at org.junit.jupiter.api.Assertions.assertThrows(Assertions.java:3115)
	at com.talentica.paymentgateway.service.AuthorizeNetCustomerServiceUnitTest.createPaymentProfile_WithNoBillingAddress_ShouldThrowException(AuthorizeNetCustomerServiceUnitTest.java:219)
	at java.base/jdk.internal.reflect.NativeMethodAccessorImpl.invoke0(Native Method)
	at java.base/jdk.internal.reflect.NativeMethodAccessorImpl.invoke(NativeMethodAccessorImpl.java:77)
	at java.base/jdk.internal.reflect.DelegatingMethodAccessorImpl.invoke(DelegatingMethodAccessorImpl.java:43)
	at java.base/java.lang.reflect.Method.invoke(Method.java:568)
	at org.junit.platform.commons.util.ReflectionUtils.invokeMethod(ReflectionUtils.java:728)
	at org.junit.jupiter.engine.execution.MethodInvocation.proceed(MethodInvocation.java:60)
	at org.junit.jupiter.engine.execution.InvocationInterceptorChain$ValidatingInvocation.proceed(InvocationInterceptorChain.java:131)
	at org.junit.jupiter.engine.extension.TimeoutExtension.intercept(TimeoutExtension.java:156)
	at org.junit.jupiter.engine.extension.TimeoutExtension.interceptTestableMethod(TimeoutExtension.java:147)
	at org.junit.jupiter.engine.extension.TimeoutExtension.interceptTestMethod(TimeoutExtension.java:86)
	at org.junit.jupiter.engine.execution.InterceptingExecutableInvoker$ReflectiveInterceptorCall.lambda$ofVoidMethod$0(InterceptingExecutableInvoker.java:103)
	at org.junit.jupiter.engine.execution.InterceptingExecutableInvoker.lambda$invoke$0(InterceptingExecutableInvoker.java:93)
	at org.junit.jupiter.engine.execution.InvocationInterceptorChain$InterceptedInvocation.proceed(InvocationInterceptorChain.java:106)
	at org.junit.jupiter.engine.execution.InvocationInterceptorChain.proceed(InvocationInterceptorChain.java:64)
	at org.junit.jupiter.engine.execution.InvocationInterceptorChain.chainAndInvoke(InvocationInterceptorChain.java:45)
	at org.junit.jupiter.engine.execution.InvocationInterceptorChain.invoke(InvocationInterceptorChain.java:37)
	at org.junit.jupiter.engine.execution.InterceptingExecutableInvoker.invoke(InterceptingExecutableInvoker.java:92)
	at org.junit.jupiter.engine.execution.InterceptingExecutableInvoker.invoke(InterceptingExecutableInvoker.java:86)
	at org.junit.jupiter.engine.descriptor.TestMethodTestDescriptor.lambda$invokeTestMethod$7(TestMethodTestDescriptor.java:218)
	at org.junit.platform.engine.support.hierarchical.ThrowableCollector.execute(ThrowableCollector.java:73)
	at org.junit.jupiter.engine.descriptor.TestMethodTestDescriptor.invokeTestMethod(TestMethodTestDescriptor.java:214)
	at org.junit.jupiter.engine.descriptor.TestMethodTestDescriptor.execute(TestMethodTestDescriptor.java:139)
	at org.junit.jupiter.engine.descriptor.TestMethodTestDescriptor.execute(TestMethodTestDescriptor.java:69)
	at org.junit.platform.engine.support.hierarchical.NodeTestTask.lambda$executeRecursively$6(NodeTestTask.java:151)
	at org.junit.platform.engine.support.hierarchical.ThrowableCollector.execute(ThrowableCollector.java:73)
	at org.junit.platform.engine.support.hierarchical.NodeTestTask.lambda$executeRecursively$8(NodeTestTask.java:141)
	at org.junit.platform.engine.support.hierarchical.Node.around(Node.java:137)
	at org.junit.platform.engine.support.hierarchical.NodeTestTask.lambda$executeRecursively$9(NodeTestTask.java:139)
	at org.junit.platform.engine.support.hierarchical.ThrowableCollector.execute(ThrowableCollector.java:73)
	at org.junit.platform.engine.support.hierarchical.NodeTestTask.executeRecursively(NodeTestTask.java:138)
	at org.junit.platform.engine.support.hierarchical.NodeTestTask.execute(NodeTestTask.java:95)
	at java.base/java.util.ArrayList.forEach(ArrayList.java:1511)
	at org.junit.platform.engine.support.hierarchical.SameThreadHierarchicalTestExecutorService.invokeAll(SameThreadHierarchicalTestExecutorService.java:41)
	at org.junit.platform.engine.support.hierarchical.NodeTestTask.lambda$executeRecursively$6(NodeTestTask.java:155)
	at org.junit.platform.engine.support.hierarchical.ThrowableCollector.execute(ThrowableCollector.java:73)
	at org.junit.platform.engine.support.hierarchical.NodeTestTask.lambda$executeRecursively$8(NodeTestTask.java:141)
	at org.junit.platform.engine.support.hierarchical.Node.around(Node.java:137)
	at org.junit.platform.engine.support.hierarchical.NodeTestTask.lambda$executeRecursively$9(NodeTestTask.java:139)
	at org.junit.platform.engine.support.hierarchical.ThrowableCollector.execute(ThrowableCollector.java:73)
	at org.junit.platform.engine.support.hierarchical.NodeTestTask.executeRecursively(NodeTestTask.java:138)
	at org.junit.platform.engine.support.hierarchical.NodeTestTask.execute(NodeTestTask.java:95)
	at java.base/java.util.ArrayList.forEach(ArrayList.java:1511)
	at org.junit.platform.engine.support.hierarchical.SameThreadHierarchicalTestExecutorService.invokeAll(SameThreadHierarchicalTestExecutorService.java:41)
	at org.junit.platform.engine.support.hierarchical.NodeTestTask.lambda$executeRecursively$6(NodeTestTask.java:155)
	at org.junit.platform.engine.support.hierarchical.ThrowableCollector.execute(ThrowableCollector.java:73)
	at org.junit.platform.engine.support.hierarchical.NodeTestTask.lambda$executeRecursively$8(NodeTestTask.java:141)
	at org.junit.platform.engine.support.hierarchical.Node.around(Node.java:137)
	at org.junit.platform.engine.support.hierarchical.NodeTestTask.lambda$executeRecursively$9(NodeTestTask.java:139)
	at org.junit.platform.engine.support.hierarchical.ThrowableCollector.execute(ThrowableCollector.java:73)
	at org.junit.platform.engine.support.hierarchical.NodeTestTask.executeRecursively(NodeTestTask.java:138)
	at org.junit.platform.engine.support.hierarchical.NodeTestTask.execute(NodeTestTask.java:95)
	at org.junit.platform.engine.support.hierarchical.SameThreadHierarchicalTestExecutorService.submit(SameThreadHierarchicalTestExecutorService.java:35)
	at org.junit.platform.engine.support.hierarchical.HierarchicalTestExecutor.execute(HierarchicalTestExecutor.java:57)
	at org.junit.platform.engine.support.hierarchical.HierarchicalTestEngine.execute(HierarchicalTestEngine.java:54)
	at org.junit.platform.launcher.core.EngineExecutionOrchestrator.execute(EngineExecutionOrchestrator.java:198)
	at org.junit.platform.launcher.core.EngineExecutionOrchestrator.execute(EngineExecutionOrchestrator.java:169)
	at org.junit.platform.launcher.core.EngineExecutionOrchestrator.execute(EngineExecutionOrchestrator.java:93)
	at org.junit.platform.launcher.core.EngineExecutionOrchestrator.lambda$execute$0(EngineExecutionOrchestrator.java:58)
	at org.junit.platform.launcher.core.EngineExecutionOrchestrator.withInterceptedStreams(EngineExecutionOrchestrator.java:141)
	at org.junit.platform.launcher.core.EngineExecutionOrchestrator.execute(EngineExecutionOrchestrator.java:57)
	at org.junit.platform.launcher.core.DefaultLauncher.execute(DefaultLauncher.java:103)
	at org.junit.platform.launcher.core.DefaultLauncher.execute(DefaultLauncher.java:85)
	at org.junit.platform.launcher.core.DelegatingLauncher.execute(DelegatingLauncher.java:47)
	at org.junit.platform.launcher.core.SessionPerRequestLauncher.execute(SessionPerRequestLauncher.java:63)
	at org.apache.maven.surefire.junitplatform.JUnitPlatformProvider.execute(JUnitPlatformProvider.java:188)
	at org.apache.maven.surefire.junitplatform.JUnitPlatformProvider.invokeAllTests(JUnitPlatformProvider.java:154)
	at org.apache.maven.surefire.junitplatform.JUnitPlatformProvider.invoke(JUnitPlatformProvider.java:128)
	at org.apache.maven.surefire.booter.ForkedBooter.runSuitesInProcess(ForkedBooter.java:428)
	at org.apache.maven.surefire.booter.ForkedBooter.execute(ForkedBooter.java:162)
	at org.apache.maven.surefire.booter.ForkedBooter.run(ForkedBooter.java:562)
	at org.apache.maven.surefire.booter.ForkedBooter.main(ForkedBooter.java:548)

]]></system-out>
  </testcase>
  <testcase name="getCustomerProfile_WithEmptyId_ShouldThrowException" classname="com.talentica.paymentgateway.service.AuthorizeNetCustomerServiceUnitTest" time="0.023">
    <system-out><![CDATA[2026-01-05 19:21:02.249  INFO [           main] [030e94ea-3a40-428f-bb07-50dd5277846c] c.t.p.s.AuthorizeNetCustomerService      : Retrieving customer profile - Profile ID: , CorrelationId: 030e94ea-3a40-428f-bb07-50dd5277846c
2026-01-05 19:21:02.249 DEBUG [           main] [030e94ea-3a40-428f-bb07-50dd5277846c] n.a.a.controller.base.ApiOperationBase   : Creating instance for request:'class net.authorize.api.contract.v1.GetCustomerProfileRequest' and response:'class net.authorize.api.contract.v1.GetCustomerProfileResponse'
2026-01-05 19:21:02.250 DEBUG [           main] [030e94ea-3a40-428f-bb07-50dd5277846c] n.a.a.controller.base.ApiOperationBase   : Request:'net.authorize.api.contract.v1.GetCustomerProfileRequest@3e54a93a'
2026-01-05 19:21:02.251 DEBUG [           main] [030e94ea-3a40-428f-bb07-50dd5277846c] n.a.a.controller.base.ApiOperationBase   : Executing Request:'net.authorize.api.contract.v1.GetCustomerProfileRequest@3e54a93a'
2026-01-05 19:21:02.256 DEBUG [ool-14-thread-1] [NO_CORRELATION_ID] net.authorize.util.HttpUtility           : Posting request to Url: 'null/xml/v1/request.api'
2026-01-05 19:21:02.258 DEBUG [ool-14-thread-1] [NO_CORRELATION_ID] net.authorize.util.HttpUtility           : Request: '
<?xml version="1.0" encoding="UTF-8" standalone="yes"?>
<getCustomerProfileRequest xmlns="AnetApi/xml/v1/schema/AnetApiSchema.xsd">
    <merchantAuthentication/>
    <clientId>sdk-java-2.0.3</clientId>
    <customerProfileId></customerProfileId>
</getCustomerProfileRequest>

'
2026-01-05 19:21:02.261  WARN [ool-14-thread-1] [NO_CORRELATION_ID] net.authorize.util.HttpClient            : Defaulting to non-proxy environment
2026-01-05 19:21:02.264 ERROR [ool-14-thread-1] [NO_CORRELATION_ID] net.authorize.util.HttpCallTask          : Http request execute failed: 'null'
2026-01-05 19:21:02.264  WARN [ool-14-thread-1] [NO_CORRELATION_ID] net.authorize.util.HttpCallTask          : Adding ErrorMessage: Code: 'org.apache.http.client.ClientProtocolException', Text: 'null'
2026-01-05 19:21:02.265 DEBUG [           main] [030e94ea-3a40-428f-bb07-50dd5277846c] net.authorize.util.HttpUtility           : Response: 'net.authorize.api.contract.v1.ANetApiResponse@45f38e5a'
2026-01-05 19:21:02.265 DEBUG [           main] [030e94ea-3a40-428f-bb07-50dd5277846c] n.a.a.controller.base.ApiOperationBase   : Received Response:'net.authorize.api.contract.v1.ANetApiResponse@45f38e5a' for request:'net.authorize.api.contract.v1.GetCustomerProfileRequest@3e54a93a'
2026-01-05 19:21:02.266 ERROR [           main] [030e94ea-3a40-428f-bb07-50dd5277846c] n.a.a.controller.base.ApiOperationBase   : Invalid response:'net.authorize.api.contract.v1.ANetApiResponse@45f38e5a'
2026-01-05 19:21:02.266 ERROR [           main] [030e94ea-3a40-428f-bb07-50dd5277846c] c.t.p.s.AuthorizeNetCustomerService      : Failed to retrieve customer profile - Profile ID: , Error: Unknown error retrieving customer profile, CorrelationId: 030e94ea-3a40-428f-bb07-50dd5277846c
2026-01-05 19:21:02.266 ERROR [           main] [030e94ea-3a40-428f-bb07-50dd5277846c] c.t.p.s.AuthorizeNetCustomerService      : Exception retrieving customer profile - Profile ID: , CorrelationId: 030e94ea-3a40-428f-bb07-50dd5277846c

com.talentica.paymentgateway.exception.PaymentProcessingException: Failed to retrieve customer profile: Unknown error retrieving customer profile
	at com.talentica.paymentgateway.service.AuthorizeNetCustomerService.getCustomerProfile(AuthorizeNetCustomerService.java:239)
	at com.talentica.paymentgateway.service.AuthorizeNetCustomerServiceUnitTest.lambda$getCustomerProfile_WithEmptyId_ShouldThrowException$13(AuthorizeNetCustomerServiceUnitTest.java:252)
	at org.junit.jupiter.api.AssertThrows.assertThrows(AssertThrows.java:53)
	at org.junit.jupiter.api.AssertThrows.assertThrows(AssertThrows.java:35)
	at org.junit.jupiter.api.Assertions.assertThrows(Assertions.java:3115)
	at com.talentica.paymentgateway.service.AuthorizeNetCustomerServiceUnitTest.getCustomerProfile_WithEmptyId_ShouldThrowException(AuthorizeNetCustomerServiceUnitTest.java:251)
	at java.base/jdk.internal.reflect.NativeMethodAccessorImpl.invoke0(Native Method)
	at java.base/jdk.internal.reflect.NativeMethodAccessorImpl.invoke(NativeMethodAccessorImpl.java:77)
	at java.base/jdk.internal.reflect.DelegatingMethodAccessorImpl.invoke(DelegatingMethodAccessorImpl.java:43)
	at java.base/java.lang.reflect.Method.invoke(Method.java:568)
	at org.junit.platform.commons.util.ReflectionUtils.invokeMethod(ReflectionUtils.java:728)
	at org.junit.jupiter.engine.execution.MethodInvocation.proceed(MethodInvocation.java:60)
	at org.junit.jupiter.engine.execution.InvocationInterceptorChain$ValidatingInvocation.proceed(InvocationInterceptorChain.java:131)
	at org.junit.jupiter.engine.extension.TimeoutExtension.intercept(TimeoutExtension.java:156)
	at org.junit.jupiter.engine.extension.TimeoutExtension.interceptTestableMethod(TimeoutExtension.java:147)
	at org.junit.jupiter.engine.extension.TimeoutExtension.interceptTestMethod(TimeoutExtension.java:86)
	at org.junit.jupiter.engine.execution.InterceptingExecutableInvoker$ReflectiveInterceptorCall.lambda$ofVoidMethod$0(InterceptingExecutableInvoker.java:103)
	at org.junit.jupiter.engine.execution.InterceptingExecutableInvoker.lambda$invoke$0(InterceptingExecutableInvoker.java:93)
	at org.junit.jupiter.engine.execution.InvocationInterceptorChain$InterceptedInvocation.proceed(InvocationInterceptorChain.java:106)
	at org.junit.jupiter.engine.execution.InvocationInterceptorChain.proceed(InvocationInterceptorChain.java:64)
	at org.junit.jupiter.engine.execution.InvocationInterceptorChain.chainAndInvoke(InvocationInterceptorChain.java:45)
	at org.junit.jupiter.engine.execution.InvocationInterceptorChain.invoke(InvocationInterceptorChain.java:37)
	at org.junit.jupiter.engine.execution.InterceptingExecutableInvoker.invoke(InterceptingExecutableInvoker.java:92)
	at org.junit.jupiter.engine.execution.InterceptingExecutableInvoker.invoke(InterceptingExecutableInvoker.java:86)
	at org.junit.jupiter.engine.descriptor.TestMethodTestDescriptor.lambda$invokeTestMethod$7(TestMethodTestDescriptor.java:218)
	at org.junit.platform.engine.support.hierarchical.ThrowableCollector.execute(ThrowableCollector.java:73)
	at org.junit.jupiter.engine.descriptor.TestMethodTestDescriptor.invokeTestMethod(TestMethodTestDescriptor.java:214)
	at org.junit.jupiter.engine.descriptor.TestMethodTestDescriptor.execute(TestMethodTestDescriptor.java:139)
	at org.junit.jupiter.engine.descriptor.TestMethodTestDescriptor.execute(TestMethodTestDescriptor.java:69)
	at org.junit.platform.engine.support.hierarchical.NodeTestTask.lambda$executeRecursively$6(NodeTestTask.java:151)
	at org.junit.platform.engine.support.hierarchical.ThrowableCollector.execute(ThrowableCollector.java:73)
	at org.junit.platform.engine.support.hierarchical.NodeTestTask.lambda$executeRecursively$8(NodeTestTask.java:141)
	at org.junit.platform.engine.support.hierarchical.Node.around(Node.java:137)
	at org.junit.platform.engine.support.hierarchical.NodeTestTask.lambda$executeRecursively$9(NodeTestTask.java:139)
	at org.junit.platform.engine.support.hierarchical.ThrowableCollector.execute(ThrowableCollector.java:73)
	at org.junit.platform.engine.support.hierarchical.NodeTestTask.executeRecursively(NodeTestTask.java:138)
	at org.junit.platform.engine.support.hierarchical.NodeTestTask.execute(NodeTestTask.java:95)
	at java.base/java.util.ArrayList.forEach(ArrayList.java:1511)
	at org.junit.platform.engine.support.hierarchical.SameThreadHierarchicalTestExecutorService.invokeAll(SameThreadHierarchicalTestExecutorService.java:41)
	at org.junit.platform.engine.support.hierarchical.NodeTestTask.lambda$executeRecursively$6(NodeTestTask.java:155)
	at org.junit.platform.engine.support.hierarchical.ThrowableCollector.execute(ThrowableCollector.java:73)
	at org.junit.platform.engine.support.hierarchical.NodeTestTask.lambda$executeRecursively$8(NodeTestTask.java:141)
	at org.junit.platform.engine.support.hierarchical.Node.around(Node.java:137)
	at org.junit.platform.engine.support.hierarchical.NodeTestTask.lambda$executeRecursively$9(NodeTestTask.java:139)
	at org.junit.platform.engine.support.hierarchical.ThrowableCollector.execute(ThrowableCollector.java:73)
	at org.junit.platform.engine.support.hierarchical.NodeTestTask.executeRecursively(NodeTestTask.java:138)
	at org.junit.platform.engine.support.hierarchical.NodeTestTask.execute(NodeTestTask.java:95)
	at java.base/java.util.ArrayList.forEach(ArrayList.java:1511)
	at org.junit.platform.engine.support.hierarchical.SameThreadHierarchicalTestExecutorService.invokeAll(SameThreadHierarchicalTestExecutorService.java:41)
	at org.junit.platform.engine.support.hierarchical.NodeTestTask.lambda$executeRecursively$6(NodeTestTask.java:155)
	at org.junit.platform.engine.support.hierarchical.ThrowableCollector.execute(ThrowableCollector.java:73)
	at org.junit.platform.engine.support.hierarchical.NodeTestTask.lambda$executeRecursively$8(NodeTestTask.java:141)
	at org.junit.platform.engine.support.hierarchical.Node.around(Node.java:137)
	at org.junit.platform.engine.support.hierarchical.NodeTestTask.lambda$executeRecursively$9(NodeTestTask.java:139)
	at org.junit.platform.engine.support.hierarchical.ThrowableCollector.execute(ThrowableCollector.java:73)
	at org.junit.platform.engine.support.hierarchical.NodeTestTask.executeRecursively(NodeTestTask.java:138)
	at org.junit.platform.engine.support.hierarchical.NodeTestTask.execute(NodeTestTask.java:95)
	at org.junit.platform.engine.support.hierarchical.SameThreadHierarchicalTestExecutorService.submit(SameThreadHierarchicalTestExecutorService.java:35)
	at org.junit.platform.engine.support.hierarchical.HierarchicalTestExecutor.execute(HierarchicalTestExecutor.java:57)
	at org.junit.platform.engine.support.hierarchical.HierarchicalTestEngine.execute(HierarchicalTestEngine.java:54)
	at org.junit.platform.launcher.core.EngineExecutionOrchestrator.execute(EngineExecutionOrchestrator.java:198)
	at org.junit.platform.launcher.core.EngineExecutionOrchestrator.execute(EngineExecutionOrchestrator.java:169)
	at org.junit.platform.launcher.core.EngineExecutionOrchestrator.execute(EngineExecutionOrchestrator.java:93)
	at org.junit.platform.launcher.core.EngineExecutionOrchestrator.lambda$execute$0(EngineExecutionOrchestrator.java:58)
	at org.junit.platform.launcher.core.EngineExecutionOrchestrator.withInterceptedStreams(EngineExecutionOrchestrator.java:141)
	at org.junit.platform.launcher.core.EngineExecutionOrchestrator.execute(EngineExecutionOrchestrator.java:57)
	at org.junit.platform.launcher.core.DefaultLauncher.execute(DefaultLauncher.java:103)
	at org.junit.platform.launcher.core.DefaultLauncher.execute(DefaultLauncher.java:85)
	at org.junit.platform.launcher.core.DelegatingLauncher.execute(DelegatingLauncher.java:47)
	at org.junit.platform.launcher.core.SessionPerRequestLauncher.execute(SessionPerRequestLauncher.java:63)
	at org.apache.maven.surefire.junitplatform.JUnitPlatformProvider.execute(JUnitPlatformProvider.java:188)
	at org.apache.maven.surefire.junitplatform.JUnitPlatformProvider.invokeAllTests(JUnitPlatformProvider.java:154)
	at org.apache.maven.surefire.junitplatform.JUnitPlatformProvider.invoke(JUnitPlatformProvider.java:128)
	at org.apache.maven.surefire.booter.ForkedBooter.runSuitesInProcess(ForkedBooter.java:428)
	at org.apache.maven.surefire.booter.ForkedBooter.execute(ForkedBooter.java:162)
	at org.apache.maven.surefire.booter.ForkedBooter.run(ForkedBooter.java:562)
	at org.apache.maven.surefire.booter.ForkedBooter.main(ForkedBooter.java:548)

]]></system-out>
  </testcase>
  <testcase name="updateCustomerProfile_WithNullCustomer_ShouldThrowException" classname="com.talentica.paymentgateway.service.AuthorizeNetCustomerServiceUnitTest" time="0.004"/>
  <testcase name="createCustomerProfile_WithEmptyCustomerName_ShouldThrowException" classname="com.talentica.paymentgateway.service.AuthorizeNetCustomerServiceUnitTest" time="0.025">
    <system-out><![CDATA[2026-01-05 19:21:02.278  INFO [           main] [030e94ea-3a40-428f-bb07-50dd5277846c] c.t.p.s.AuthorizeNetCustomerService      : Setting customer profile description to: ' ' for customer: null
2026-01-05 19:21:02.278  INFO [           main] [030e94ea-3a40-428f-bb07-50dd5277846c] c.t.p.s.AuthorizeNetCustomerService      : Creating Authorize.Net customer profile - Customer ID: CUST001, Email: null, CorrelationId: 030e94ea-3a40-428f-bb07-50dd5277846c
2026-01-05 19:21:02.279 DEBUG [           main] [030e94ea-3a40-428f-bb07-50dd5277846c] n.a.a.controller.base.ApiOperationBase   : Creating instance for request:'class net.authorize.api.contract.v1.CreateCustomerProfileRequest' and response:'class net.authorize.api.contract.v1.CreateCustomerProfileResponse'
2026-01-05 19:21:02.279 DEBUG [           main] [030e94ea-3a40-428f-bb07-50dd5277846c] n.a.a.controller.base.ApiOperationBase   : Request:'net.authorize.api.contract.v1.CreateCustomerProfileRequest@5a7a69ab'
2026-01-05 19:21:02.280 DEBUG [           main] [030e94ea-3a40-428f-bb07-50dd5277846c] n.a.a.controller.base.ApiOperationBase   : Executing Request:'net.authorize.api.contract.v1.CreateCustomerProfileRequest@5a7a69ab'
2026-01-05 19:21:02.286 DEBUG [ool-15-thread-1] [NO_CORRELATION_ID] net.authorize.util.HttpUtility           : Posting request to Url: 'null/xml/v1/request.api'
2026-01-05 19:21:02.288 DEBUG [ool-15-thread-1] [NO_CORRELATION_ID] net.authorize.util.HttpUtility           : Request: '
<?xml version="1.0" encoding="UTF-8" standalone="yes"?>
<createCustomerProfileRequest xmlns="AnetApi/xml/v1/schema/AnetApiSchema.xsd">
    <merchantAuthentication/>
    <clientId>sdk-java-2.0.3</clientId>
    <profile>
        <merchantCustomerId>CUST001</merchantCustomerId>
        <description> </description>
    </profile>
</createCustomerProfileRequest>

'
2026-01-05 19:21:02.289  WARN [ool-15-thread-1] [NO_CORRELATION_ID] net.authorize.util.HttpClient            : Defaulting to non-proxy environment
2026-01-05 19:21:02.291 ERROR [ool-15-thread-1] [NO_CORRELATION_ID] net.authorize.util.HttpCallTask          : Http request execute failed: 'null'
2026-01-05 19:21:02.291  WARN [ool-15-thread-1] [NO_CORRELATION_ID] net.authorize.util.HttpCallTask          : Adding ErrorMessage: Code: 'org.apache.http.client.ClientProtocolException', Text: 'null'
2026-01-05 19:21:02.291 DEBUG [           main] [030e94ea-3a40-428f-bb07-50dd5277846c] net.authorize.util.HttpUtility           : Response: 'net.authorize.api.contract.v1.ANetApiResponse@69e30724'
2026-01-05 19:21:02.292 DEBUG [           main] [030e94ea-3a40-428f-bb07-50dd5277846c] n.a.a.controller.base.ApiOperationBase   : Received Response:'net.authorize.api.contract.v1.ANetApiResponse@69e30724' for request:'net.authorize.api.contract.v1.CreateCustomerProfileRequest@5a7a69ab'
2026-01-05 19:21:02.292 ERROR [           main] [030e94ea-3a40-428f-bb07-50dd5277846c] n.a.a.controller.base.ApiOperationBase   : Invalid response:'net.authorize.api.contract.v1.ANetApiResponse@69e30724'
2026-01-05 19:21:02.292 ERROR [           main] [030e94ea-3a40-428f-bb07-50dd5277846c] c.t.p.s.AuthorizeNetCustomerService      : â�Œ NULL RESPONSE: Authorize.Net customer profile creation - Customer ID: CUST001, CorrelationId: 030e94ea-3a40-428f-bb07-50dd5277846c
2026-01-05 19:21:02.293 ERROR [           main] [030e94ea-3a40-428f-bb07-50dd5277846c] c.t.p.s.AuthorizeNetCustomerService      : â�Œ EXCEPTION: Customer profile creation - Customer ID: CUST001, CorrelationId: 030e94ea-3a40-428f-bb07-50dd5277846c

com.talentica.paymentgateway.exception.PaymentProcessingException: No response received from Authorize.Net
	at com.talentica.paymentgateway.service.AuthorizeNetCustomerService.createCustomerProfile(AuthorizeNetCustomerService.java:110)
	at com.talentica.paymentgateway.service.AuthorizeNetCustomerServiceUnitTest.lambda$createCustomerProfile_WithEmptyCustomerName_ShouldThrowException$8(AuthorizeNetCustomerServiceUnitTest.java:191)
	at org.junit.jupiter.api.AssertThrows.assertThrows(AssertThrows.java:53)
	at org.junit.jupiter.api.AssertThrows.assertThrows(AssertThrows.java:35)
	at org.junit.jupiter.api.Assertions.assertThrows(Assertions.java:3115)
	at com.talentica.paymentgateway.service.AuthorizeNetCustomerServiceUnitTest.createCustomerProfile_WithEmptyCustomerName_ShouldThrowException(AuthorizeNetCustomerServiceUnitTest.java:190)
	at java.base/jdk.internal.reflect.NativeMethodAccessorImpl.invoke0(Native Method)
	at java.base/jdk.internal.reflect.NativeMethodAccessorImpl.invoke(NativeMethodAccessorImpl.java:77)
	at java.base/jdk.internal.reflect.DelegatingMethodAccessorImpl.invoke(DelegatingMethodAccessorImpl.java:43)
	at java.base/java.lang.reflect.Method.invoke(Method.java:568)
	at org.junit.platform.commons.util.ReflectionUtils.invokeMethod(ReflectionUtils.java:728)
	at org.junit.jupiter.engine.execution.MethodInvocation.proceed(MethodInvocation.java:60)
	at org.junit.jupiter.engine.execution.InvocationInterceptorChain$ValidatingInvocation.proceed(InvocationInterceptorChain.java:131)
	at org.junit.jupiter.engine.extension.TimeoutExtension.intercept(TimeoutExtension.java:156)
	at org.junit.jupiter.engine.extension.TimeoutExtension.interceptTestableMethod(TimeoutExtension.java:147)
	at org.junit.jupiter.engine.extension.TimeoutExtension.interceptTestMethod(TimeoutExtension.java:86)
	at org.junit.jupiter.engine.execution.InterceptingExecutableInvoker$ReflectiveInterceptorCall.lambda$ofVoidMethod$0(InterceptingExecutableInvoker.java:103)
	at org.junit.jupiter.engine.execution.InterceptingExecutableInvoker.lambda$invoke$0(InterceptingExecutableInvoker.java:93)
	at org.junit.jupiter.engine.execution.InvocationInterceptorChain$InterceptedInvocation.proceed(InvocationInterceptorChain.java:106)
	at org.junit.jupiter.engine.execution.InvocationInterceptorChain.proceed(InvocationInterceptorChain.java:64)
	at org.junit.jupiter.engine.execution.InvocationInterceptorChain.chainAndInvoke(InvocationInterceptorChain.java:45)
	at org.junit.jupiter.engine.execution.InvocationInterceptorChain.invoke(InvocationInterceptorChain.java:37)
	at org.junit.jupiter.engine.execution.InterceptingExecutableInvoker.invoke(InterceptingExecutableInvoker.java:92)
	at org.junit.jupiter.engine.execution.InterceptingExecutableInvoker.invoke(InterceptingExecutableInvoker.java:86)
	at org.junit.jupiter.engine.descriptor.TestMethodTestDescriptor.lambda$invokeTestMethod$7(TestMethodTestDescriptor.java:218)
	at org.junit.platform.engine.support.hierarchical.ThrowableCollector.execute(ThrowableCollector.java:73)
	at org.junit.jupiter.engine.descriptor.TestMethodTestDescriptor.invokeTestMethod(TestMethodTestDescriptor.java:214)
	at org.junit.jupiter.engine.descriptor.TestMethodTestDescriptor.execute(TestMethodTestDescriptor.java:139)
	at org.junit.jupiter.engine.descriptor.TestMethodTestDescriptor.execute(TestMethodTestDescriptor.java:69)
	at org.junit.platform.engine.support.hierarchical.NodeTestTask.lambda$executeRecursively$6(NodeTestTask.java:151)
	at org.junit.platform.engine.support.hierarchical.ThrowableCollector.execute(ThrowableCollector.java:73)
	at org.junit.platform.engine.support.hierarchical.NodeTestTask.lambda$executeRecursively$8(NodeTestTask.java:141)
	at org.junit.platform.engine.support.hierarchical.Node.around(Node.java:137)
	at org.junit.platform.engine.support.hierarchical.NodeTestTask.lambda$executeRecursively$9(NodeTestTask.java:139)
	at org.junit.platform.engine.support.hierarchical.ThrowableCollector.execute(ThrowableCollector.java:73)
	at org.junit.platform.engine.support.hierarchical.NodeTestTask.executeRecursively(NodeTestTask.java:138)
	at org.junit.platform.engine.support.hierarchical.NodeTestTask.execute(NodeTestTask.java:95)
	at java.base/java.util.ArrayList.forEach(ArrayList.java:1511)
	at org.junit.platform.engine.support.hierarchical.SameThreadHierarchicalTestExecutorService.invokeAll(SameThreadHierarchicalTestExecutorService.java:41)
	at org.junit.platform.engine.support.hierarchical.NodeTestTask.lambda$executeRecursively$6(NodeTestTask.java:155)
	at org.junit.platform.engine.support.hierarchical.ThrowableCollector.execute(ThrowableCollector.java:73)
	at org.junit.platform.engine.support.hierarchical.NodeTestTask.lambda$executeRecursively$8(NodeTestTask.java:141)
	at org.junit.platform.engine.support.hierarchical.Node.around(Node.java:137)
	at org.junit.platform.engine.support.hierarchical.NodeTestTask.lambda$executeRecursively$9(NodeTestTask.java:139)
	at org.junit.platform.engine.support.hierarchical.ThrowableCollector.execute(ThrowableCollector.java:73)
	at org.junit.platform.engine.support.hierarchical.NodeTestTask.executeRecursively(NodeTestTask.java:138)
	at org.junit.platform.engine.support.hierarchical.NodeTestTask.execute(NodeTestTask.java:95)
	at java.base/java.util.ArrayList.forEach(ArrayList.java:1511)
	at org.junit.platform.engine.support.hierarchical.SameThreadHierarchicalTestExecutorService.invokeAll(SameThreadHierarchicalTestExecutorService.java:41)
	at org.junit.platform.engine.support.hierarchical.NodeTestTask.lambda$executeRecursively$6(NodeTestTask.java:155)
	at org.junit.platform.engine.support.hierarchical.ThrowableCollector.execute(ThrowableCollector.java:73)
	at org.junit.platform.engine.support.hierarchical.NodeTestTask.lambda$executeRecursively$8(NodeTestTask.java:141)
	at org.junit.platform.engine.support.hierarchical.Node.around(Node.java:137)
	at org.junit.platform.engine.support.hierarchical.NodeTestTask.lambda$executeRecursively$9(NodeTestTask.java:139)
	at org.junit.platform.engine.support.hierarchical.ThrowableCollector.execute(ThrowableCollector.java:73)
	at org.junit.platform.engine.support.hierarchical.NodeTestTask.executeRecursively(NodeTestTask.java:138)
	at org.junit.platform.engine.support.hierarchical.NodeTestTask.execute(NodeTestTask.java:95)
	at org.junit.platform.engine.support.hierarchical.SameThreadHierarchicalTestExecutorService.submit(SameThreadHierarchicalTestExecutorService.java:35)
	at org.junit.platform.engine.support.hierarchical.HierarchicalTestExecutor.execute(HierarchicalTestExecutor.java:57)
	at org.junit.platform.engine.support.hierarchical.HierarchicalTestEngine.execute(HierarchicalTestEngine.java:54)
	at org.junit.platform.launcher.core.EngineExecutionOrchestrator.execute(EngineExecutionOrchestrator.java:198)
	at org.junit.platform.launcher.core.EngineExecutionOrchestrator.execute(EngineExecutionOrchestrator.java:169)
	at org.junit.platform.launcher.core.EngineExecutionOrchestrator.execute(EngineExecutionOrchestrator.java:93)
	at org.junit.platform.launcher.core.EngineExecutionOrchestrator.lambda$execute$0(EngineExecutionOrchestrator.java:58)
	at org.junit.platform.launcher.core.EngineExecutionOrchestrator.withInterceptedStreams(EngineExecutionOrchestrator.java:141)
	at org.junit.platform.launcher.core.EngineExecutionOrchestrator.execute(EngineExecutionOrchestrator.java:57)
	at org.junit.platform.launcher.core.DefaultLauncher.execute(DefaultLauncher.java:103)
	at org.junit.platform.launcher.core.DefaultLauncher.execute(DefaultLauncher.java:85)
	at org.junit.platform.launcher.core.DelegatingLauncher.execute(DelegatingLauncher.java:47)
	at org.junit.platform.launcher.core.SessionPerRequestLauncher.execute(SessionPerRequestLauncher.java:63)
	at org.apache.maven.surefire.junitplatform.JUnitPlatformProvider.execute(JUnitPlatformProvider.java:188)
	at org.apache.maven.surefire.junitplatform.JUnitPlatformProvider.invokeAllTests(JUnitPlatformProvider.java:154)
	at org.apache.maven.surefire.junitplatform.JUnitPlatformProvider.invoke(JUnitPlatformProvider.java:128)
	at org.apache.maven.surefire.booter.ForkedBooter.runSuitesInProcess(ForkedBooter.java:428)
	at org.apache.maven.surefire.booter.ForkedBooter.execute(ForkedBooter.java:162)
	at org.apache.maven.surefire.booter.ForkedBooter.run(ForkedBooter.java:562)
	at org.apache.maven.surefire.booter.ForkedBooter.main(ForkedBooter.java:548)

]]></system-out>
  </testcase>
  <testcase name="createPaymentProfile_WithInvalidPaymentMethod_ShouldThrowException" classname="com.talentica.paymentgateway.service.AuthorizeNetCustomerServiceUnitTest" time="0.024">
    <system-out><![CDATA[2026-01-05 19:21:02.305  INFO [           main] [030e94ea-3a40-428f-bb07-50dd5277846c] c.t.p.s.AuthorizeNetCustomerService      : Creating payment profile - Customer Profile ID: 12345, Payment Type: null, CorrelationId: 030e94ea-3a40-428f-bb07-50dd5277846c
2026-01-05 19:21:02.306 DEBUG [           main] [030e94ea-3a40-428f-bb07-50dd5277846c] n.a.a.controller.base.ApiOperationBase   : Creating instance for request:'class net.authorize.api.contract.v1.CreateCustomerPaymentProfileRequest' and response:'class net.authorize.api.contract.v1.CreateCustomerPaymentProfileResponse'
2026-01-05 19:21:02.306 DEBUG [           main] [030e94ea-3a40-428f-bb07-50dd5277846c] n.a.a.controller.base.ApiOperationBase   : Request:'net.authorize.api.contract.v1.CreateCustomerPaymentProfileRequest@255c84eb'
2026-01-05 19:21:02.307 DEBUG [           main] [030e94ea-3a40-428f-bb07-50dd5277846c] n.a.a.controller.base.ApiOperationBase   : Executing Request:'net.authorize.api.contract.v1.CreateCustomerPaymentProfileRequest@255c84eb'
2026-01-05 19:21:02.313 DEBUG [ool-16-thread-1] [NO_CORRELATION_ID] net.authorize.util.HttpUtility           : Posting request to Url: 'null/xml/v1/request.api'
2026-01-05 19:21:02.316 DEBUG [ool-16-thread-1] [NO_CORRELATION_ID] net.authorize.util.HttpUtility           : Request: '
<?xml version="1.0" encoding="UTF-8" standalone="yes"?>
<createCustomerPaymentProfileRequest xmlns="AnetApi/xml/v1/schema/AnetApiSchema.xsd">
    <merchantAuthentication/>
    <clientId>sdk-java-2.0.3</clientId>
    <customerProfileId>12345</customerProfileId>
    <paymentProfile>
        <billTo>
            <firstName>John</firstName>
            <lastName>Doe</lastName>
            <address>123 Main St</address>
            <city>Anytown</city>
            <state>CA</state>
            <zip>12345</zip>
            <country>US</country>
        </billTo>
        <payment/>
    </paymentProfile>
</createCustomerPaymentProfileRequest>

'
2026-01-05 19:21:02.318  WARN [ool-16-thread-1] [NO_CORRELATION_ID] net.authorize.util.HttpClient            : Defaulting to non-proxy environment
2026-01-05 19:21:02.320 ERROR [ool-16-thread-1] [NO_CORRELATION_ID] net.authorize.util.HttpCallTask          : Http request execute failed: 'null'
2026-01-05 19:21:02.320  WARN [ool-16-thread-1] [NO_CORRELATION_ID] net.authorize.util.HttpCallTask          : Adding ErrorMessage: Code: 'org.apache.http.client.ClientProtocolException', Text: 'null'
2026-01-05 19:21:02.322 DEBUG [           main] [030e94ea-3a40-428f-bb07-50dd5277846c] net.authorize.util.HttpUtility           : Response: 'net.authorize.api.contract.v1.ANetApiResponse@515dc331'
2026-01-05 19:21:02.322 DEBUG [           main] [030e94ea-3a40-428f-bb07-50dd5277846c] n.a.a.controller.base.ApiOperationBase   : Received Response:'net.authorize.api.contract.v1.ANetApiResponse@515dc331' for request:'net.authorize.api.contract.v1.CreateCustomerPaymentProfileRequest@255c84eb'
2026-01-05 19:21:02.322 ERROR [           main] [030e94ea-3a40-428f-bb07-50dd5277846c] n.a.a.controller.base.ApiOperationBase   : Invalid response:'net.authorize.api.contract.v1.ANetApiResponse@515dc331'
2026-01-05 19:21:02.322 ERROR [           main] [030e94ea-3a40-428f-bb07-50dd5277846c] c.t.p.s.AuthorizeNetCustomerService      : Failed to create payment profile - Customer Profile ID: 12345, Error: Unknown error creating payment profile, CorrelationId: 030e94ea-3a40-428f-bb07-50dd5277846c
2026-01-05 19:21:02.323 ERROR [           main] [030e94ea-3a40-428f-bb07-50dd5277846c] c.t.p.s.AuthorizeNetCustomerService      : Exception creating payment profile - Customer Profile ID: 12345, CorrelationId: 030e94ea-3a40-428f-bb07-50dd5277846c

com.talentica.paymentgateway.exception.PaymentProcessingException: Failed to create payment profile in Authorize.Net: Unknown error creating payment profile
	at com.talentica.paymentgateway.service.AuthorizeNetCustomerService.createPaymentProfile(AuthorizeNetCustomerService.java:190)
	at com.talentica.paymentgateway.service.AuthorizeNetCustomerServiceUnitTest.lambda$createPaymentProfile_WithInvalidPaymentMethod_ShouldThrowException$25(AuthorizeNetCustomerServiceUnitTest.java:385)
	at org.junit.jupiter.api.AssertThrows.assertThrows(AssertThrows.java:53)
	at org.junit.jupiter.api.AssertThrows.assertThrows(AssertThrows.java:35)
	at org.junit.jupiter.api.Assertions.assertThrows(Assertions.java:3115)
	at com.talentica.paymentgateway.service.AuthorizeNetCustomerServiceUnitTest.createPaymentProfile_WithInvalidPaymentMethod_ShouldThrowException(AuthorizeNetCustomerServiceUnitTest.java:384)
	at java.base/jdk.internal.reflect.NativeMethodAccessorImpl.invoke0(Native Method)
	at java.base/jdk.internal.reflect.NativeMethodAccessorImpl.invoke(NativeMethodAccessorImpl.java:77)
	at java.base/jdk.internal.reflect.DelegatingMethodAccessorImpl.invoke(DelegatingMethodAccessorImpl.java:43)
	at java.base/java.lang.reflect.Method.invoke(Method.java:568)
	at org.junit.platform.commons.util.ReflectionUtils.invokeMethod(ReflectionUtils.java:728)
	at org.junit.jupiter.engine.execution.MethodInvocation.proceed(MethodInvocation.java:60)
	at org.junit.jupiter.engine.execution.InvocationInterceptorChain$ValidatingInvocation.proceed(InvocationInterceptorChain.java:131)
	at org.junit.jupiter.engine.extension.TimeoutExtension.intercept(TimeoutExtension.java:156)
	at org.junit.jupiter.engine.extension.TimeoutExtension.interceptTestableMethod(TimeoutExtension.java:147)
	at org.junit.jupiter.engine.extension.TimeoutExtension.interceptTestMethod(TimeoutExtension.java:86)
	at org.junit.jupiter.engine.execution.InterceptingExecutableInvoker$ReflectiveInterceptorCall.lambda$ofVoidMethod$0(InterceptingExecutableInvoker.java:103)
	at org.junit.jupiter.engine.execution.InterceptingExecutableInvoker.lambda$invoke$0(InterceptingExecutableInvoker.java:93)
	at org.junit.jupiter.engine.execution.InvocationInterceptorChain$InterceptedInvocation.proceed(InvocationInterceptorChain.java:106)
	at org.junit.jupiter.engine.execution.InvocationInterceptorChain.proceed(InvocationInterceptorChain.java:64)
	at org.junit.jupiter.engine.execution.InvocationInterceptorChain.chainAndInvoke(InvocationInterceptorChain.java:45)
	at org.junit.jupiter.engine.execution.InvocationInterceptorChain.invoke(InvocationInterceptorChain.java:37)
	at org.junit.jupiter.engine.execution.InterceptingExecutableInvoker.invoke(InterceptingExecutableInvoker.java:92)
	at org.junit.jupiter.engine.execution.InterceptingExecutableInvoker.invoke(InterceptingExecutableInvoker.java:86)
	at org.junit.jupiter.engine.descriptor.TestMethodTestDescriptor.lambda$invokeTestMethod$7(TestMethodTestDescriptor.java:218)
[...]
	at org.junit.jupiter.engine.execution.InvocationInterceptorChain$ValidatingInvocation.proceed(InvocationInterceptorChain.java:131)
	at org.junit.jupiter.engine.extension.TimeoutExtension.intercept(TimeoutExtension.java:156)
	at org.junit.jupiter.engine.extension.TimeoutExtension.interceptTestableMethod(TimeoutExtension.java:147)
	at org.junit.jupiter.engine.extension.TimeoutExtension.interceptTestMethod(TimeoutExtension.java:86)
	at org.junit.jupiter.engine.execution.InterceptingExecutableInvoker$ReflectiveInterceptorCall.lambda$ofVoidMethod$0(InterceptingExecutableInvoker.java:103)
	at org.junit.jupiter.engine.execution.InterceptingExecutableInvoker.lambda$invoke$0(InterceptingExecutableInvoker.java:93)
	at org.junit.jupiter.engine.execution.InvocationInterceptorChain$InterceptedInvocation.proceed(InvocationInterceptorChain.java:106)
	at org.junit.jupiter.engine.execution.InvocationInterceptorChain.proceed(InvocationInterceptorChain.java:64)
	at org.junit.jupiter.engine.execution.InvocationInterceptorChain.chainAndInvoke(InvocationInterceptorChain.java:45)
	at org.junit.jupiter.engine.execution.InvocationInterceptorChain.invoke(InvocationInterceptorChain.java:37)
	at org.junit.jupiter.engine.execution.InterceptingExecutableInvoker.invoke(InterceptingExecutableInvoker.java:92)
	at org.junit.jupiter.engine.execution.InterceptingExecutableInvoker.invoke(InterceptingExecutableInvoker.java:86)
	at org.junit.jupiter.engine.descriptor.TestMethodTestDescriptor.lambda$invokeTestMethod$7(TestMethodTestDescriptor.java:218)
	at org.junit.platform.engine.support.hierarchical.ThrowableCollector.execute(ThrowableCollector.java:73)
	at org.junit.jupiter.engine.descriptor.TestMethodTestDescriptor.invokeTestMethod(TestMethodTestDescriptor.java:214)
	at org.junit.jupiter.engine.descriptor.TestMethodTestDescriptor.execute(TestMethodTestDescriptor.java:139)
	at org.junit.jupiter.engine.descriptor.TestMethodTestDescriptor.execute(TestMethodTestDescriptor.java:69)
	at org.junit.platform.engine.support.hierarchical.NodeTestTask.lambda$executeRecursively$6(NodeTestTask.java:151)
	at org.junit.platform.engine.support.hierarchical.ThrowableCollector.execute(ThrowableCollector.java:73)
	at org.junit.platform.engine.support.hierarchical.NodeTestTask.lambda$executeRecursively$8(NodeTestTask.java:141)
	at org.junit.platform.engine.support.hierarchical.Node.around(Node.java:137)
	at org.junit.platform.engine.support.hierarchical.NodeTestTask.lambda$executeRecursively$9(NodeTestTask.java:139)
	at org.junit.platform.engine.support.hierarchical.ThrowableCollector.execute(ThrowableCollector.java:73)
	at org.junit.platform.engine.support.hierarchical.NodeTestTask.executeRecursively(NodeTestTask.java:138)
	at org.junit.platform.engine.support.hierarchical.NodeTestTask.execute(NodeTestTask.java:95)
	at java.base/java.util.ArrayList.forEach(ArrayList.java:1511)
	at org.junit.platform.engine.support.hierarchical.SameThreadHierarchicalTestExecutorService.invokeAll(SameThreadHierarchicalTestExecutorService.java:41)
	at org.junit.platform.engine.support.hierarchical.NodeTestTask.lambda$executeRecursively$6(NodeTestTask.java:155)
	at org.junit.platform.engine.support.hierarchical.ThrowableCollector.execute(ThrowableCollector.java:73)
	at org.junit.platform.engine.support.hierarchical.NodeTestTask.lambda$executeRecursively$8(NodeTestTask.java:141)
	at org.junit.platform.engine.support.hierarchical.Node.around(Node.java:137)
	at org.junit.platform.engine.support.hierarchical.NodeTestTask.lambda$executeRecursively$9(NodeTestTask.java:139)
	at org.junit.platform.engine.support.hierarchical.ThrowableCollector.execute(ThrowableCollector.java:73)
	at org.junit.platform.engine.support.hierarchical.NodeTestTask.executeRecursively(NodeTestTask.java:138)
	at org.junit.platform.engine.support.hierarchical.NodeTestTask.execute(NodeTestTask.java:95)
	at java.base/java.util.ArrayList.forEach(ArrayList.java:1511)
	at org.junit.platform.engine.support.hierarchical.SameThreadHierarchicalTestExecutorService.invokeAll(SameThreadHierarchicalTestExecutorService.java:41)
	at org.junit.platform.engine.support.hierarchical.NodeTestTask.lambda$executeRecursively$6(NodeTestTask.java:155)
	at org.junit.platform.engine.support.hierarchical.ThrowableCollector.execute(ThrowableCollector.java:73)
	at org.junit.platform.engine.support.hierarchical.NodeTestTask.lambda$executeRecursively$8(NodeTestTask.java:141)
	at org.junit.platform.engine.support.hierarchical.Node.around(Node.java:137)
	at org.junit.platform.engine.support.hierarchical.NodeTestTask.lambda$executeRecursively$9(NodeTestTask.java:139)
	at org.junit.platform.engine.support.hierarchical.ThrowableCollector.execute(ThrowableCollector.java:73)
	at org.junit.platform.engine.support.hierarchical.NodeTestTask.executeRecursively(NodeTestTask.java:138)
	at org.junit.platform.engine.support.hierarchical.NodeTestTask.execute(NodeTestTask.java:95)
	at org.junit.platform.engine.support.hierarchical.SameThreadHierarchicalTestExecutorService.submit(SameThreadHierarchicalTestExecutorService.java:35)
	at org.junit.platform.engine.support.hierarchical.HierarchicalTestExecutor.execute(HierarchicalTestExecutor.java:57)
	at org.junit.platform.engine.support.hierarchical.HierarchicalTestEngine.execute(HierarchicalTestEngine.java:54)
	at org.junit.platform.launcher.core.EngineExecutionOrchestrator.execute(EngineExecutionOrchestrator.java:198)
	at org.junit.platform.launcher.core.EngineExecutionOrchestrator.execute(EngineExecutionOrchestrator.java:169)
	at org.junit.platform.launcher.core.EngineExecutionOrchestrator.execute(EngineExecutionOrchestrator.java:93)
	at org.junit.platform.launcher.core.EngineExecutionOrchestrator.lambda$execute$0(EngineExecutionOrchestrator.java:58)
	at org.junit.platform.launcher.core.EngineExecutionOrchestrator.withInterceptedStreams(EngineExecutionOrchestrator.java:141)
	at org.junit.platform.launcher.core.EngineExecutionOrchestrator.execute(EngineExecutionOrchestrator.java:57)
	at org.junit.platform.launcher.core.DefaultLauncher.execute(DefaultLauncher.java:103)
	at org.junit.platform.launcher.core.DefaultLauncher.execute(DefaultLauncher.java:85)
	at org.junit.platform.launcher.core.DelegatingLauncher.execute(DelegatingLauncher.java:47)
	at org.junit.platform.launcher.core.SessionPerRequestLauncher.execute(SessionPerRequestLauncher.java:63)
	at org.apache.maven.surefire.junitplatform.JUnitPlatformProvider.execute(JUnitPlatformProvider.java:188)
	at org.apache.maven.surefire.junitplatform.JUnitPlatformProvider.invokeAllTests(JUnitPlatformProvider.java:154)
	at org.apache.maven.surefire.junitplatform.JUnitPlatformProvider.invoke(JUnitPlatformProvider.java:128)
	at org.apache.maven.surefire.booter.ForkedBooter.runSuitesInProcess(ForkedBooter.java:428)
	at org.apache.maven.surefire.booter.ForkedBooter.execute(ForkedBooter.java:162)
	at org.apache.maven.surefire.booter.ForkedBooter.run(ForkedBooter.java:562)
	at org.apache.maven.surefire.booter.ForkedBooter.main(ForkedBooter.java:548)

]]></system-out>
  </testcase>
  <testcase name="createPaymentProfile_WithEmptyCustomerProfileId_ShouldThrowException" classname="com.talentica.paymentgateway.service.AuthorizeNetCustomerServiceUnitTest" time="0.023">
    <system-out><![CDATA[2026-01-05 19:21:02.607  INFO [           main] [030e94ea-3a40-428f-bb07-50dd5277846c] c.t.p.s.AuthorizeNetCustomerService      : Creating payment profile - Customer Profile ID: , Payment Type: CREDIT_CARD, CorrelationId: 030e94ea-3a40-428f-bb07-50dd5277846c
2026-01-05 19:21:02.607 DEBUG [           main] [030e94ea-3a40-428f-bb07-50dd5277846c] n.a.a.controller.base.ApiOperationBase   : Creating instance for request:'class net.authorize.api.contract.v1.CreateCustomerPaymentProfileRequest' and response:'class net.authorize.api.contract.v1.CreateCustomerPaymentProfileResponse'
2026-01-05 19:21:02.608 DEBUG [           main] [030e94ea-3a40-428f-bb07-50dd5277846c] n.a.a.controller.base.ApiOperationBase   : Request:'net.authorize.api.contract.v1.CreateCustomerPaymentProfileRequest@b270a0'
2026-01-05 19:21:02.609 DEBUG [           main] [030e94ea-3a40-428f-bb07-50dd5277846c] n.a.a.controller.base.ApiOperationBase   : Executing Request:'net.authorize.api.contract.v1.CreateCustomerPaymentProfileRequest@b270a0'
2026-01-05 19:21:02.615 DEBUG [ool-26-thread-1] [NO_CORRELATION_ID] net.authorize.util.HttpUtility           : Posting request to Url: 'null/xml/v1/request.api'
2026-01-05 19:21:02.619 DEBUG [ool-26-thread-1] [NO_CORRELATION_ID] net.authorize.util.HttpUtility           : Request: '
<?xml version="1.0" encoding="UTF-8" standalone="yes"?>
<createCustomerPaymentProfileRequest xmlns="AnetApi/xml/v1/schema/AnetApiSchema.xsd">
    <merchantAuthentication/>
    <clientId>sdk-java-2.0.3</clientId>
    <customerProfileId></customerProfileId>
    <paymentProfile>
        <billTo>
            <firstName>John</firstName>
            <lastName>Doe</lastName>
            <address>123 Main St</address>
            <city>Anytown</city>
            <state>CA</state>
            <zip>12345</zip>
            <country>US</country>
        </billTo>
        <payment>
            <creditCard>
                <cardNumber>4111111111111111</cardNumber>
                <expirationDate>122025</expirationDate>
                <cardCode>123</cardCode>
            </creditCard>
        </payment>
    </paymentProfile>
</createCustomerPaymentProfileRequest>

'
2026-01-05 19:21:02.622  WARN [ool-26-thread-1] [NO_CORRELATION_ID] net.authorize.util.HttpClient            : Defaulting to non-proxy environment
2026-01-05 19:21:02.624 ERROR [ool-26-thread-1] [NO_CORRELATION_ID] net.authorize.util.HttpCallTask          : Http request execute failed: 'null'
2026-01-05 19:21:02.624  WARN [ool-26-thread-1] [NO_CORRELATION_ID] net.authorize.util.HttpCallTask          : Adding ErrorMessage: Code: 'org.apache.http.client.ClientProtocolException', Text: 'null'
2026-01-05 19:21:02.625 DEBUG [           main] [030e94ea-3a40-428f-bb07-50dd5277846c] net.authorize.util.HttpUtility           : Response: 'net.authorize.api.contract.v1.ANetApiResponse@7528b7f'
2026-01-05 19:21:02.625 DEBUG [           main] [030e94ea-3a40-428f-bb07-50dd5277846c] n.a.a.controller.base.ApiOperationBase   : Received Response:'net.authorize.api.contract.v1.ANetApiResponse@7528b7f' for request:'net.authorize.api.contract.v1.CreateCustomerPaymentProfileRequest@b270a0'
2026-01-05 19:21:02.625 ERROR [           main] [030e94ea-3a40-428f-bb07-50dd5277846c] n.a.a.controller.base.ApiOperationBase   : Invalid response:'net.authorize.api.contract.v1.ANetApiResponse@7528b7f'
2026-01-05 19:21:02.625 ERROR [           main] [030e94ea-3a40-428f-bb07-50dd5277846c] c.t.p.s.AuthorizeNetCustomerService      : Failed to create payment profile - Customer Profile ID: , Error: Unknown error creating payment profile, CorrelationId: 030e94ea-3a40-428f-bb07-50dd5277846c
2026-01-05 19:21:02.626 ERROR [           main] [030e94ea-3a40-428f-bb07-50dd5277846c] c.t.p.s.AuthorizeNetCustomerService      : Exception creating payment profile - Customer Profile ID: , CorrelationId: 030e94ea-3a40-428f-bb07-50dd5277846c

com.talentica.paymentgateway.exception.PaymentProcessingException: Failed to create payment profile in Authorize.Net: Unknown error creating payment profile
	at com.talentica.paymentgateway.service.AuthorizeNetCustomerService.createPaymentProfile(AuthorizeNetCustomerService.java:190)
	at com.talentica.paymentgateway.service.AuthorizeNetCustomerServiceUnitTest.lambda$createPaymentProfile_WithEmptyCustomerProfileId_ShouldThrowException$26(AuthorizeNetCustomerServiceUnitTest.java:394)
	at org.junit.jupiter.api.AssertThrows.assertThrows(AssertThrows.java:53)
	at org.junit.jupiter.api.AssertThrows.assertThrows(AssertThrows.java:35)
	at org.junit.jupiter.api.Assertions.assertThrows(Assertions.java:3115)
	at com.talentica.paymentgateway.service.AuthorizeNetCustomerServiceUnitTest.createPaymentProfile_WithEmptyCustomerProfileId_ShouldThrowException(AuthorizeNetCustomerServiceUnitTest.java:393)
	at java.base/jdk.internal.reflect.NativeMethodAccessorImpl.invoke0(Native Method)
	at java.base/jdk.internal.reflect.NativeMethodAccessorImpl.invoke(NativeMethodAccessorImpl.java:77)
	at java.base/jdk.internal.reflect.DelegatingMethodAccessorImpl.invoke(DelegatingMethodAccessorImpl.java:43)
	at java.base/java.lang.reflect.Method.invoke(Method.java:568)
	at org.junit.platform.commons.util.ReflectionUtils.invokeMethod(ReflectionUtils.java:728)
	at org.junit.jupiter.engine.execution.MethodInvocation.proceed(MethodInvocation.java:60)
	at org.junit.jupiter.engine.execution.InvocationInterceptorChain$ValidatingInvocation.proceed(InvocationInterceptorChain.java:131)
	at org.junit.jupiter.engine.extension.TimeoutExtension.intercept(TimeoutExtension.java:156)
	at org.junit.jupiter.engine.extension.TimeoutExtension.interceptTestableMethod(TimeoutExtension.java:147)
	at org.junit.jupiter.engine.extension.TimeoutExtension.interceptTestMethod(TimeoutExtension.java:86)
	at org.junit.jupiter.engine.execution.InterceptingExecutableInvoker$ReflectiveInterceptorCall.lambda$ofVoidMethod$0(InterceptingExecutableInvoker.java:103)
	at org.junit.jupiter.engine.execution.InterceptingExecutableInvoker.lambda$invoke$0(InterceptingExecutableInvoker.java:93)
	at org.junit.jupiter.engine.execution.InvocationInterceptorChain$InterceptedInvocation.proceed(InvocationInterceptorChain.java:106)
	at org.junit.jupiter.engine.execution.InvocationInterceptorChain.proceed(InvocationInterceptorChain.java:64)
	at org.junit.jupiter.engine.execution.InvocationInterceptorChain.chainAndInvoke(InvocationInterceptorChain.java:45)
	at org.junit.jupiter.engine.execution.InvocationInterceptorChain.invoke(InvocationInterceptorChain.java:37)
	at org.junit.jupiter.engine.execution.InterceptingExecutableInvoker.invoke(InterceptingExecutableInvoker.java:92)
	at org.junit.jupiter.engine.execution.InterceptingExecutableInvoker.invoke(InterceptingExecutableInvoker.java:86)
	at org.junit.jupiter.engine.descriptor.TestMethodTestDescriptor.lambda$invokeTestMethod$7(TestMethodTestDescriptor.java:218)
	at org.junit.platform.engine.support.hierarchical.ThrowableCollector.execute(ThrowableCollector.java:73)
	at org.junit.jupiter.engine.descriptor.TestMethodTestDescriptor.invokeTestMethod(TestMethodTestDescriptor.java:214)
	at org.junit.jupiter.engine.descriptor.TestMethodTestDescriptor.execute(TestMethodTestDescriptor.java:139)
	at org.junit.jupiter.engine.descriptor.TestMethodTestDescriptor.execute(TestMethodTestDescriptor.java:69)
	at org.junit.platform.engine.support.hierarchical.NodeTestTask.lambda$executeRecursively$6(NodeTestTask.java:151)
	at org.junit.platform.engine.support.hierarchical.ThrowableCollector.execute(ThrowableCollector.java:73)
	at org.junit.platform.engine.support.hierarchical.NodeTestTask.lambda$executeRecursively$8(NodeTestTask.java:141)
	at org.junit.platform.engine.support.hierarchical.Node.around(Node.java:137)
	at org.junit.platform.engine.support.hierarchical.NodeTestTask.lambda$executeRecursively$9(NodeTestTask.java:139)
	at org.junit.platform.engine.support.hierarchical.ThrowableCollector.execute(ThrowableCollector.java:73)
	at org.junit.platform.engine.support.hierarchical.NodeTestTask.executeRecursively(NodeTestTask.java:138)
	at org.junit.platform.engine.support.hierarchical.NodeTestTask.execute(NodeTestTask.java:95)
	at java.base/java.util.ArrayList.forEach(ArrayList.java:1511)
	at org.junit.platform.engine.support.hierarchical.SameThreadHierarchicalTestExecutorService.invokeAll(SameThreadHierarchicalTestExecutorService.java:41)
	at org.junit.platform.engine.support.hierarchical.NodeTestTask.lambda$executeRecursively$6(NodeTestTask.java:155)
	at org.junit.platform.engine.support.hierarchical.ThrowableCollector.execute(ThrowableCollector.java:73)
	at org.junit.platform.engine.support.hierarchical.NodeTestTask.lambda$executeRecursively$8(NodeTestTask.java:141)
	at org.junit.platform.engine.support.hierarchical.Node.around(Node.java:137)
	at org.junit.platform.engine.support.hierarchical.NodeTestTask.lambda$executeRecursively$9(NodeTestTask.java:139)
	at org.junit.platform.engine.support.hierarchical.ThrowableCollector.execute(ThrowableCollector.java:73)
	at org.junit.platform.engine.support.hierarchical.NodeTestTask.executeRecursively(NodeTestTask.java:138)
	at org.junit.platform.engine.support.hierarchical.NodeTestTask.execute(NodeTestTask.java:95)
	at java.base/java.util.ArrayList.forEach(ArrayList.java:1511)
	at org.junit.platform.engine.support.hierarchical.SameThreadHierarchicalTestExecutorService.invokeAll(SameThreadHierarchicalTestExecutorService.java:41)
	at org.junit.platform.engine.support.hierarchical.NodeTestTask.lambda$executeRecursively$6(NodeTestTask.java:155)
	at org.junit.platform.engine.support.hierarchical.ThrowableCollector.execute(ThrowableCollector.java:73)
	at org.junit.platform.engine.support.hierarchical.NodeTestTask.lambda$executeRecursively$8(NodeTestTask.java:141)
	at org.junit.platform.engine.support.hierarchical.Node.around(Node.java:137)
	at org.junit.platform.engine.support.hierarchical.NodeTestTask.lambda$executeRecursively$9(NodeTestTask.java:139)
	at org.junit.platform.engine.support.hierarchical.ThrowableCollector.execute(ThrowableCollector.java:73)
	at org.junit.platform.engine.support.hierarchical.NodeTestTask.executeRecursively(NodeTestTask.java:138)
	at org.junit.platform.engine.support.hierarchical.NodeTestTask.execute(NodeTestTask.java:95)
	at org.junit.platform.engine.support.hierarchical.SameThreadHierarchicalTestExecutorService.submit(SameThreadHierarchicalTestExecutorService.java:35)
	at org.junit.platform.engine.support.hierarchical.HierarchicalTestExecutor.execute(HierarchicalTestExecutor.java:57)
	at org.junit.platform.engine.support.hierarchical.HierarchicalTestEngine.execute(HierarchicalTestEngine.java:54)
	at org.junit.platform.launcher.core.EngineExecutionOrchestrator.execute(EngineExecutionOrchestrator.java:198)
	at org.junit.platform.launcher.core.EngineExecutionOrchestrator.execute(EngineExecutionOrchestrator.java:169)
	at org.junit.platform.launcher.core.EngineExecutionOrchestrator.execute(EngineExecutionOrchestrator.java:93)
	at org.junit.platform.launcher.core.EngineExecutionOrchestrator.lambda$execute$0(EngineExecutionOrchestrator.java:58)
	at org.junit.platform.launcher.core.EngineExecutionOrchestrator.withInterceptedStreams(EngineExecutionOrchestrator.java:141)
	at org.junit.platform.launcher.core.EngineExecutionOrchestrator.execute(EngineExecutionOrchestrator.java:57)
	at org.junit.platform.launcher.core.DefaultLauncher.execute(DefaultLauncher.java:103)
	at org.junit.platform.launcher.core.DefaultLauncher.execute(DefaultLauncher.java:85)
	at org.junit.platform.launcher.core.DelegatingLauncher.execute(DelegatingLauncher.java:47)
	at org.junit.platform.launcher.core.SessionPerRequestLauncher.execute(SessionPerRequestLauncher.java:63)
	at org.apache.maven.surefire.junitplatform.JUnitPlatformProvider.execute(JUnitPlatformProvider.java:188)
	at org.apache.maven.surefire.junitplatform.JUnitPlatformProvider.invokeAllTests(JUnitPlatformProvider.java:154)
	at org.apache.maven.surefire.junitplatform.JUnitPlatformProvider.invoke(JUnitPlatformProvider.java:128)
	at org.apache.maven.surefire.booter.ForkedBooter.runSuitesInProcess(ForkedBooter.java:428)
	at org.apache.maven.surefire.booter.ForkedBooter.execute(ForkedBooter.java:162)
	at org.apache.maven.surefire.booter.ForkedBooter.run(ForkedBooter.java:562)
	at org.apache.maven.surefire.booter.ForkedBooter.main(ForkedBooter.java:548)

]]></system-out>
  </testcase>
  <testcase name="constructor_WithValidParameters_ShouldCreateService" classname="com.talentica.paymentgateway.service.AuthorizeNetCustomerServiceUnitTest" time="0.003"/>
  <testcase name="validateCustomerPaymentProfile_WithNullPaymentProfileId_ShouldThrowException" classname="com.talentica.paymentgateway.service.AuthorizeNetCustomerServiceUnitTest" time="0.002"/>
</testsuite>