<?xml version="1.0" encoding="UTF-8"?>
<testsuite xmlns:xsi="http://www.w3.org/2001/XMLSchema-instance" xsi:noNamespaceSchemaLocation="https://maven.apache.org/surefire/maven-surefire-plugin/xsd/surefire-test-report-3.0.xsd" version="3.0" name="com.talentica.paymentgateway.controller.UserControllerUnitTest" time="14.087" tests="20" errors="0" skipped="0" failures="0">
  <properties>
[...]
</properties>
  <testcase name="testGetCurrentUserProfile_WithMerchantRole_ReturnsUserProfile" classname="com.talentica.paymentgateway.controller.UserControllerUnitTest" time="0.162">
    <system-out><![CDATA[2026-01-05 19:20:29.890  INFO [           main] [corr-94966fd9] t.c.s.AnnotationConfigContextLoaderUtils : Could not detect default configuration classes for test class [com.talentica.paymentgateway.controller.UserControllerUnitTest]: UserControllerUnitTest does not declare any static, non-private, non-final, nested classes annotated with @Configuration.
2026-01-05 19:20:29.911  INFO [           main] [corr-94966fd9] .b.t.c.SpringBootTestContextBootstrapper : Found @SpringBootConfiguration com.talentica.paymentgateway.PaymentGatewayApplication for test class com.talentica.paymentgateway.controller.UserControllerUnitTest
2026-01-05 19:20:29.923  INFO [           main] [corr-94966fd9] o.s.b.d.r.RestartApplicationListener     : Restart disabled due to context in which it is running

  .   ____          _            __ _ _
 /\\ / ___'_ __ _ _(_)_ __  __ _ \ \ \ \
( ( )\___ | '_ | '_| | '_ \/ _` | \ \ \ \
 \\/  ___)| |_)| | | | | || (_| |  ) ) ) )
  '  |____| .__|_| |_|_| |_\__, | / / / /
 =========|_|==============|___/=/_/_/_/
 :: Spring Boot ::                (v3.2.5)

2026-01-05 19:20:30.053  INFO [           main] [corr-94966fd9] c.t.p.controller.UserControllerUnitTest  : Starting UserControllerUnitTest using Java 17.0.12 with PID 25804 (started by AnjaliSingh in D:\GitHubCoPilot\payment-gateway)
2026-01-05 19:20:30.053 DEBUG [           main] [corr-94966fd9] c.t.p.controller.UserControllerUnitTest  : Running with Spring Boot v3.2.5, Spring v6.1.6
2026-01-05 19:20:30.053  INFO [           main] [corr-94966fd9] c.t.p.controller.UserControllerUnitTest  : The following 1 profile is active: "test"
2026-01-05 19:20:31.213  INFO [           main] [corr-94966fd9] .s.d.r.c.RepositoryConfigurationDelegate : Multiple Spring Data modules found, entering strict repository configuration mode
2026-01-05 19:20:31.213  INFO [           main] [corr-94966fd9] .s.d.r.c.RepositoryConfigurationDelegate : Bootstrapping Spring Data JPA repositories in DEFAULT mode.
2026-01-05 19:20:31.305  INFO [           main] [corr-94966fd9] .s.d.r.c.RepositoryConfigurationDelegate : Finished Spring Data repository scanning in 91 ms. Found 11 JPA repository interfaces.
2026-01-05 19:20:31.312  INFO [           main] [corr-94966fd9] .s.d.r.c.RepositoryConfigurationDelegate : Multiple Spring Data modules found, entering strict repository configuration mode
2026-01-05 19:20:31.312  INFO [           main] [corr-94966fd9] .s.d.r.c.RepositoryConfigurationDelegate : Bootstrapping Spring Data Redis repositories in DEFAULT mode.
2026-01-05 19:20:31.337  INFO [           main] [corr-94966fd9] .RepositoryConfigurationExtensionSupport : Spring Data Redis - Could not safely identify store assignment for repository candidate interface com.talentica.paymentgateway.repository.ApiKeyRepository; If you want this repository to be a Redis repository, consider annotating your entities with one of these annotations: org.springframework.data.redis.core.RedisHash (preferred), or consider extending one of the following types with your repository: org.springframework.data.keyvalue.repository.KeyValueRepository
2026-01-05 19:20:31.337  INFO [           main] [corr-94966fd9] .RepositoryConfigurationExtensionSupport : Spring Data Redis - Could not safely identify store assignment for repository candidate interface com.talentica.paymentgateway.repository.AuditLogRepository; If you want this repository to be a Redis repository, consider annotating your entities with one of these annotations: org.springframework.data.redis.core.RedisHash (preferred), or consider extending one of the following types with your repository: org.springframework.data.keyvalue.repository.KeyValueRepository
2026-01-05 19:20:31.337  INFO [           main] [corr-94966fd9] .RepositoryConfigurationExtensionSupport : Spring Data Redis - Could not safely identify store assignment for repository candidate interface com.talentica.paymentgateway.repository.CustomerRepository; If you want this repository to be a Redis repository, consider annotating your entities with one of these annotations: org.springframework.data.redis.core.RedisHash (preferred), or consider extending one of the following types with your repository: org.springframework.data.keyvalue.repository.KeyValueRepository
2026-01-05 19:20:31.337  INFO [           main] [corr-94966fd9] .RepositoryConfigurationExtensionSupport : Spring Data Redis - Could not safely identify store assignment for repository candidate interface com.talentica.paymentgateway.repository.OrderRepository; If you want this repository to be a Redis repository, consider annotating your entities with one of these annotations: org.springframework.data.redis.core.RedisHash (preferred), or consider extending one of the following types with your repository: org.springframework.data.keyvalue.repository.KeyValueRepository
2026-01-05 19:20:31.337  INFO [           main] [corr-94966fd9] .RepositoryConfigurationExtensionSupport : Spring Data Redis - Could not safely identify store assignment for repository candidate interface com.talentica.paymentgateway.repository.PaymentMethodRepository; If you want this repository to be a Redis repository, consider annotating your entities with one of these annotations: org.springframework.data.redis.core.RedisHash (preferred), or consider extending one of the following types with your repository: org.springframework.data.keyvalue.repository.KeyValueRepository
2026-01-05 19:20:31.337  INFO [           main] [corr-94966fd9] .RepositoryConfigurationExtensionSupport : Spring Data Redis - Could not safely identify store assignment for repository candidate interface com.talentica.paymentgateway.repository.SubscriptionInvoiceRepository; If you want this repository to be a Redis repository, consider annotating your entities with one of these annotations: org.springframework.data.redis.core.RedisHash (preferred), or consider extending one of the following types with your repository: org.springframework.data.keyvalue.repository.KeyValueRepository
2026-01-05 19:20:31.337  INFO [           main] [corr-94966fd9] .RepositoryConfigurationExtensionSupport : Spring Data Redis - Could not safely identify store assignment for repository candidate interface com.talentica.paymentgateway.repository.SubscriptionPlanRepository; If you want this repository to be a Redis repository, consider annotating your entities with one of these annotations: org.springframework.data.redis.core.RedisHash (preferred), or consider extending one of the following types with your repository: org.springframework.data.keyvalue.repository.KeyValueRepository
2026-01-05 19:20:31.337  INFO [           main] [corr-94966fd9] .RepositoryConfigurationExtensionSupport : Spring Data Redis - Could not safely identify store assignment for repository candidate interface com.talentica.paymentgateway.repository.SubscriptionRepository; If you want this repository to be a Redis repository, consider annotating your entities with one of these annotations: org.springframework.data.redis.core.RedisHash (preferred), or consider extending one of the following types with your repository: org.springframework.data.keyvalue.repository.KeyValueRepository
2026-01-05 19:20:31.337  INFO [           main] [corr-94966fd9] .RepositoryConfigurationExtensionSupport : Spring Data Redis - Could not safely identify store assignment for repository candidate interface com.talentica.paymentgateway.repository.TransactionRepository; If you want this repository to be a Redis repository, consider annotating your entities with one of these annotations: org.springframework.data.redis.core.RedisHash (preferred), or consider extending one of the following types with your repository: org.springframework.data.keyvalue.repository.KeyValueRepository
2026-01-05 19:20:31.337  INFO [           main] [corr-94966fd9] .RepositoryConfigurationExtensionSupport : Spring Data Redis - Could not safely identify store assignment for repository candidate interface com.talentica.paymentgateway.repository.UserRepository; If you want this repository to be a Redis repository, consider annotating your entities with one of these annotations: org.springframework.data.redis.core.RedisHash (preferred), or consider extending one of the following types with your repository: org.springframework.data.keyvalue.repository.KeyValueRepository
2026-01-05 19:20:31.337  INFO [           main] [corr-94966fd9] .RepositoryConfigurationExtensionSupport : Spring Data Redis - Could not safely identify store assignment for repository candidate interface com.talentica.paymentgateway.repository.WebhookRepository; If you want this repository to be a Redis repository, consider annotating your entities with one of these annotations: org.springframework.data.redis.core.RedisHash (preferred), or consider extending one of the following types with your repository: org.springframework.data.keyvalue.repository.KeyValueRepository
2026-01-05 19:20:31.337  INFO [           main] [corr-94966fd9] .s.d.r.c.RepositoryConfigurationDelegate : Finished Spring Data repository scanning in 28 ms. Found 0 Redis repository interfaces.
2026-01-05 19:20:31.663  INFO [           main] [corr-94966fd9] o.hibernate.jpa.internal.util.LogHelper  : HHH000204: Processing PersistenceUnitInfo [name: default]
2026-01-05 19:20:31.663  INFO [           main] [corr-94966fd9] o.h.c.internal.RegionFactoryInitiator    : HHH000026: Second-level cache disabled
2026-01-05 19:20:31.678  INFO [           main] [corr-94966fd9] o.s.o.j.p.SpringPersistenceUnitInfo      : No LoadTimeWeaver setup: ignoring JPA class transformer
2026-01-05 19:20:31.678  INFO [           main] [corr-94966fd9] com.zaxxer.hikari.HikariDataSource       : HikariPool-2 - Starting...
2026-01-05 19:20:31.678  INFO [           main] [corr-94966fd9] com.zaxxer.hikari.pool.HikariPool        : HikariPool-2 - Added connection conn10: url=jdbc:h2:mem:testdb user=SA
2026-01-05 19:20:31.678  INFO [           main] [corr-94966fd9] com.zaxxer.hikari.HikariDataSource       : HikariPool-2 - Start completed.
2026-01-05 19:20:31.678  WARN [           main] [corr-94966fd9] org.hibernate.dialect.Dialect            : HHH000511: The 2.2.0 version for [org.hibernate.dialect.PostgreSQLDialect] is no longer supported, hence certain features may not work properly. The minimum supported version is 12.0.0. Check the community dialects project for available legacy versions.
2026-01-05 19:20:31.678  WARN [           main] [corr-94966fd9] org.hibernate.orm.deprecation            : HHH90000025: PostgreSQLDialect does not need to be specified explicitly using 'hibernate.dialect' (remove the property setting and it will be selected by default)
2026-01-05 19:20:32.320  INFO [           main] [corr-94966fd9] o.h.e.t.j.p.i.JtaPlatformInitiator       : HHH000489: No JTA platform available (set 'hibernate.transaction.jta.platform' to enable JTA platform integration)
2026-01-05 19:20:32.320 DEBUG [           main] [corr-94966fd9] org.hibernate.SQL                        : 
    alter table if exists api_keys 
       drop constraint if exists FK89d4ddye91twgmx31epv7ro7h
Hibernate: 
    alter table if exists api_keys 
       drop constraint if exists FK89d4ddye91twgmx31epv7ro7h
2026-01-05 19:20:32.320 DEBUG [           main] [corr-94966fd9] org.hibernate.SQL                        : 
    alter table if exists audit_logs 
       drop constraint if exists FKq56t4dfs1r33xo3cwq4l44xdo
Hibernate: 
    alter table if exists audit_logs 
       drop constraint if exists FKq56t4dfs1r33xo3cwq4l44xdo
2026-01-05 19:20:32.320 DEBUG [           main] [corr-94966fd9] org.hibernate.SQL                        : 
    alter table if exists audit_logs 
       drop constraint if exists FKjs4iimve3y0xssbtve5ysyef0
Hibernate: 
    alter table if exists audit_logs 
       drop constraint if exists FKjs4iimve3y0xssbtve5ysyef0
2026-01-05 19:20:32.320 DEBUG [           main] [corr-94966fd9] org.hibernate.SQL                        : 
    alter table if exists customers 
       drop constraint if exists FKrh1g1a20omjmn6kurd35o3eit
Hibernate: 
    alter table if exists customers 
       drop constraint if exists FKrh1g1a20omjmn6kurd35o3eit
2026-01-05 19:20:32.320 DEBUG [           main] [corr-94966fd9] org.hibernate.SQL                        : 
    alter table if exists orders 
       drop constraint if exists FKpxtb8awmi0dk6smoh2vp1litg
Hibernate: 
    alter table if exists orders 
       drop constraint if exists FKpxtb8awmi0dk6smoh2vp1litg
2026-01-05 19:20:32.320 DEBUG [           main] [corr-94966fd9] org.hibernate.SQL                        : 
    alter table if exists orders 
       drop constraint if exists FK32ql8ubntj5uh44ph9659tiih
Hibernate: 
    alter table if exists orders 
       drop constraint if exists FK32ql8ubntj5uh44ph9659tiih
2026-01-05 19:20:32.320 DEBUG [           main] [corr-94966fd9] org.hibernate.SQL                        : 
    alter table if exists payment_methods 
       drop constraint if exists FKgdd7vtvfafeytls7s9jhvdb83
Hibernate: 
    alter table if exists payment_methods 
       drop constraint if exists FKgdd7vtvfafeytls7s9jhvdb83
2026-01-05 19:20:32.320 DEBUG [           main] [corr-94966fd9] org.hibernate.SQL                        : 
    alter table if exists subscription_invoices 
       drop constraint if exists FKpjoudrgbxejos3nwtwuj83gor
Hibernate: 
    alter table if exists subscription_invoices 
       drop constraint if exists FKpjoudrgbxejos3nwtwuj83gor
2026-01-05 19:20:32.320 DEBUG [           main] [corr-94966fd9] org.hibernate.SQL                        : 
    alter table if exists subscription_invoices 
       drop constraint if exists FKbh8pc3f101gtnf82x5yhgj9v0
Hibernate: 
    alter table if exists subscription_invoices 
       drop constraint if exists FKbh8pc3f101gtnf82x5yhgj9v0
2026-01-05 19:20:32.320 DEBUG [           main] [corr-94966fd9] org.hibernate.SQL                        : 
    alter table if exists subscription_invoices 
       drop constraint if exists FK9upkw2joxt6uu4e2au0mh9snc
Hibernate: 
    alter table if exists subscription_invoices 
       drop constraint if exists FK9upkw2joxt6uu4e2au0mh9snc
2026-01-05 19:20:32.320 DEBUG [           main] [corr-94966fd9] org.hibernate.SQL                        : 
    alter table if exists subscriptions 
       drop constraint if exists FKa2nf4wcqd4ha5n54qqrer0uxb
Hibernate: 
    alter table if exists subscriptions 
       drop constraint if exists FKa2nf4wcqd4ha5n54qqrer0uxb
2026-01-05 19:20:32.320 DEBUG [           main] [corr-94966fd9] org.hibernate.SQL                        : 
    alter table if exists subscriptions 
       drop constraint if exists FKmk0v8ouax72klp3yyx0ps9rv
Hibernate: 
    alter table if exists subscriptions 
       drop constraint if exists FKmk0v8ouax72klp3yyx0ps9rv
2026-01-05 19:20:32.320 DEBUG [           main] [corr-94966fd9] org.hibernate.SQL                        : 
    alter table if exists subscriptions 
       drop constraint if exists FKg41f5iev0mretaqhvepf0lks0
Hibernate: 
    alter table if exists subscriptions 
       drop constraint if exists FKg41f5iev0mretaqhvepf0lks0
2026-01-05 19:20:32.320 DEBUG [           main] [corr-94966fd9] org.hibernate.SQL                        : 
    alter table if exists transactions 
       drop constraint if exists FKpnnreq9lpejqyjfct60v7n7x1
Hibernate: 
    alter table if exists transactions 
       drop constraint if exists FKpnnreq9lpejqyjfct60v7n7x1
2026-01-05 19:20:32.320 DEBUG [           main] [corr-94966fd9] org.hibernate.SQL                        : 
    alter table if exists transactions 
       drop constraint if exists FKfyxndk58yiq2vpn0yd4m09kbt
Hibernate: 
    alter table if exists transactions 
       drop constraint if exists FKfyxndk58yiq2vpn0yd4m09kbt
2026-01-05 19:20:32.320 DEBUG [           main] [corr-94966fd9] org.hibernate.SQL                        : 
    alter table if exists transactions 
       drop constraint if exists FKjabxqawmfiq6ch3b4uw6r9tp9
Hibernate: 
    alter table if exists transactions 
       drop constraint if exists FKjabxqawmfiq6ch3b4uw6r9tp9
2026-01-05 19:20:32.320 DEBUG [           main] [corr-94966fd9] org.hibernate.SQL                        : 
    alter table if exists transactions 
       drop constraint if exists FK566q0xeai5k115ya39d776f3w
Hibernate: 
    alter table if exists transactions 
       drop constraint if exists FK566q0xeai5k115ya39d776f3w
2026-01-05 19:20:32.320 DEBUG [           main] [corr-94966fd9] org.hibernate.SQL                        : 
    drop table if exists api_keys cascade
Hibernate: 
    drop table if exists api_keys cascade
2026-01-05 19:20:32.320 DEBUG [           main] [corr-94966fd9] org.hibernate.SQL                        : 
    drop table if exists audit_logs cascade
Hibernate: 
    drop table if exists audit_logs cascade
2026-01-05 19:20:32.320 DEBUG [           main] [corr-94966fd9] org.hibernate.SQL                        : 
    drop table if exists customers cascade
Hibernate: 
    drop table if exists customers cascade
2026-01-05 19:20:32.335 DEBUG [           main] [corr-94966fd9] org.hibernate.SQL                        : 
    drop table if exists orders cascade
Hibernate: 
    drop table if exists orders cascade
2026-01-05 19:20:32.335 DEBUG [           main] [corr-94966fd9] org.hibernate.SQL                        : 
    drop table if exists payment_methods cascade
Hibernate: 
    drop table if exists payment_methods cascade
2026-01-05 19:20:32.335 DEBUG [           main] [corr-94966fd9] org.hibernate.SQL                        : 
    drop table if exists subscription_invoices cascade
Hibernate: 
    drop table if exists subscription_invoices cascade
2026-01-05 19:20:32.335 DEBUG [           main] [corr-94966fd9] org.hibernate.SQL                        : 
    drop table if exists subscription_plans cascade
Hibernate: 
    drop table if exists subscription_plans cascade
2026-01-05 19:20:32.335 DEBUG [           main] [corr-94966fd9] org.hibernate.SQL                        : 
    drop table if exists subscriptions cascade
Hibernate: 
    drop table if exists subscriptions cascade
2026-01-05 19:20:32.335 DEBUG [           main] [corr-94966fd9] org.hibernate.SQL                        : 
    drop table if exists transactions cascade
Hibernate: 
    drop table if exists transactions cascade
2026-01-05 19:20:32.335 DEBUG [           main] [corr-94966fd9] org.hibernate.SQL                        : 
    drop table if exists users cascade
Hibernate: 
    drop table if exists users cascade
2026-01-05 19:20:32.335 DEBUG [           main] [corr-94966fd9] org.hibernate.SQL                        : 
    drop table if exists webhooks cascade
Hibernate: 
    drop table if exists webhooks cascade
2026-01-05 19:20:32.335 DEBUG [           main] [corr-94966fd9] org.hibernate.SQL                        : 
    drop type if exists TransactionType cascade
Hibernate: 
    drop type if exists TransactionType cascade
2026-01-05 19:20:32.335 DEBUG [           main] [corr-94966fd9] org.hibernate.SQL                        : 
    drop type if exists PaymentStatus cascade
Hibernate: 
    drop type if exists PaymentStatus cascade
2026-01-05 19:20:32.335 DEBUG [           main] [corr-94966fd9] org.hibernate.SQL                        : 
    create type PaymentStatus as enum ('PENDING','AUTHORIZED','CAPTURED','SETTLED','VOIDED','REFUNDED','PARTIALLY_REFUNDED','FAILED','CANCELLED','EXPIRED','PENDING_REVIEW')
Hibernate: 
    create type PaymentStatus as enum ('PENDING','AUTHORIZED','CAPTURED','SETTLED','VOIDED','REFUNDED','PARTIALLY_REFUNDED','FAILED','CANCELLED','EXPIRED','PENDING_REVIEW')
2026-01-05 19:20:32.351 DEBUG [           main] [corr-94966fd9] org.hibernate.SQL                        : 
    create cast (varchar as PaymentStatus) with inout as implicit
Hibernate: 
    create cast (varchar as PaymentStatus) with inout as implicit
2026-01-05 19:20:32.351  WARN [           main] [corr-94966fd9] o.h.t.s.i.ExceptionHandlerLoggedImpl     : GenerationTarget encountered exception accepting command : Error executing DDL "
    create cast (varchar as PaymentStatus) with inout as implicit" via JDBC [Syntax error in SQL statement "\000d\000a    create [*]cast (varchar as PaymentStatus) with inout as implicit"; expected "OR REPLACE, FORCE, VIEW, MATERIALIZED, ALIAS, SEQUENCE, USER, TRIGGER, ROLE, SCHEMA, CONSTANT, DOMAIN, TYPE, AGGREGATE, LINKED, MEMORY, CACHED, LOCAL TEMPORARY, GLOBAL TEMPORARY, TEMPORARY, TABLE, SYNONYM, UNIQUE, SPATIAL, INDEX";]

org.hibernate.tool.schema.spi.CommandAcceptanceException: Error executing DDL "
    create cast (varchar as PaymentStatus) with inout as implicit" via JDBC [Syntax error in SQL statement "\000d\000a    create [*]cast (varchar as PaymentStatus) with inout as implicit"; expected "OR REPLACE, FORCE, VIEW, MATERIALIZED, ALIAS, SEQUENCE, USER, TRIGGER, ROLE, SCHEMA, CONSTANT, DOMAIN, TYPE, AGGREGATE, LINKED, MEMORY, CACHED, LOCAL TEMPORARY, GLOBAL TEMPORARY, TEMPORARY, TABLE, SYNONYM, UNIQUE, SPATIAL, INDEX";]
	at org.hibernate.tool.schema.internal.exec.GenerationTargetToDatabase.accept(GenerationTargetToDatabase.java:94)
	at org.hibernate.tool.schema.internal.Helper.applySqlString(Helper.java:233)
	at org.hibernate.tool.schema.internal.Helper.applySqlStrings(Helper.java:217)
	at org.hibernate.tool.schema.internal.SchemaCreatorImpl.createAuxiliaryObjectsBeforeTables(SchemaCreatorImpl.java:480)
	at org.hibernate.tool.schema.internal.SchemaCreatorImpl.createFromMetadata(SchemaCreatorImpl.java:235)
	at org.hibernate.tool.schema.internal.SchemaCreatorImpl.performCreation(SchemaCreatorImpl.java:172)
	at org.hibernate.tool.schema.internal.SchemaCreatorImpl.doCreation(SchemaCreatorImpl.java:142)
	at org.hibernate.tool.schema.internal.SchemaCreatorImpl.doCreation(SchemaCreatorImpl.java:118)
	at org.hibernate.tool.schema.spi.SchemaManagementToolCoordinator.performDatabaseAction(SchemaManagementToolCoordinator.java:256)
	at org.hibernate.tool.schema.spi.SchemaManagementToolCoordinator.lambda$process$5(SchemaManagementToolCoordinator.java:145)
	at java.base/java.util.HashMap.forEach(HashMap.java:1421)
	at org.hibernate.tool.schema.spi.SchemaManagementToolCoordinator.process(SchemaManagementToolCoordinator.java:142)
	at org.hibernate.boot.internal.SessionFactoryObserverForSchemaExport.sessionFactoryCreated(SessionFactoryObserverForSchemaExport.java:37)
	at org.hibernate.internal.SessionFactoryObserverChain.sessionFactoryCreated(SessionFactoryObserverChain.java:35)
	at org.hibernate.internal.SessionFactoryImpl.<init>(SessionFactoryImpl.java:315)
	at org.hibernate.boot.internal.SessionFactoryBuilderImpl.build(SessionFactoryBuilderImpl.java:450)
	at org.hibernate.jpa.boot.internal.EntityManagerFactoryBuilderImpl.build(EntityManagerFactoryBuilderImpl.java:1507)
	at org.springframework.orm.jpa.vendor.SpringHibernateJpaPersistenceProvider.createContainerEntityManagerFactory(SpringHibernateJpaPersistenceProvider.java:75)
	at org.springframework.orm.jpa.LocalContainerEntityManagerFactoryBean.createNativeEntityManagerFactory(LocalContainerEntityManagerFactoryBean.java:390)
	at org.springframework.orm.jpa.AbstractEntityManagerFactoryBean.buildNativeEntityManagerFactory(AbstractEntityManagerFactoryBean.java:409)
	at org.springframework.orm.jpa.AbstractEntityManagerFactoryBean.afterPropertiesSet(AbstractEntityManagerFactoryBean.java:396)
	at org.springframework.orm.jpa.LocalContainerEntityManagerFactoryBean.afterPropertiesSet(LocalContainerEntityManagerFactoryBean.java:366)
	at org.springframework.beans.factory.support.AbstractAutowireCapableBeanFactory.invokeInitMethods(AbstractAutowireCapableBeanFactory.java:1833)
	at org.springframework.beans.factory.support.AbstractAutowireCapableBeanFactory.initializeBean(AbstractAutowireCapableBeanFactory.java:1782)
	at org.springframework.beans.factory.support.AbstractAutowireCapableBeanFactory.doCreateBean(AbstractAutowireCapableBeanFactory.java:600)
	at org.springframework.beans.factory.support.AbstractAutowireCapableBeanFactory.createBean(AbstractAutowireCapableBeanFactory.java:522)
	at org.springframework.beans.factory.support.AbstractBeanFactory.lambda$doGetBean$0(AbstractBeanFactory.java:326)
	at org.springframework.beans.factory.support.DefaultSingletonBeanRegistry.getSingleton(DefaultSingletonBeanRegistry.java:234)
	at org.springframework.beans.factory.support.AbstractBeanFactory.doGetBean(AbstractBeanFactory.java:324)
	at org.springframework.beans.factory.support.AbstractBeanFactory.getBean(AbstractBeanFactory.java:200)
	at org.springframework.context.support.AbstractApplicationContext.getBean(AbstractApplicationContext.java:1234)
	at org.springframework.context.support.AbstractApplicationContext.finishBeanFactoryInitialization(AbstractApplicationContext.java:952)
	at org.springframework.context.support.AbstractApplicationContext.refresh(AbstractApplicationContext.java:624)
	at org.springframework.boot.SpringApplication.refresh(SpringApplication.java:754)
	at org.springframework.boot.SpringApplication.refreshContext(SpringApplication.java:456)
	at org.springframework.boot.SpringApplication.run(SpringApplication.java:334)
	at org.springframework.boot.test.context.SpringBootContextLoader.lambda$loadContext$3(SpringBootContextLoader.java:137)
	at org.springframework.util.function.ThrowingSupplier.get(ThrowingSupplier.java:58)
	at org.springframework.util.function.ThrowingSupplier.get(ThrowingSupplier.java:46)
	at org.springframework.boot.SpringApplication.withHook(SpringApplication.java:1454)
	at org.springframework.boot.test.context.SpringBootContextLoader$ContextLoaderHook.run(SpringBootContextLoader.java:553)
	at org.springframework.boot.test.context.SpringBootContextLoader.loadContext(SpringBootContextLoader.java:137)
	at org.springframework.boot.test.context.SpringBootContextLoader.loadContext(SpringBootContextLoader.java:108)
	at org.springframework.test.context.cache.DefaultCacheAwareContextLoaderDelegate.loadContextInternal(DefaultCacheAwareContextLoaderDelegate.java:225)
	at org.springframework.test.context.cache.DefaultCacheAwareContextLoaderDelegate.loadContext(DefaultCacheAwareContextLoaderDelegate.java:152)
	at org.springframework.test.context.support.DefaultTestContext.getApplicationContext(DefaultTestContext.java:130)
	at org.springframework.cloud.contract.wiremock.WireMockTestExecutionListener.applicationContextBroken(WireMockTestExecutionListener.java:120)
	at org.springframework.cloud.contract.wiremock.WireMockTestExecutionListener.beforeTestClass(WireMockTestExecutionListener.java:43)
	at org.springframework.test.context.TestContextManager.beforeTestClass(TestContextManager.java:220)
	at org.springframework.test.context.junit.jupiter.SpringExtension.beforeAll(SpringExtension.java:133)
	at org.junit.jupiter.engine.descriptor.ClassBasedTestDescriptor.lambda$invokeBeforeAllCallbacks$12(ClassBasedTestDescriptor.java:396)
	at org.junit.platform.engine.support.hierarchical.ThrowableCollector.execute(ThrowableCollector.java:73)
	at org.junit.jupiter.engine.descriptor.ClassBasedTestDescriptor.invokeBeforeAllCallbacks(ClassBasedTestDescriptor.java:396)
	at org.junit.jupiter.engine.descriptor.ClassBasedTestDescriptor.before(ClassBasedTestDescriptor.java:212)
	at org.junit.jupiter.engine.descriptor.ClassBasedTestDescriptor.before(ClassBasedTestDescriptor.java:85)
	at org.junit.platform.engine.support.hierarchical.NodeTestTask.lambda$executeRecursively$6(NodeTestTask.java:148)
	at org.junit.platform.engine.support.hierarchical.ThrowableCollector.execute(ThrowableCollector.java:73)
	at org.junit.platform.engine.support.hierarchical.NodeTestTask.lambda$executeRecursively$8(NodeTestTask.java:141)
	at org.junit.platform.engine.support.hierarchical.Node.around(Node.java:137)
	at org.junit.platform.engine.support.hierarchical.NodeTestTask.lambda$executeRecursively$9(NodeTestTask.java:139)
	at org.junit.platform.engine.support.hierarchical.ThrowableCollector.execute(ThrowableCollector.java:73)
	at org.junit.platform.engine.support.hierarchical.NodeTestTask.executeRecursively(NodeTestTask.java:138)
	at org.junit.platform.engine.support.hierarchical.NodeTestTask.execute(NodeTestTask.java:95)
	at java.base/java.util.ArrayList.forEach(ArrayList.java:1511)
	at org.junit.platform.engine.support.hierarchical.SameThreadHierarchicalTestExecutorService.invokeAll(SameThreadHierarchicalTestExecutorService.java:41)
	at org.junit.platform.engine.support.hierarchical.NodeTestTask.lambda$executeRecursively$6(NodeTestTask.java:155)
	at org.junit.platform.engine.support.hierarchical.ThrowableCollector.execute(ThrowableCollector.java:73)
	at org.junit.platform.engine.support.hierarchical.NodeTestTask.lambda$executeRecursively$8(NodeTestTask.java:141)
	at org.junit.platform.engine.support.hierarchical.Node.around(Node.java:137)
	at org.junit.platform.engine.support.hierarchical.NodeTestTask.lambda$executeRecursively$9(NodeTestTask.java:139)
	at org.junit.platform.engine.support.hierarchical.ThrowableCollector.execute(ThrowableCollector.java:73)
	at org.junit.platform.engine.support.hierarchical.NodeTestTask.executeRecursively(NodeTestTask.java:138)
	at org.junit.platform.engine.support.hierarchical.NodeTestTask.execute(NodeTestTask.java:95)
	at org.junit.platform.engine.support.hierarchical.SameThreadHierarchicalTestExecutorService.submit(SameThreadHierarchicalTestExecutorService.java:35)
	at org.junit.platform.engine.support.hierarchical.HierarchicalTestExecutor.execute(HierarchicalTestExecutor.java:57)
	at org.junit.platform.engine.support.hierarchical.HierarchicalTestEngine.execute(HierarchicalTestEngine.java:54)
	at org.junit.platform.launcher.core.EngineExecutionOrchestrator.execute(EngineExecutionOrchestrator.java:198)
	at org.junit.platform.launcher.core.EngineExecutionOrchestrator.execute(EngineExecutionOrchestrator.java:169)
	at org.junit.platform.launcher.core.EngineExecutionOrchestrator.execute(EngineExecutionOrchestrator.java:93)
	at org.junit.platform.launcher.core.EngineExecutionOrchestrator.lambda$execute$0(EngineExecutionOrchestrator.java:58)
	at org.junit.platform.launcher.core.EngineExecutionOrchestrator.withInterceptedStreams(EngineExecutionOrchestrator.java:141)
	at org.junit.platform.launcher.core.EngineExecutionOrchestrator.execute(EngineExecutionOrchestrator.java:57)
	at org.junit.platform.launcher.core.DefaultLauncher.execute(DefaultLauncher.java:103)
	at org.junit.platform.launcher.core.DefaultLauncher.execute(DefaultLauncher.java:85)
	at org.junit.platform.launcher.core.DelegatingLauncher.execute(DelegatingLauncher.java:47)
	at org.junit.platform.launcher.core.SessionPerRequestLauncher.execute(SessionPerRequestLauncher.java:63)
	at org.apache.maven.surefire.junitplatform.JUnitPlatformProvider.execute(JUnitPlatformProvider.java:188)
	at org.apache.maven.surefire.junitplatform.JUnitPlatformProvider.invokeAllTests(JUnitPlatformProvider.java:154)
	at org.apache.maven.surefire.junitplatform.JUnitPlatformProvider.invoke(JUnitPlatformProvider.java:128)
	at org.apache.maven.surefire.booter.ForkedBooter.runSuitesInProcess(ForkedBooter.java:428)
	at org.apache.maven.surefire.booter.ForkedBooter.execute(ForkedBooter.java:162)
	at org.apache.maven.surefire.booter.ForkedBooter.run(ForkedBooter.java:562)
	at org.apache.maven.surefire.booter.ForkedBooter.main(ForkedBooter.java:548)
Caused by: org.h2.jdbc.JdbcSQLSyntaxErrorException: Syntax error in SQL statement "\000d\000a    create [*]cast (varchar as PaymentStatus) with inout as implicit"; expected "OR REPLACE, FORCE, VIEW, MATERIALIZED, ALIAS, SEQUENCE, USER, TRIGGER, ROLE, SCHEMA, CONSTANT, DOMAIN, TYPE, AGGREGATE, LINKED, MEMORY, CACHED, LOCAL TEMPORARY, GLOBAL TEMPORARY, TEMPORARY, TABLE, SYNONYM, UNIQUE, SPATIAL, INDEX"; SQL statement:

    create cast (varchar as PaymentStatus) with inout as implicit [42001-224]
	at org.h2.message.DbException.getJdbcSQLException(DbException.java:514)
	at org.h2.message.DbException.getJdbcSQLException(DbException.java:489)
	at org.h2.message.DbException.getSyntaxError(DbException.java:261)
	at org.h2.command.ParserBase.getSyntaxError(ParserBase.java:750)
	at org.h2.command.ParserBase.read(ParserBase.java:349)
	at org.h2.command.Parser.parseCreate(Parser.java:6433)
	at org.h2.command.Parser.parsePrepared(Parser.java:666)
	at org.h2.command.Parser.parse(Parser.java:592)
	at org.h2.command.Parser.parse(Parser.java:569)
	at org.h2.command.Parser.prepareCommand(Parser.java:483)
	at org.h2.engine.SessionLocal.prepareLocal(SessionLocal.java:639)
	at org.h2.engine.SessionLocal.prepareCommand(SessionLocal.java:559)
	at org.h2.jdbc.JdbcConnection.prepareCommand(JdbcConnection.java:1166)
	at org.h2.jdbc.JdbcStatement.executeInternal(JdbcStatement.java:245)
	at org.h2.jdbc.JdbcStatement.execute(JdbcStatement.java:231)
	at com.zaxxer.hikari.pool.ProxyStatement.execute(ProxyStatement.java:94)
	at com.zaxxer.hikari.pool.HikariProxyStatement.execute(HikariProxyStatement.java)
	at org.hibernate.tool.schema.internal.exec.GenerationTargetToDatabase.accept(GenerationTargetToDatabase.java:80)
	... 92 common frames omitted

2026-01-05 19:20:32.351 DEBUG [           main] [corr-94966fd9] org.hibernate.SQL                        : 
    create cast (PaymentStatus as varchar) with inout as implicit
Hibernate: 
    create cast (PaymentStatus as varchar) with inout as implicit
2026-01-05 19:20:32.351  WARN [           main] [corr-94966fd9] o.h.t.s.i.ExceptionHandlerLoggedImpl     : GenerationTarget encountered exception accepting command : Error executing DDL "
    create cast (PaymentStatus as varchar) with inout as implicit" via JDBC [Syntax error in SQL statement "\000d\000a    create [*]cast (PaymentStatus as varchar) with inout as implicit"; expected "OR REPLACE, FORCE, VIEW, MATERIALIZED, ALIAS, SEQUENCE, USER, TRIGGER, ROLE, SCHEMA, CONSTANT, DOMAIN, TYPE, AGGREGATE, LINKED, MEMORY, CACHED, LOCAL TEMPORARY, GLOBAL TEMPORARY, TEMPORARY, TABLE, SYNONYM, UNIQUE, SPATIAL, INDEX";]

org.hibernate.tool.schema.spi.CommandAcceptanceException: Error executing DDL "
    create cast (PaymentStatus as varchar) with inout as implicit" via JDBC [Syntax error in SQL statement "\000d\000a    create [*]cast (PaymentStatus as varchar) with inout as implicit"; expected "OR REPLACE, FORCE, VIEW, MATERIALIZED, ALIAS, SEQUENCE, USER, TRIGGER, ROLE, SCHEMA, CONSTANT, DOMAIN, TYPE, AGGREGATE, LINKED, MEMORY, CACHED, LOCAL TEMPORARY, GLOBAL TEMPORARY, TEMPORARY, TABLE, SYNONYM, UNIQUE, SPATIAL, INDEX";]
	at org.hibernate.tool.schema.internal.exec.GenerationTargetToDatabase.accept(GenerationTargetToDatabase.java:94)
	at org.hibernate.tool.schema.internal.Helper.applySqlString(Helper.java:233)
	at org.hibernate.tool.schema.internal.Helper.applySqlStrings(Helper.java:217)
	at org.hibernate.tool.schema.internal.SchemaCreatorImpl.createAuxiliaryObjectsBeforeTables(SchemaCreatorImpl.java:480)
	at org.hibernate.tool.schema.internal.SchemaCreatorImpl.createFromMetadata(SchemaCreatorImpl.java:235)
	at org.hibernate.tool.schema.internal.SchemaCreatorImpl.performCreation(SchemaCreatorImpl.java:172)
	at org.hibernate.tool.schema.internal.SchemaCreatorImpl.doCreation(SchemaCreatorImpl.java:142)
	at org.hibernate.tool.schema.internal.SchemaCreatorImpl.doCreation(SchemaCreatorImpl.java:118)
	at org.hibernate.tool.schema.spi.SchemaManagementToolCoordinator.performDatabaseAction(SchemaManagementToolCoordinator.java:256)
	at org.hibernate.tool.schema.spi.SchemaManagementToolCoordinator.lambda$process$5(SchemaManagementToolCoordinator.java:145)
	at java.base/java.util.HashMap.forEach(HashMap.java:1421)
	at org.hibernate.tool.schema.spi.SchemaManagementToolCoordinator.process(SchemaManagementToolCoordinator.java:142)
	at org.hibernate.boot.internal.SessionFactoryObserverForSchemaExport.sessionFactoryCreated(SessionFactoryObserverForSchemaExport.java:37)
	at org.hibernate.internal.SessionFactoryObserverChain.sessionFactoryCreated(SessionFactoryObserverChain.java:35)
	at org.hibernate.internal.SessionFactoryImpl.<init>(SessionFactoryImpl.java:315)
	at org.hibernate.boot.internal.SessionFactoryBuilderImpl.build(SessionFactoryBuilderImpl.java:450)
	at org.hibernate.jpa.boot.internal.EntityManagerFactoryBuilderImpl.build(EntityManagerFactoryBuilderImpl.java:1507)
	at org.springframework.orm.jpa.vendor.SpringHibernateJpaPersistenceProvider.createContainerEntityManagerFactory(SpringHibernateJpaPersistenceProvider.java:75)
	at org.springframework.orm.jpa.LocalContainerEntityManagerFactoryBean.createNativeEntityManagerFactory(LocalContainerEntityManagerFactoryBean.java:390)
	at org.springframework.orm.jpa.AbstractEntityManagerFactoryBean.buildNativeEntityManagerFactory(AbstractEntityManagerFactoryBean.java:409)
	at org.springframework.orm.jpa.AbstractEntityManagerFactoryBean.afterPropertiesSet(AbstractEntityManagerFactoryBean.java:396)
	at org.springframework.orm.jpa.LocalContainerEntityManagerFactoryBean.afterPropertiesSet(LocalContainerEntityManagerFactoryBean.java:366)
	at org.springframework.beans.factory.support.AbstractAutowireCapableBeanFactory.invokeInitMethods(AbstractAutowireCapableBeanFactory.java:1833)
	at org.springframework.beans.factory.support.AbstractAutowireCapableBeanFactory.initializeBean(AbstractAutowireCapableBeanFactory.java:1782)
	at org.springframework.beans.factory.support.AbstractAutowireCapableBeanFactory.doCreateBean(AbstractAutowireCapableBeanFactory.java:600)
	at org.springframework.beans.factory.support.AbstractAutowireCapableBeanFactory.createBean(AbstractAutowireCapableBeanFactory.java:522)
	at org.springframework.beans.factory.support.AbstractBeanFactory.lambda$doGetBean$0(AbstractBeanFactory.java:326)
	at org.springframework.beans.factory.support.DefaultSingletonBeanRegistry.getSingleton(DefaultSingletonBeanRegistry.java:234)
	at org.springframework.beans.factory.support.AbstractBeanFactory.doGetBean(AbstractBeanFactory.java:324)
	at org.springframework.beans.factory.support.AbstractBeanFactory.getBean(AbstractBeanFactory.java:200)
	at org.springframework.context.support.AbstractApplicationContext.getBean(AbstractApplicationContext.java:1234)
	at org.springframework.context.support.AbstractApplicationContext.finishBeanFactoryInitialization(AbstractApplicationContext.java:952)
	at org.springframework.context.support.AbstractApplicationContext.refresh(AbstractApplicationContext.java:624)
	at org.springframework.boot.SpringApplication.refresh(SpringApplication.java:754)
	at org.springframework.boot.SpringApplication.refreshContext(SpringApplication.java:456)
	at org.springframework.boot.SpringApplication.run(SpringApplication.java:334)
	at org.springframework.boot.test.context.SpringBootContextLoader.lambda$loadContext$3(SpringBootContextLoader.java:137)
	at org.springframework.util.function.ThrowingSupplier.get(ThrowingSupplier.java:58)
	at org.springframework.util.function.ThrowingSupplier.get(ThrowingSupplier.java:46)
	at org.springframework.boot.SpringApplication.withHook(SpringApplication.java:1454)
	at org.springframework.boot.test.context.SpringBootContextLoader$ContextLoaderHook.run(SpringBootContextLoader.java:553)
	at org.springframework.boot.test.context.SpringBootContextLoader.loadContext(SpringBootContextLoader.java:137)
	at org.springframework.boot.test.context.SpringBootContextLoader.loadContext(SpringBootContextLoader.java:108)
	at org.springframework.test.context.cache.DefaultCacheAwareContextLoaderDelegate.loadContextInternal(DefaultCacheAwareContextLoaderDelegate.java:225)
	at org.springframework.test.context.cache.DefaultCacheAwareContextLoaderDelegate.loadContext(DefaultCacheAwareContextLoaderDelegate.java:152)
	at org.springframework.test.context.support.DefaultTestContext.getApplicationContext(DefaultTestContext.java:130)
	at org.springframework.cloud.contract.wiremock.WireMockTestExecutionListener.applicationContextBroken(WireMockTestExecutionListener.java:120)
	at org.springframework.cloud.contract.wiremock.WireMockTestExecutionListener.beforeTestClass(WireMockTestExecutionListener.java:43)
	at org.springframework.test.context.TestContextManager.beforeTestClass(TestContextManager.java:220)
	at org.springframework.test.context.junit.jupiter.SpringExtension.beforeAll(SpringExtension.java:133)
	at org.junit.jupiter.engine.descriptor.ClassBasedTestDescriptor.lambda$invokeBeforeAllCallbacks$12(ClassBasedTestDescriptor.java:396)
	at org.junit.platform.engine.support.hierarchical.ThrowableCollector.execute(ThrowableCollector.java:73)
	at org.junit.jupiter.engine.descriptor.ClassBasedTestDescriptor.invokeBeforeAllCallbacks(ClassBasedTestDescriptor.java:396)
	at org.junit.jupiter.engine.descriptor.ClassBasedTestDescriptor.before(ClassBasedTestDescriptor.java:212)
	at org.junit.jupiter.engine.descriptor.ClassBasedTestDescriptor.before(ClassBasedTestDescriptor.java:85)
	at org.junit.platform.engine.support.hierarchical.NodeTestTask.lambda$executeRecursively$6(NodeTestTask.java:148)
	at org.junit.platform.engine.support.hierarchical.ThrowableCollector.execute(ThrowableCollector.java:73)
	at org.junit.platform.engine.support.hierarchical.NodeTestTask.lambda$executeRecursively$8(NodeTestTask.java:141)
	at org.junit.platform.engine.support.hierarchical.Node.around(Node.java:137)
	at org.junit.platform.engine.support.hierarchical.NodeTestTask.lambda$executeRecursively$9(NodeTestTask.java:139)
	at org.junit.platform.engine.support.hierarchical.ThrowableCollector.execute(ThrowableCollector.java:73)
	at org.junit.platform.engine.support.hierarchical.NodeTestTask.executeRecursively(NodeTestTask.java:138)
	at org.junit.platform.engine.support.hierarchical.NodeTestTask.execute(NodeTestTask.java:95)
	at java.base/java.util.ArrayList.forEach(ArrayList.java:1511)
	at org.junit.platform.engine.support.hierarchical.SameThreadHierarchicalTestExecutorService.invokeAll(SameThreadHierarchicalTestExecutorService.java:41)
	at org.junit.platform.engine.support.hierarchical.NodeTestTask.lambda$executeRecursively$6(NodeTestTask.java:155)
	at org.junit.platform.engine.support.hierarchical.ThrowableCollector.execute(ThrowableCollector.java:73)
	at org.junit.platform.engine.support.hierarchical.NodeTestTask.lambda$executeRecursively$8(NodeTestTask.java:141)
	at org.junit.platform.engine.support.hierarchical.Node.around(Node.java:137)
	at org.junit.platform.engine.support.hierarchical.NodeTestTask.lambda$executeRecursively$9(NodeTestTask.java:139)
	at org.junit.platform.engine.support.hierarchical.ThrowableCollector.execute(ThrowableCollector.java:73)
	at org.junit.platform.engine.support.hierarchical.NodeTestTask.executeRecursively(NodeTestTask.java:138)
	at org.junit.platform.engine.support.hierarchical.NodeTestTask.execute(NodeTestTask.java:95)
	at org.junit.platform.engine.support.hierarchical.SameThreadHierarchicalTestExecutorService.submit(SameThreadHierarchicalTestExecutorService.java:35)
	at org.junit.platform.engine.support.hierarchical.HierarchicalTestExecutor.execute(HierarchicalTestExecutor.java:57)
	at org.junit.platform.engine.support.hierarchical.HierarchicalTestEngine.execute(HierarchicalTestEngine.java:54)
	at org.junit.platform.launcher.core.EngineExecutionOrchestrator.execute(EngineExecutionOrchestrator.java:198)
	at org.junit.platform.launcher.core.EngineExecutionOrchestrator.execute(EngineExecutionOrchestrator.java:169)
	at org.junit.platform.launcher.core.EngineExecutionOrchestrator.execute(EngineExecutionOrchestrator.java:93)
	at org.junit.platform.launcher.core.EngineExecutionOrchestrator.lambda$execute$0(EngineExecutionOrchestrator.java:58)
	at org.junit.platform.launcher.core.EngineExecutionOrchestrator.withInterceptedStreams(EngineExecutionOrchestrator.java:141)
	at org.junit.platform.launcher.core.EngineExecutionOrchestrator.execute(EngineExecutionOrchestrator.java:57)
	at org.junit.platform.launcher.core.DefaultLauncher.execute(DefaultLauncher.java:103)
	at org.junit.platform.launcher.core.DefaultLauncher.execute(DefaultLauncher.java:85)
	at org.junit.platform.launcher.core.DelegatingLauncher.execute(DelegatingLauncher.java:47)
	at org.junit.platform.launcher.core.SessionPerRequestLauncher.execute(SessionPerRequestLauncher.java:63)
	at org.apache.maven.surefire.junitplatform.JUnitPlatformProvider.execute(JUnitPlatformProvider.java:188)
	at org.apache.maven.surefire.junitplatform.JUnitPlatformProvider.invokeAllTests(JUnitPlatformProvider.java:154)
	at org.apache.maven.surefire.junitplatform.JUnitPlatformProvider.invoke(JUnitPlatformProvider.java:128)
	at org.apache.maven.surefire.booter.ForkedBooter.runSuitesInProcess(ForkedBooter.java:428)
	at org.apache.maven.surefire.booter.ForkedBooter.execute(ForkedBooter.java:162)
	at org.apache.maven.surefire.booter.ForkedBooter.run(ForkedBooter.java:562)
	at org.apache.maven.surefire.booter.ForkedBooter.main(ForkedBooter.java:548)
Caused by: org.h2.jdbc.JdbcSQLSyntaxErrorException: Syntax error in SQL statement "\000d\000a    create [*]cast (PaymentStatus as varchar) with inout as implicit"; expected "OR REPLACE, FORCE, VIEW, MATERIALIZED, ALIAS, SEQUENCE, USER, TRIGGER, ROLE, SCHEMA, CONSTANT, DOMAIN, TYPE, AGGREGATE, LINKED, MEMORY, CACHED, LOCAL TEMPORARY, GLOBAL TEMPORARY, TEMPORARY, TABLE, SYNONYM, UNIQUE, SPATIAL, INDEX"; SQL statement:

    create cast (PaymentStatus as varchar) with inout as implicit [42001-224]
	at org.h2.message.DbException.getJdbcSQLException(DbException.java:514)
	at org.h2.message.DbException.getJdbcSQLException(DbException.java:489)
	at org.h2.message.DbException.getSyntaxError(DbException.java:261)
	at org.h2.command.ParserBase.getSyntaxError(ParserBase.java:750)
	at org.h2.command.ParserBase.read(ParserBase.java:349)
	at org.h2.command.Parser.parseCreate(Parser.java:6433)
	at org.h2.command.Parser.parsePrepared(Parser.java:666)
	at org.h2.command.Parser.parse(Parser.java:592)
	at org.h2.command.Parser.parse(Parser.java:569)
	at org.h2.command.Parser.prepareCommand(Parser.java:483)
	at org.h2.engine.SessionLocal.prepareLocal(SessionLocal.java:639)
	at org.h2.engine.SessionLocal.prepareCommand(SessionLocal.java:559)
	at org.h2.jdbc.JdbcConnection.prepareCommand(JdbcConnection.java:1166)
	at org.h2.jdbc.JdbcStatement.executeInternal(JdbcStatement.java:245)
	at org.h2.jdbc.JdbcStatement.execute(JdbcStatement.java:231)
	at com.zaxxer.hikari.pool.ProxyStatement.execute(ProxyStatement.java:94)
	at com.zaxxer.hikari.pool.HikariProxyStatement.execute(HikariProxyStatement.java)
	at org.hibernate.tool.schema.internal.exec.GenerationTargetToDatabase.accept(GenerationTargetToDatabase.java:80)
	... 92 common frames omitted

2026-01-05 19:20:32.351 DEBUG [           main] [corr-94966fd9] org.hibernate.SQL                        : 
    create type TransactionType as enum ('PURCHASE','AUTHORIZE','CAPTURE','VOID','REFUND','PARTIAL_REFUND')
Hibernate: 
    create type TransactionType as enum ('PURCHASE','AUTHORIZE','CAPTURE','VOID','REFUND','PARTIAL_REFUND')
2026-01-05 19:20:32.351 DEBUG [           main] [corr-94966fd9] org.hibernate.SQL                        : 
    create cast (varchar as TransactionType) with inout as implicit
Hibernate: 
    create cast (varchar as TransactionType) with inout as implicit
2026-01-05 19:20:32.351  WARN [           main] [corr-94966fd9] o.h.t.s.i.ExceptionHandlerLoggedImpl     : GenerationTarget encountered exception accepting command : Error executing DDL "
    create cast (varchar as TransactionType) with inout as implicit" via JDBC [Syntax error in SQL statement "\000d\000a    create [*]cast (varchar as TransactionType) with inout as implicit"; expected "OR REPLACE, FORCE, VIEW, MATERIALIZED, ALIAS, SEQUENCE, USER, TRIGGER, ROLE, SCHEMA, CONSTANT, DOMAIN, TYPE, AGGREGATE, LINKED, MEMORY, CACHED, LOCAL TEMPORARY, GLOBAL TEMPORARY, TEMPORARY, TABLE, SYNONYM, UNIQUE, SPATIAL, INDEX";]

org.hibernate.tool.schema.spi.CommandAcceptanceException: Error executing DDL "
    create cast (varchar as TransactionType) with inout as implicit" via JDBC [Syntax error in SQL statement "\000d\000a    create [*]cast (varchar as TransactionType) with inout as implicit"; expected "OR REPLACE, FORCE, VIEW, MATERIALIZED, ALIAS, SEQUENCE, USER, TRIGGER, ROLE, SCHEMA, CONSTANT, DOMAIN, TYPE, AGGREGATE, LINKED, MEMORY, CACHED, LOCAL TEMPORARY, GLOBAL TEMPORARY, TEMPORARY, TABLE, SYNONYM, UNIQUE, SPATIAL, INDEX";]
	at org.hibernate.tool.schema.internal.exec.GenerationTargetToDatabase.accept(GenerationTargetToDatabase.java:94)
	at org.hibernate.tool.schema.internal.Helper.applySqlString(Helper.java:233)
	at org.hibernate.tool.schema.internal.Helper.applySqlStrings(Helper.java:217)
	at org.hibernate.tool.schema.internal.SchemaCreatorImpl.createAuxiliaryObjectsBeforeTables(SchemaCreatorImpl.java:480)
	at org.hibernate.tool.schema.internal.SchemaCreatorImpl.createFromMetadata(SchemaCreatorImpl.java:235)
	at org.hibernate.tool.schema.internal.SchemaCreatorImpl.performCreation(SchemaCreatorImpl.java:172)
	at org.hibernate.tool.schema.internal.SchemaCreatorImpl.doCreation(SchemaCreatorImpl.java:142)
	at org.hibernate.tool.schema.internal.SchemaCreatorImpl.doCreation(SchemaCreatorImpl.java:118)
	at org.hibernate.tool.schema.spi.SchemaManagementToolCoordinator.performDatabaseAction(SchemaManagementToolCoordinator.java:256)
	at org.hibernate.tool.schema.spi.SchemaManagementToolCoordinator.lambda$process$5(SchemaManagementToolCoordinator.java:145)
	at java.base/java.util.HashMap.forEach(HashMap.java:1421)
	at org.hibernate.tool.schema.spi.SchemaManagementToolCoordinator.process(SchemaManagementToolCoordinator.java:142)
	at org.hibernate.boot.internal.SessionFactoryObserverForSchemaExport.sessionFactoryCreated(SessionFactoryObserverForSchemaExport.java:37)
	at org.hibernate.internal.SessionFactoryObserverChain.sessionFactoryCreated(SessionFactoryObserverChain.java:35)
	at org.hibernate.internal.SessionFactoryImpl.<init>(SessionFactoryImpl.java:315)
	at org.hibernate.boot.internal.SessionFactoryBuilderImpl.build(SessionFactoryBuilderImpl.java:450)
	at org.hibernate.jpa.boot.internal.EntityManagerFactoryBuilderImpl.build(EntityManagerFactoryBuilderImpl.java:1507)
	at org.springframework.orm.jpa.vendor.SpringHibernateJpaPersistenceProvider.createContainerEntityManagerFactory(SpringHibernateJpaPersistenceProvider.java:75)
	at org.springframework.orm.jpa.LocalContainerEntityManagerFactoryBean.createNativeEntityManagerFactory(LocalContainerEntityManagerFactoryBean.java:390)
	at org.springframework.orm.jpa.AbstractEntityManagerFactoryBean.buildNativeEntityManagerFactory(AbstractEntityManagerFactoryBean.java:409)
	at org.springframework.orm.jpa.AbstractEntityManagerFactoryBean.afterPropertiesSet(AbstractEntityManagerFactoryBean.java:396)
	at org.springframework.orm.jpa.LocalContainerEntityManagerFactoryBean.afterPropertiesSet(LocalContainerEntityManagerFactoryBean.java:366)
	at org.springframework.beans.factory.support.AbstractAutowireCapableBeanFactory.invokeInitMethods(AbstractAutowireCapableBeanFactory.java:1833)
	at org.springframework.beans.factory.support.AbstractAutowireCapableBeanFactory.initializeBean(AbstractAutowireCapableBeanFactory.java:1782)
	at org.springframework.beans.factory.support.AbstractAutowireCapableBeanFactory.doCreateBean(AbstractAutowireCapableBeanFactory.java:600)
	at org.springframework.beans.factory.support.AbstractAutowireCapableBeanFactory.createBean(AbstractAutowireCapableBeanFactory.java:522)
	at org.springframework.beans.factory.support.AbstractBeanFactory.lambda$doGetBean$0(AbstractBeanFactory.java:326)
	at org.springframework.beans.factory.support.DefaultSingletonBeanRegistry.getSingleton(DefaultSingletonBeanRegistry.java:234)
	at org.springframework.beans.factory.support.AbstractBeanFactory.doGetBean(AbstractBeanFactory.java:324)
	at org.springframework.beans.factory.support.AbstractBeanFactory.getBean(AbstractBeanFactory.java:200)
	at org.springframework.context.support.AbstractApplicationContext.getBean(AbstractApplicationContext.java:1234)
	at org.springframework.context.support.AbstractApplicationContext.finishBeanFactoryInitialization(AbstractApplicationContext.java:952)
	at org.springframework.context.support.AbstractApplicationContext.refresh(AbstractApplicationContext.java:624)
	at org.springframework.boot.SpringApplication.refresh(SpringApplication.java:754)
	at org.springframework.boot.SpringApplication.refreshContext(SpringApplication.java:456)
	at org.springframework.boot.SpringApplication.run(SpringApplication.java:334)
	at org.springframework.boot.test.context.SpringBootContextLoader.lambda$loadContext$3(SpringBootContextLoader.java:137)
	at org.springframework.util.function.ThrowingSupplier.get(ThrowingSupplier.java:58)
	at org.springframework.util.function.ThrowingSupplier.get(ThrowingSupplier.java:46)
	at org.springframework.boot.SpringApplication.withHook(SpringApplication.java:1454)
	at org.springframework.boot.test.context.SpringBootContextLoader$ContextLoaderHook.run(SpringBootContextLoader.java:553)
	at org.springframework.boot.test.context.SpringBootContextLoader.loadContext(SpringBootContextLoader.java:137)
	at org.springframework.boot.test.context.SpringBootContextLoader.loadContext(SpringBootContextLoader.java:108)
	at org.springframework.test.context.cache.DefaultCacheAwareContextLoaderDelegate.loadContextInternal(DefaultCacheAwareContextLoaderDelegate.java:225)
	at org.springframework.test.context.cache.DefaultCacheAwareContextLoaderDelegate.loadContext(DefaultCacheAwareContextLoaderDelegate.java:152)
	at org.springframework.test.context.support.DefaultTestContext.getApplicationContext(DefaultTestContext.java:130)
	at org.springframework.cloud.contract.wiremock.WireMockTestExecutionListener.applicationContextBroken(WireMockTestExecutionListener.java:120)
	at org.springframework.cloud.contract.wiremock.WireMockTestExecutionListener.beforeTestClass(WireMockTestExecutionListener.java:43)
	at org.springframework.test.context.TestContextManager.beforeTestClass(TestContextManager.java:220)
	at org.springframework.test.context.junit.jupiter.SpringExtension.beforeAll(SpringExtension.java:133)
	at org.junit.jupiter.engine.descriptor.ClassBasedTestDescriptor.lambda$invokeBeforeAllCallbacks$12(ClassBasedTestDescriptor.java:396)
	at org.junit.platform.engine.support.hierarchical.ThrowableCollector.execute(ThrowableCollector.java:73)
	at org.junit.jupiter.engine.descriptor.ClassBasedTestDescriptor.invokeBeforeAllCallbacks(ClassBasedTestDescriptor.java:396)
	at org.junit.jupiter.engine.descriptor.ClassBasedTestDescriptor.before(ClassBasedTestDescriptor.java:212)
	at org.junit.jupiter.engine.descriptor.ClassBasedTestDescriptor.before(ClassBasedTestDescriptor.java:85)
	at org.junit.platform.engine.support.hierarchical.NodeTestTask.lambda$executeRecursively$6(NodeTestTask.java:148)
	at org.junit.platform.engine.support.hierarchical.ThrowableCollector.execute(ThrowableCollector.java:73)
	at org.junit.platform.engine.support.hierarchical.NodeTestTask.lambda$executeRecursively$8(NodeTestTask.java:141)
	at org.junit.platform.engine.support.hierarchical.Node.around(Node.java:137)
	at org.junit.platform.engine.support.hierarchical.NodeTestTask.lambda$executeRecursively$9(NodeTestTask.java:139)
	at org.junit.platform.engine.support.hierarchical.ThrowableCollector.execute(ThrowableCollector.java:73)
	at org.junit.platform.engine.support.hierarchical.NodeTestTask.executeRecursively(NodeTestTask.java:138)
	at org.junit.platform.engine.support.hierarchical.NodeTestTask.execute(NodeTestTask.java:95)
	at java.base/java.util.ArrayList.forEach(ArrayList.java:1511)
	at org.junit.platform.engine.support.hierarchical.SameThreadHierarchicalTestExecutorService.invokeAll(SameThreadHierarchicalTestExecutorService.java:41)
	at org.junit.platform.engine.support.hierarchical.NodeTestTask.lambda$executeRecursively$6(NodeTestTask.java:155)
	at org.junit.platform.engine.support.hierarchical.ThrowableCollector.execute(ThrowableCollector.java:73)
	at org.junit.platform.engine.support.hierarchical.NodeTestTask.lambda$executeRecursively$8(NodeTestTask.java:141)
	at org.junit.platform.engine.support.hierarchical.Node.around(Node.java:137)
	at org.junit.platform.engine.support.hierarchical.NodeTestTask.lambda$executeRecursively$9(NodeTestTask.java:139)
	at org.junit.platform.engine.support.hierarchical.ThrowableCollector.execute(ThrowableCollector.java:73)
	at org.junit.platform.engine.support.hierarchical.NodeTestTask.executeRecursively(NodeTestTask.java:138)
	at org.junit.platform.engine.support.hierarchical.NodeTestTask.execute(NodeTestTask.java:95)
	at org.junit.platform.engine.support.hierarchical.SameThreadHierarchicalTestExecutorService.submit(SameThreadHierarchicalTestExecutorService.java:35)
	at org.junit.platform.engine.support.hierarchical.HierarchicalTestExecutor.execute(HierarchicalTestExecutor.java:57)
	at org.junit.platform.engine.support.hierarchical.HierarchicalTestEngine.execute(HierarchicalTestEngine.java:54)
	at org.junit.platform.launcher.core.EngineExecutionOrchestrator.execute(EngineExecutionOrchestrator.java:198)
	at org.junit.platform.launcher.core.EngineExecutionOrchestrator.execute(EngineExecutionOrchestrator.java:169)
	at org.junit.platform.launcher.core.EngineExecutionOrchestrator.execute(EngineExecutionOrchestrator.java:93)
	at org.junit.platform.launcher.core.EngineExecutionOrchestrator.lambda$execute$0(EngineExecutionOrchestrator.java:58)
	at org.junit.platform.launcher.core.EngineExecutionOrchestrator.withInterceptedStreams(EngineExecutionOrchestrator.java:141)
	at org.junit.platform.launcher.core.EngineExecutionOrchestrator.execute(EngineExecutionOrchestrator.java:57)
	at org.junit.platform.launcher.core.DefaultLauncher.execute(DefaultLauncher.java:103)
	at org.junit.platform.launcher.core.DefaultLauncher.execute(DefaultLauncher.java:85)
	at org.junit.platform.launcher.core.DelegatingLauncher.execute(DelegatingLauncher.java:47)
	at org.junit.platform.launcher.core.SessionPerRequestLauncher.execute(SessionPerRequestLauncher.java:63)
	at org.apache.maven.surefire.junitplatform.JUnitPlatformProvider.execute(JUnitPlatformProvider.java:188)
	at org.apache.maven.surefire.junitplatform.JUnitPlatformProvider.invokeAllTests(JUnitPlatformProvider.java:154)
	at org.apache.maven.surefire.junitplatform.JUnitPlatformProvider.invoke(JUnitPlatformProvider.java:128)
	at org.apache.maven.surefire.booter.ForkedBooter.runSuitesInProcess(ForkedBooter.java:428)
	at org.apache.maven.surefire.booter.ForkedBooter.execute(ForkedBooter.java:162)
	at org.apache.maven.surefire.booter.ForkedBooter.run(ForkedBooter.java:562)
	at org.apache.maven.surefire.booter.ForkedBooter.main(ForkedBooter.java:548)
Caused by: org.h2.jdbc.JdbcSQLSyntaxErrorException: Syntax error in SQL statement "\000d\000a    create [*]cast (varchar as TransactionType) with inout as implicit"; expected "OR REPLACE, FORCE, VIEW, MATERIALIZED, ALIAS, SEQUENCE, USER, TRIGGER, ROLE, SCHEMA, CONSTANT, DOMAIN, TYPE, AGGREGATE, LINKED, MEMORY, CACHED, LOCAL TEMPORARY, GLOBAL TEMPORARY, TEMPORARY, TABLE, SYNONYM, UNIQUE, SPATIAL, INDEX"; SQL statement:

    create cast (varchar as TransactionType) with inout as implicit [42001-224]
	at org.h2.message.DbException.getJdbcSQLException(DbException.java:514)
	at org.h2.message.DbException.getJdbcSQLException(DbException.java:489)
	at org.h2.message.DbException.getSyntaxError(DbException.java:261)
	at org.h2.command.ParserBase.getSyntaxError(ParserBase.java:750)
	at org.h2.command.ParserBase.read(ParserBase.java:349)
	at org.h2.command.Parser.parseCreate(Parser.java:6433)
	at org.h2.command.Parser.parsePrepared(Parser.java:666)
	at org.h2.command.Parser.parse(Parser.java:592)
	at org.h2.command.Parser.parse(Parser.java:569)
	at org.h2.command.Parser.prepareCommand(Parser.java:483)
	at org.h2.engine.SessionLocal.prepareLocal(SessionLocal.java:639)
	at org.h2.engine.SessionLocal.prepareCommand(SessionLocal.java:559)
	at org.h2.jdbc.JdbcConnection.prepareCommand(JdbcConnection.java:1166)
	at org.h2.jdbc.JdbcStatement.executeInternal(JdbcStatement.java:245)
	at org.h2.jdbc.JdbcStatement.execute(JdbcStatement.java:231)
	at com.zaxxer.hikari.pool.ProxyStatement.execute(ProxyStatement.java:94)
	at com.zaxxer.hikari.pool.HikariProxyStatement.execute(HikariProxyStatement.java)
	at org.hibernate.tool.schema.internal.exec.GenerationTargetToDatabase.accept(GenerationTargetToDatabase.java:80)
	... 92 common frames omitted

2026-01-05 19:20:32.351 DEBUG [           main] [corr-94966fd9] org.hibernate.SQL                        : 
    create cast (TransactionType as varchar) with inout as implicit
Hibernate: 
    create cast (TransactionType as varchar) with inout as implicit
2026-01-05 19:20:32.351  WARN [           main] [corr-94966fd9] o.h.t.s.i.ExceptionHandlerLoggedImpl     : GenerationTarget encountered exception accepting command : Error executing DDL "
    create cast (TransactionType as varchar) with inout as implicit" via JDBC [Syntax error in SQL statement "\000d\000a    create [*]cast (TransactionType as varchar) with inout as implicit"; expected "OR REPLACE, FORCE, VIEW, MATERIALIZED, ALIAS, SEQUENCE, USER, TRIGGER, ROLE, SCHEMA, CONSTANT, DOMAIN, TYPE, AGGREGATE, LINKED, MEMORY, CACHED, LOCAL TEMPORARY, GLOBAL TEMPORARY, TEMPORARY, TABLE, SYNONYM, UNIQUE, SPATIAL, INDEX";]

org.hibernate.tool.schema.spi.CommandAcceptanceException: Error executing DDL "
    create cast (TransactionType as varchar) with inout as implicit" via JDBC [Syntax error in SQL statement "\000d\000a    create [*]cast (TransactionType as varchar) with inout as implicit"; expected "OR REPLACE, FORCE, VIEW, MATERIALIZED, ALIAS, SEQUENCE, USER, TRIGGER, ROLE, SCHEMA, CONSTANT, DOMAIN, TYPE, AGGREGATE, LINKED, MEMORY, CACHED, LOCAL TEMPORARY, GLOBAL TEMPORARY, TEMPORARY, TABLE, SYNONYM, UNIQUE, SPATIAL, INDEX";]
	at org.hibernate.tool.schema.internal.exec.GenerationTargetToDatabase.accept(GenerationTargetToDatabase.java:94)
	at org.hibernate.tool.schema.internal.Helper.applySqlString(Helper.java:233)
	at org.hibernate.tool.schema.internal.Helper.applySqlStrings(Helper.java:217)
	at org.hibernate.tool.schema.internal.SchemaCreatorImpl.createAuxiliaryObjectsBeforeTables(SchemaCreatorImpl.java:480)
	at org.hibernate.tool.schema.internal.SchemaCreatorImpl.createFromMetadata(SchemaCreatorImpl.java:235)
	at org.hibernate.tool.schema.internal.SchemaCreatorImpl.performCreation(SchemaCreatorImpl.java:172)
	at org.hibernate.tool.schema.internal.SchemaCreatorImpl.doCreation(SchemaCreatorImpl.java:142)
	at org.hibernate.tool.schema.internal.SchemaCreatorImpl.doCreation(SchemaCreatorImpl.java:118)
	at org.hibernate.tool.schema.spi.SchemaManagementToolCoordinator.performDatabaseAction(SchemaManagementToolCoordinator.java:256)
	at org.hibernate.tool.schema.spi.SchemaManagementToolCoordinator.lambda$process$5(SchemaManagementToolCoordinator.java:145)
	at java.base/java.util.HashMap.forEach(HashMap.java:1421)
	at org.hibernate.tool.schema.spi.SchemaManagementToolCoordinator.process(SchemaManagementToolCoordinator.java:142)
	at org.hibernate.boot.internal.SessionFactoryObserverForSchemaExport.sessionFactoryCreated(SessionFactoryObserverForSchemaExport.java:37)
	at org.hibernate.internal.SessionFactoryObserverChain.sessionFactoryCreated(SessionFactoryObserverChain.java:35)
	at org.hibernate.internal.SessionFactoryImpl.<init>(SessionFactoryImpl.java:315)
	at org.hibernate.boot.internal.SessionFactoryBuilderImpl.build(SessionFactoryBuilderImpl.java:450)
	at org.hibernate.jpa.boot.internal.EntityManagerFactoryBuilderImpl.build(EntityManagerFactoryBuilderImpl.java:1507)
	at org.springframework.orm.jpa.vendor.SpringHibernateJpaPersistenceProvider.createContainerEntityManagerFactory(SpringHibernateJpaPersistenceProvider.java:75)
	at org.springframework.orm.jpa.LocalContainerEntityManagerFactoryBean.createNativeEntityManagerFactory(LocalContainerEntityManagerFactoryBean.java:390)
	at org.springframework.orm.jpa.AbstractEntityManagerFactoryBean.buildNativeEntityManagerFactory(AbstractEntityManagerFactoryBean.java:409)
	at org.springframework.orm.jpa.AbstractEntityManagerFactoryBean.afterPropertiesSet(AbstractEntityManagerFactoryBean.java:396)
	at org.springframework.orm.jpa.LocalContainerEntityManagerFactoryBean.afterPropertiesSet(LocalContainerEntityManagerFactoryBean.java:366)
	at org.springframework.beans.factory.support.AbstractAutowireCapableBeanFactory.invokeInitMethods(AbstractAutowireCapableBeanFactory.java:1833)
	at org.springframework.beans.factory.support.AbstractAutowireCapableBeanFactory.initializeBean(AbstractAutowireCapableBeanFactory.java:1782)
	at org.springframework.beans.factory.support.AbstractAutowireCapableBeanFactory.doCreateBean(AbstractAutowireCapableBeanFactory.java:600)
	at org.springframework.beans.factory.support.AbstractAutowireCapableBeanFactory.createBean(AbstractAutowireCapableBeanFactory.java:522)
	at org.springframework.beans.factory.support.AbstractBeanFactory.lambda$doGetBean$0(AbstractBeanFactory.java:326)
	at org.springframework.beans.factory.support.DefaultSingletonBeanRegistry.getSingleton(DefaultSingletonBeanRegistry.java:234)
	at org.springframework.beans.factory.support.AbstractBeanFactory.doGetBean(AbstractBeanFactory.java:324)
	at org.springframework.beans.factory.support.AbstractBeanFactory.getBean(AbstractBeanFactory.java:200)
	at org.springframework.context.support.AbstractApplicationContext.getBean(AbstractApplicationContext.java:1234)
	at org.springframework.context.support.AbstractApplicationContext.finishBeanFactoryInitialization(AbstractApplicationContext.java:952)
	at org.springframework.context.support.AbstractApplicationContext.refresh(AbstractApplicationContext.java:624)
	at org.springframework.boot.SpringApplication.refresh(SpringApplication.java:754)
	at org.springframework.boot.SpringApplication.refreshContext(SpringApplication.java:456)
	at org.springframework.boot.SpringApplication.run(SpringApplication.java:334)
	at org.springframework.boot.test.context.SpringBootContextLoader.lambda$loadContext$3(SpringBootContextLoader.java:137)
	at org.springframework.util.function.ThrowingSupplier.get(ThrowingSupplier.java:58)
	at org.springframework.util.function.ThrowingSupplier.get(ThrowingSupplier.java:46)
	at org.springframework.boot.SpringApplication.withHook(SpringApplication.java:1454)
	at org.springframework.boot.test.context.SpringBootContextLoader$ContextLoaderHook.run(SpringBootContextLoader.java:553)
	at org.springframework.boot.test.context.SpringBootContextLoader.loadContext(SpringBootContextLoader.java:137)
	at org.springframework.boot.test.context.SpringBootContextLoader.loadContext(SpringBootContextLoader.java:108)
	at org.springframework.test.context.cache.DefaultCacheAwareContextLoaderDelegate.loadContextInternal(DefaultCacheAwareContextLoaderDelegate.java:225)
	at org.springframework.test.context.cache.DefaultCacheAwareContextLoaderDelegate.loadContext(DefaultCacheAwareContextLoaderDelegate.java:152)
	at org.springframework.test.context.support.DefaultTestContext.getApplicationContext(DefaultTestContext.java:130)
	at org.springframework.cloud.contract.wiremock.WireMockTestExecutionListener.applicationContextBroken(WireMockTestExecutionListener.java:120)
	at org.springframework.cloud.contract.wiremock.WireMockTestExecutionListener.beforeTestClass(WireMockTestExecutionListener.java:43)
	at org.springframework.test.context.TestContextManager.beforeTestClass(TestContextManager.java:220)
	at org.springframework.test.context.junit.jupiter.SpringExtension.beforeAll(SpringExtension.java:133)
	at org.junit.jupiter.engine.descriptor.ClassBasedTestDescriptor.lambda$invokeBeforeAllCallbacks$12(ClassBasedTestDescriptor.java:396)
	at org.junit.platform.engine.support.hierarchical.ThrowableCollector.execute(ThrowableCollector.java:73)
	at org.junit.jupiter.engine.descriptor.ClassBasedTestDescriptor.invokeBeforeAllCallbacks(ClassBasedTestDescriptor.java:396)
	at org.junit.jupiter.engine.descriptor.ClassBasedTestDescriptor.before(ClassBasedTestDescriptor.java:212)
	at org.junit.jupiter.engine.descriptor.ClassBasedTestDescriptor.before(ClassBasedTestDescriptor.java:85)
	at org.junit.platform.engine.support.hierarchical.NodeTestTask.lambda$executeRecursively$6(NodeTestTask.java:148)
	at org.junit.platform.engine.support.hierarchical.ThrowableCollector.execute(ThrowableCollector.java:73)
	at org.junit.platform.engine.support.hierarchical.NodeTestTask.lambda$executeRecursively$8(NodeTestTask.java:141)
	at org.junit.platform.engine.support.hierarchical.Node.around(Node.java:137)
	at org.junit.platform.engine.support.hierarchical.NodeTestTask.lambda$executeRecursively$9(NodeTestTask.java:139)
	at org.junit.platform.engine.support.hierarchical.ThrowableCollector.execute(ThrowableCollector.java:73)
	at org.junit.platform.engine.support.hierarchical.NodeTestTask.executeRecursively(NodeTestTask.java:138)
	at org.junit.platform.engine.support.hierarchical.NodeTestTask.execute(NodeTestTask.java:95)
	at java.base/java.util.ArrayList.forEach(ArrayList.java:1511)
	at org.junit.platform.engine.support.hierarchical.SameThreadHierarchicalTestExecutorService.invokeAll(SameThreadHierarchicalTestExecutorService.java:41)
	at org.junit.platform.engine.support.hierarchical.NodeTestTask.lambda$executeRecursively$6(NodeTestTask.java:155)
	at org.junit.platform.engine.support.hierarchical.ThrowableCollector.execute(ThrowableCollector.java:73)
	at org.junit.platform.engine.support.hierarchical.NodeTestTask.lambda$executeRecursively$8(NodeTestTask.java:141)
	at org.junit.platform.engine.support.hierarchical.Node.around(Node.java:137)
	at org.junit.platform.engine.support.hierarchical.NodeTestTask.lambda$executeRecursively$9(NodeTestTask.java:139)
	at org.junit.platform.engine.support.hierarchical.ThrowableCollector.execute(ThrowableCollector.java:73)
	at org.junit.platform.engine.support.hierarchical.NodeTestTask.executeRecursively(NodeTestTask.java:138)
	at org.junit.platform.engine.support.hierarchical.NodeTestTask.execute(NodeTestTask.java:95)
	at org.junit.platform.engine.support.hierarchical.SameThreadHierarchicalTestExecutorService.submit(SameThreadHierarchicalTestExecutorService.java:35)
	at org.junit.platform.engine.support.hierarchical.HierarchicalTestExecutor.execute(HierarchicalTestExecutor.java:57)
	at org.junit.platform.engine.support.hierarchical.HierarchicalTestEngine.execute(HierarchicalTestEngine.java:54)
	at org.junit.platform.launcher.core.EngineExecutionOrchestrator.execute(EngineExecutionOrchestrator.java:198)
	at org.junit.platform.launcher.core.EngineExecutionOrchestrator.execute(EngineExecutionOrchestrator.java:169)
	at org.junit.platform.launcher.core.EngineExecutionOrchestrator.execute(EngineExecutionOrchestrator.java:93)
	at org.junit.platform.launcher.core.EngineExecutionOrchestrator.lambda$execute$0(EngineExecutionOrchestrator.java:58)
	at org.junit.platform.launcher.core.EngineExecutionOrchestrator.withInterceptedStreams(EngineExecutionOrchestrator.java:141)
	at org.junit.platform.launcher.core.EngineExecutionOrchestrator.execute(EngineExecutionOrchestrator.java:57)
	at org.junit.platform.launcher.core.DefaultLauncher.execute(DefaultLauncher.java:103)
	at org.junit.platform.launcher.core.DefaultLauncher.execute(DefaultLauncher.java:85)
	at org.junit.platform.launcher.core.DelegatingLauncher.execute(DelegatingLauncher.java:47)
	at org.junit.platform.launcher.core.SessionPerRequestLauncher.execute(SessionPerRequestLauncher.java:63)
	at org.apache.maven.surefire.junitplatform.JUnitPlatformProvider.execute(JUnitPlatformProvider.java:188)
	at org.apache.maven.surefire.junitplatform.JUnitPlatformProvider.invokeAllTests(JUnitPlatformProvider.java:154)
	at org.apache.maven.surefire.junitplatform.JUnitPlatformProvider.invoke(JUnitPlatformProvider.java:128)
	at org.apache.maven.surefire.booter.ForkedBooter.runSuitesInProcess(ForkedBooter.java:428)
	at org.apache.maven.surefire.booter.ForkedBooter.execute(ForkedBooter.java:162)
	at org.apache.maven.surefire.booter.ForkedBooter.run(ForkedBooter.java:562)
	at org.apache.maven.surefire.booter.ForkedBooter.main(ForkedBooter.java:548)
Caused by: org.h2.jdbc.JdbcSQLSyntaxErrorException: Syntax error in SQL statement "\000d\000a    create [*]cast (TransactionType as varchar) with inout as implicit"; expected "OR REPLACE, FORCE, VIEW, MATERIALIZED, ALIAS, SEQUENCE, USER, TRIGGER, ROLE, SCHEMA, CONSTANT, DOMAIN, TYPE, AGGREGATE, LINKED, MEMORY, CACHED, LOCAL TEMPORARY, GLOBAL TEMPORARY, TEMPORARY, TABLE, SYNONYM, UNIQUE, SPATIAL, INDEX"; SQL statement:

    create cast (TransactionType as varchar) with inout as implicit [42001-224]
	at org.h2.message.DbException.getJdbcSQLException(DbException.java:514)
	at org.h2.message.DbException.getJdbcSQLException(DbException.java:489)
	at org.h2.message.DbException.getSyntaxError(DbException.java:261)
	at org.h2.command.ParserBase.getSyntaxError(ParserBase.java:750)
	at org.h2.command.ParserBase.read(ParserBase.java:349)
	at org.h2.command.Parser.parseCreate(Parser.java:6433)
	at org.h2.command.Parser.parsePrepared(Parser.java:666)
	at org.h2.command.Parser.parse(Parser.java:592)
	at org.h2.command.Parser.parse(Parser.java:569)
	at org.h2.command.Parser.prepareCommand(Parser.java:483)
	at org.h2.engine.SessionLocal.prepareLocal(SessionLocal.java:639)
	at org.h2.engine.SessionLocal.prepareCommand(SessionLocal.java:559)
	at org.h2.jdbc.JdbcConnection.prepareCommand(JdbcConnection.java:1166)
	at org.h2.jdbc.JdbcStatement.executeInternal(JdbcStatement.java:245)
	at org.h2.jdbc.JdbcStatement.execute(JdbcStatement.java:231)
	at com.zaxxer.hikari.pool.ProxyStatement.execute(ProxyStatement.java:94)
	at com.zaxxer.hikari.pool.HikariProxyStatement.execute(HikariProxyStatement.java)
	at org.hibernate.tool.schema.internal.exec.GenerationTargetToDatabase.accept(GenerationTargetToDatabase.java:80)
	... 92 common frames omitted

2026-01-05 19:20:32.363 DEBUG [           main] [corr-94966fd9] org.hibernate.SQL                        : 
    create table api_keys (
        is_active boolean not null,
        rate_limit_per_hour integer not null,
        created_at timestamp(6) not null,
        expires_at timestamp(6) with time zone,
        last_used_at timestamp(6) with time zone,
        updated_at timestamp(6) not null,
        id uuid not null,
        user_id uuid not null,
        key_prefix varchar(20) not null,
        key_name varchar(100) not null,
        key_hash varchar(255) not null unique,
        permissions TEXT[],
        primary key (id)
    )
Hibernate: 
    create table api_keys (
        is_active boolean not null,
        rate_limit_per_hour integer not null,
        created_at timestamp(6) not null,
        expires_at timestamp(6) with time zone,
        last_used_at timestamp(6) with time zone,
        updated_at timestamp(6) not null,
        id uuid not null,
        user_id uuid not null,
        key_prefix varchar(20) not null,
        key_name varchar(100) not null,
        key_hash varchar(255) not null unique,
        permissions TEXT[],
        primary key (id)
    )
2026-01-05 19:20:32.366  WARN [           main] [corr-94966fd9] o.h.t.s.i.ExceptionHandlerLoggedImpl     : GenerationTarget encountered exception accepting command : Error executing DDL "
    create table api_keys (
        is_active boolean not null,
        rate_limit_per_hour integer not null,
        created_at timestamp(6) not null,
        expires_at timestamp(6) with time zone,
        last_used_at timestamp(6) with time zone,
        updated_at timestamp(6) not null,
        id uuid not null,
        user_id uuid not null,
        key_prefix varchar(20) not null,
        key_name varchar(100) not null,
        key_hash varchar(255) not null unique,
        permissions TEXT[],
        primary key (id)
    )" via JDBC [Syntax error in SQL statement "\000d\000a    create table api_keys (\000d\000a        is_active boolean not null,\000d\000a        rate_limit_per_hour integer not null,\000d\000a        created_at timestamp(6) not null,\000d\000a        expires_at timestamp(6) with time zone,\000d\000a        last_used_at timestamp(6) with time zone,\000d\000a        updated_at timestamp(6) not null,\000d\000a        id uuid not null,\000d\000a        user_id uuid not null,\000d\000a        key_prefix varchar(20) not null,\000d\000a        key_name varchar(100) not null,\000d\000a        key_hash varchar(255) not null unique,\000d\000a        permissions TEXT[*][],\000d\000a        primary key (id)\000d\000a    )"; expected "(, ARRAY, INVISIBLE, VISIBLE, NOT NULL, DEFAULT, GENERATED, ON UPDATE, NOT NULL, DEFAULT ON NULL, SEQUENCE, SELECTIVITY, COMMENT, CONSTRAINT, COMMENT, PRIMARY KEY, UNIQUE, NOT NULL, CHECK, REFERENCES, ,, )";]

org.hibernate.tool.schema.spi.CommandAcceptanceException: Error executing DDL "
    create table api_keys (
        is_active boolean not null,
        rate_limit_per_hour integer not null,
        created_at timestamp(6) not null,
        expires_at timestamp(6) with time zone,
        last_used_at timestamp(6) with time zone,
        updated_at timestamp(6) not null,
        id uuid not null,
        user_id uuid not null,
        key_prefix varchar(20) not null,
        key_name varchar(100) not null,
        key_hash varchar(255) not null unique,
        permissions TEXT[],
        primary key (id)
    )" via JDBC [Syntax error in SQL statement "\000d\000a    create table api_keys (\000d\000a        is_active boolean not null,\000d\000a        rate_limit_per_hour integer not null,\000d\000a        created_at timestamp(6) not null,\000d\000a        expires_at timestamp(6) with time zone,\000d\000a        last_used_at timestamp(6) with time zone,\000d\000a        updated_at timestamp(6) not null,\000d\000a        id uuid not null,\000d\000a        user_id uuid not null,\000d\000a        key_prefix varchar(20) not null,\000d\000a        key_name varchar(100) not null,\000d\000a        key_hash varchar(255) not null unique,\000d\000a        permissions TEXT[*][],\000d\000a        primary key (id)\000d\000a    )"; expected "(, ARRAY, INVISIBLE, VISIBLE, NOT NULL, DEFAULT, GENERATED, ON UPDATE, NOT NULL, DEFAULT ON NULL, SEQUENCE, SELECTIVITY, COMMENT, CONSTRAINT, COMMENT, PRIMARY KEY, UNIQUE, NOT NULL, CHECK, REFERENCES, ,, )";]
	at org.hibernate.tool.schema.internal.exec.GenerationTargetToDatabase.accept(GenerationTargetToDatabase.java:94)
	at org.hibernate.tool.schema.internal.Helper.applySqlString(Helper.java:233)
	at org.hibernate.tool.schema.internal.Helper.applySqlStrings(Helper.java:217)
	at org.hibernate.tool.schema.internal.SchemaCreatorImpl.createTables(SchemaCreatorImpl.java:420)
	at org.hibernate.tool.schema.internal.SchemaCreatorImpl.createSequencesTablesConstraints(SchemaCreatorImpl.java:340)
	at org.hibernate.tool.schema.internal.SchemaCreatorImpl.createFromMetadata(SchemaCreatorImpl.java:239)
	at org.hibernate.tool.schema.internal.SchemaCreatorImpl.performCreation(SchemaCreatorImpl.java:172)
	at org.hibernate.tool.schema.internal.SchemaCreatorImpl.doCreation(SchemaCreatorImpl.java:142)
	at org.hibernate.tool.schema.internal.SchemaCreatorImpl.doCreation(SchemaCreatorImpl.java:118)
	at org.hibernate.tool.schema.spi.SchemaManagementToolCoordinator.performDatabaseAction(SchemaManagementToolCoordinator.java:256)
	at org.hibernate.tool.schema.spi.SchemaManagementToolCoordinator.lambda$process$5(SchemaManagementToolCoordinator.java:145)
	at java.base/java.util.HashMap.forEach(HashMap.java:1421)
	at org.hibernate.tool.schema.spi.SchemaManagementToolCoordinator.process(SchemaManagementToolCoordinator.java:142)
[...]
2026-01-05 19:20:43.748  INFO [           main] [NO_CORRELATION_ID] c.t.p.s.RequestResponseLoggingFilter     : Response: {"duration":"31ms","headers":{"X-Correlation-ID":"corr-4449a31336644c76","X-Content-Type-Options":"nosniff","Permissions-Policy":"geolocation=(), microphone=(), camera=(), payment=()","X-RateLimit-Reset":"1767624643","Pragma":"no-cache","X-Frame-Options":"SAMEORIGIN","Referrer-Policy":"strict-origin-when-cross-origin","X-RateLimit-Remaining":"999999","Cache-Control":"no-cache, no-store, max-age=0, must-revalidate","Content-Security-Policy":"default-src 'self'; script-src 'self' 'unsafe-inline'; style-src 'self' 'unsafe-inline'; img-src 'self' data: https:; font-src 'self'; connect-src 'self'; frame-ancestors 'none'","Vary":"Origin","X-RateLimit-Limit":"999999","Expires":"0","X-XSS-Protection":"0","Content-Type":"application/json"},"method":"PUT","correlationId":"dc8081b2-88e1-4200-9a49-fc2c85a09ee6","contentLength":157,"type":"RESPONSE","body":"{\"id\":\"3e754497-2dcc-4e18-92a9-3ce8700d737a\",\"email\":\"test@example.com\",\"role\":\"USER\",\"first_name\":\"John Updated\",\"last_name\":\"Doe Updated\",\"is_active\":true}","uri":"/users/profile","contentType":"application/json","timestamp":"2026-01-05T13:50:43.747447400Z","status":200}
2026-01-05 19:20:43.748  INFO [           main] [NO_CORRELATION_ID] c.t.p.security.CorrelationIdFilter       : Request completed: PUT /users/profile [correlationId=dc8081b2-88e1-4200-9a49-fc2c85a09ee6] [status=200]
]]></system-out>
  </testcase>
  <testcase name="testUpdateUserRole_WithAdminRole_ReturnsUpdatedUser" classname="com.talentica.paymentgateway.controller.UserControllerUnitTest" time="0.038">
    <system-out><![CDATA[2026-01-05 19:20:43.772 DEBUG [           main] [NO_CORRELATION_ID] c.t.p.security.CorrelationIdFilter       : Generated new correlation ID: 8202260b-13c8-4c55-b9a2-c163ae18581d
2026-01-05 19:20:43.772  INFO [           main] [8202260b-13c8-4c55-b9a2-c163ae18581d] c.t.p.security.CorrelationIdFilter       : Request started: PUT /users/180fb932-bb6f-4f69-afac-d6d81713b93c/role [correlationId=8202260b-13c8-4c55-b9a2-c163ae18581d]
2026-01-05 19:20:43.773  INFO [           main] [8202260b-13c8-4c55-b9a2-c163ae18581d] c.t.p.s.RequestResponseLoggingFilter     : Request: {"headers":{},"method":"PUT","correlationId":"8202260b-13c8-4c55-b9a2-c163ae18581d","contentLength":-1,"type":"REQUEST","uri":"/users/180fb932-bb6f-4f69-afac-d6d81713b93c/role","timestamp":"2026-01-05T13:50:43.773722800Z","remoteAddr":"127.0.0.1"}
2026-01-05 19:20:43.778 DEBUG [           main] [159a8905-abcf-4e62-9a6a-79e973680907] c.t.p.security.JwtAuthenticationFilter   : Processing request: PUT /users/180fb932-bb6f-4f69-afac-d6d81713b93c/role, Auth header: missing
2026-01-05 19:20:43.778 DEBUG [           main] [159a8905-abcf-4e62-9a6a-79e973680907] c.t.p.security.JwtAuthenticationFilter   : No Authorization header found for: /users/180fb932-bb6f-4f69-afac-d6d81713b93c/role
2026-01-05 19:20:43.780 DEBUG [           main] [159a8905-abcf-4e62-9a6a-79e973680907] c.t.p.filter.RequestTrackingFilter       : Generated new correlation ID: corr-d03f18ba085a46f7
2026-01-05 19:20:43.781 DEBUG [           main] [corr-d03f18ba085a46f7] c.t.p.filter.RequestTrackingFilter       : Request tracking setup - URI: /users/180fb932-bb6f-4f69-afac-d6d81713b93c/role, Method: PUT, CorrelationId: corr-d03f18ba085a46f7, IdempotencyKey: null
2026-01-05 19:20:43.782  INFO [           main] [corr-d03f18ba085a46f7] c.t.p.controller.UserController          : Updating user 180fb932-bb6f-4f69-afac-d6d81713b93c role to: MERCHANT
2026-01-05 19:20:43.789  INFO [           main] [NO_CORRELATION_ID] c.t.p.s.RequestResponseLoggingFilter     : Response: {"duration":"9ms","headers":{"X-Correlation-ID":"corr-d03f18ba085a46f7","X-Content-Type-Options":"nosniff","Permissions-Policy":"geolocation=(), microphone=(), camera=(), payment=()","X-RateLimit-Reset":"1767624643","Pragma":"no-cache","X-Frame-Options":"SAMEORIGIN","Referrer-Policy":"strict-origin-when-cross-origin","X-RateLimit-Remaining":"999999","Cache-Control":"no-cache, no-store, max-age=0, must-revalidate","Content-Security-Policy":"default-src 'self'; script-src 'self' 'unsafe-inline'; style-src 'self' 'unsafe-inline'; img-src 'self' data: https:; font-src 'self'; connect-src 'self'; frame-ancestors 'none'","Vary":"Origin","X-RateLimit-Limit":"999999","Expires":"0","X-XSS-Protection":"0","Content-Type":"application/json"},"method":"PUT","correlationId":"8202260b-13c8-4c55-b9a2-c163ae18581d","contentLength":63,"type":"RESPONSE","body":"{\"id\":\"180fb932-bb6f-4f69-afac-d6d81713b93c\",\"role\":\"MERCHANT\"}","uri":"/users/180fb932-bb6f-4f69-afac-d6d81713b93c/role","contentType":"application/json","timestamp":"2026-01-05T13:50:43.782652500Z","status":200}
2026-01-05 19:20:43.789  INFO [           main] [NO_CORRELATION_ID] c.t.p.security.CorrelationIdFilter       : Request completed: PUT /users/180fb932-bb6f-4f69-afac-d6d81713b93c/role [correlationId=8202260b-13c8-4c55-b9a2-c163ae18581d] [status=200]
]]></system-out>
  </testcase>
  <testcase name="testUpdateUserById_WithAdminRole_ReturnsUpdatedUser" classname="com.talentica.paymentgateway.controller.UserControllerUnitTest" time="0.042">
    <system-out><![CDATA[2026-01-05 19:20:43.809 DEBUG [           main] [NO_CORRELATION_ID] c.t.p.security.CorrelationIdFilter       : Generated new correlation ID: dec3aacd-38b5-44c2-a854-0cb72057354e
2026-01-05 19:20:43.809  INFO [           main] [dec3aacd-38b5-44c2-a854-0cb72057354e] c.t.p.security.CorrelationIdFilter       : Request started: PUT /users/d73dd370-78c1-4b4f-956f-3d6be4d59198 [correlationId=dec3aacd-38b5-44c2-a854-0cb72057354e]
2026-01-05 19:20:43.811  INFO [           main] [dec3aacd-38b5-44c2-a854-0cb72057354e] c.t.p.s.RequestResponseLoggingFilter     : Request: {"headers":{"Content-Length":"76","Content-Type":"application/json;charset=UTF-8"},"method":"PUT","correlationId":"dec3aacd-38b5-44c2-a854-0cb72057354e","contentLength":76,"type":"REQUEST","uri":"/users/d73dd370-78c1-4b4f-956f-3d6be4d59198","contentType":"application/json","timestamp":"2026-01-05T13:50:43.811325Z","remoteAddr":"127.0.0.1"}
2026-01-05 19:20:43.815 DEBUG [           main] [0d83f6b2-0f0b-4630-9942-73b4cbaa4758] c.t.p.security.JwtAuthenticationFilter   : Processing request: PUT /users/d73dd370-78c1-4b4f-956f-3d6be4d59198, Auth header: missing
2026-01-05 19:20:43.815 DEBUG [           main] [0d83f6b2-0f0b-4630-9942-73b4cbaa4758] c.t.p.security.JwtAuthenticationFilter   : No Authorization header found for: /users/d73dd370-78c1-4b4f-956f-3d6be4d59198
2026-01-05 19:20:43.816 DEBUG [           main] [0d83f6b2-0f0b-4630-9942-73b4cbaa4758] c.t.p.filter.RequestTrackingFilter       : Generated new correlation ID: corr-e3a1661b87ec4a6e
2026-01-05 19:20:43.816 DEBUG [           main] [corr-e3a1661b87ec4a6e] c.t.p.filter.RequestTrackingFilter       : Request tracking setup - URI: /users/d73dd370-78c1-4b4f-956f-3d6be4d59198, Method: PUT, CorrelationId: corr-e3a1661b87ec4a6e, IdempotencyKey: null
2026-01-05 19:20:43.824  INFO [           main] [corr-e3a1661b87ec4a6e] c.t.p.controller.UserController          : Updating user d73dd370-78c1-4b4f-956f-3d6be4d59198 with data: UpdateUserRequest{email='null', firstName='John Updated', lastName='Doe Updated', phone='1234567890', role='null', isActive=null}
2026-01-05 19:20:43.831  INFO [           main] [NO_CORRELATION_ID] c.t.p.s.RequestResponseLoggingFilter     : Response: {"duration":"18ms","headers":{"X-Correlation-ID":"corr-e3a1661b87ec4a6e","X-Content-Type-Options":"nosniff","Permissions-Policy":"geolocation=(), microphone=(), camera=(), payment=()","X-RateLimit-Reset":"1767624643","Pragma":"no-cache","X-Frame-Options":"SAMEORIGIN","Referrer-Policy":"strict-origin-when-cross-origin","X-RateLimit-Remaining":"999999","Cache-Control":"no-cache, no-store, max-age=0, must-revalidate","Content-Security-Policy":"default-src 'self'; script-src 'self' 'unsafe-inline'; style-src 'self' 'unsafe-inline'; img-src 'self' data: https:; font-src 'self'; connect-src 'self'; frame-ancestors 'none'","Vary":"Origin","X-RateLimit-Limit":"999999","Expires":"0","X-XSS-Protection":"0","Content-Type":"application/json"},"method":"PUT","correlationId":"dec3aacd-38b5-44c2-a854-0cb72057354e","contentLength":99,"type":"RESPONSE","body":"{\"id\":\"d73dd370-78c1-4b4f-956f-3d6be4d59198\",\"first_name\":\"John Updated\",\"last_name\":\"Doe Updated\"}","uri":"/users/d73dd370-78c1-4b4f-956f-3d6be4d59198","contentType":"application/json","timestamp":"2026-01-05T13:50:43.829587400Z","status":200}
2026-01-05 19:20:43.831  INFO [           main] [NO_CORRELATION_ID] c.t.p.security.CorrelationIdFilter       : Request completed: PUT /users/d73dd370-78c1-4b4f-956f-3d6be4d59198 [correlationId=dec3aacd-38b5-44c2-a854-0cb72057354e] [status=200]
]]></system-out>
  </testcase>
  <testcase name="testSearchUsers_WithAdminRole_ReturnsSearchResults" classname="com.talentica.paymentgateway.controller.UserControllerUnitTest" time="0.041">
    <system-out><![CDATA[2026-01-05 19:20:43.854 DEBUG [           main] [NO_CORRELATION_ID] c.t.p.security.CorrelationIdFilter       : Generated new correlation ID: 8c37a3f8-9715-498d-b744-78b27a40e74b
2026-01-05 19:20:43.855  INFO [           main] [8c37a3f8-9715-498d-b744-78b27a40e74b] c.t.p.security.CorrelationIdFilter       : Request started: GET /users/search [correlationId=8c37a3f8-9715-498d-b744-78b27a40e74b]
2026-01-05 19:20:43.855  INFO [           main] [8c37a3f8-9715-498d-b744-78b27a40e74b] c.t.p.s.RequestResponseLoggingFilter     : Request: {"headers":{},"method":"GET","correlationId":"8c37a3f8-9715-498d-b744-78b27a40e74b","contentLength":-1,"type":"REQUEST","uri":"/users/search","timestamp":"2026-01-05T13:50:43.855224700Z","remoteAddr":"127.0.0.1"}
2026-01-05 19:20:43.859 DEBUG [           main] [dae1ae21-6c2e-4293-b6cf-a5ee644db022] c.t.p.security.JwtAuthenticationFilter   : Processing request: GET /users/search, Auth header: missing
2026-01-05 19:20:43.859 DEBUG [           main] [dae1ae21-6c2e-4293-b6cf-a5ee644db022] c.t.p.security.JwtAuthenticationFilter   : No Authorization header found for: /users/search
2026-01-05 19:20:43.862 DEBUG [           main] [dae1ae21-6c2e-4293-b6cf-a5ee644db022] c.t.p.filter.RequestTrackingFilter       : Generated new correlation ID: corr-424567f4e1104e25
2026-01-05 19:20:43.863 DEBUG [           main] [corr-424567f4e1104e25] c.t.p.filter.RequestTrackingFilter       : Request tracking setup - URI: /users/search, Method: GET, CorrelationId: corr-424567f4e1104e25, IdempotencyKey: null
2026-01-05 19:20:43.866  INFO [           main] [corr-424567f4e1104e25] c.t.p.controller.UserController          : Searching users with query: 'john' - page: 0, size: 10
2026-01-05 19:20:43.875  INFO [           main] [NO_CORRELATION_ID] c.t.p.s.RequestResponseLoggingFilter     : Response: {"duration":"19ms","headers":{"X-Correlation-ID":"corr-424567f4e1104e25","X-Content-Type-Options":"nosniff","Permissions-Policy":"geolocation=(), microphone=(), camera=(), payment=()","X-RateLimit-Reset":"1767624643","Pragma":"no-cache","X-Frame-Options":"SAMEORIGIN","Referrer-Policy":"strict-origin-when-cross-origin","X-RateLimit-Remaining":"999999","Cache-Control":"no-cache, no-store, max-age=0, must-revalidate","Content-Security-Policy":"default-src 'self'; script-src 'self' 'unsafe-inline'; style-src 'self' 'unsafe-inline'; img-src 'self' data: https:; font-src 'self'; connect-src 'self'; frame-ancestors 'none'","Vary":"Origin","X-RateLimit-Limit":"999999","Expires":"0","X-XSS-Protection":"0","Content-Type":"application/json"},"method":"GET","correlationId":"8c37a3f8-9715-498d-b744-78b27a40e74b","contentLength":543,"type":"RESPONSE","body":"{\"content\":[{\"id\":\"cadc12df-424f-4b0b-8c76-ddd810321ab6\",\"email\":\"test@example.com\",\"role\":\"USER\",\"first_name\":\"John\",\"last_name\":\"Doe\",\"is_active\":true,\"created_at\":\"2026-01-05T19:20:43.8509798\",\"updated_at\":\"2026-01-05T19:20:43.8509798\"}],\"pageable\":{\"pageNumber\":0,\"pageSize\":10,\"sort\":{\"empty\":true,\"sorted\":false,\"unsorted\":true},\"offset\":0,\"unpaged\":false,\"paged\":true},\"totalPages\":1,\"last\":true,\"totalElements\":1,\"size\":10,\"number\":0,\"sort\":{\"empty\":true,\"sorted\":false,\"unsorted\":true},\"numberOfElements\":1,\"first\":true,\"empty\":false}","uri":"/users/search","contentType":"application/json","timestamp":"2026-01-05T13:50:43.874129900Z","status":200}
2026-01-05 19:20:43.875  INFO [           main] [NO_CORRELATION_ID] c.t.p.security.CorrelationIdFilter       : Request completed: GET /users/search [correlationId=8c37a3f8-9715-498d-b744-78b27a40e74b] [status=200]
]]></system-out>
  </testcase>
  <testcase name="testGetUserById_WithAdminRole_ReturnsUser" classname="com.talentica.paymentgateway.controller.UserControllerUnitTest" time="0.043">
    <system-out><![CDATA[2026-01-05 19:20:43.900 DEBUG [           main] [NO_CORRELATION_ID] c.t.p.security.CorrelationIdFilter       : Generated new correlation ID: fee2e659-50cd-4b53-8091-85c54f043392
2026-01-05 19:20:43.900  INFO [           main] [fee2e659-50cd-4b53-8091-85c54f043392] c.t.p.security.CorrelationIdFilter       : Request started: GET /users/603fdce3-d55e-4ac1-8970-250449f935f9 [correlationId=fee2e659-50cd-4b53-8091-85c54f043392]
2026-01-05 19:20:43.901  INFO [           main] [fee2e659-50cd-4b53-8091-85c54f043392] c.t.p.s.RequestResponseLoggingFilter     : Request: {"headers":{},"method":"GET","correlationId":"fee2e659-50cd-4b53-8091-85c54f043392","contentLength":-1,"type":"REQUEST","uri":"/users/603fdce3-d55e-4ac1-8970-250449f935f9","timestamp":"2026-01-05T13:50:43.901886800Z","remoteAddr":"127.0.0.1"}
2026-01-05 19:20:43.905 DEBUG [           main] [b0c85c7e-f349-4460-8996-7004158701aa] c.t.p.security.JwtAuthenticationFilter   : Processing request: GET /users/603fdce3-d55e-4ac1-8970-250449f935f9, Auth header: missing
2026-01-05 19:20:43.905 DEBUG [           main] [b0c85c7e-f349-4460-8996-7004158701aa] c.t.p.security.JwtAuthenticationFilter   : No Authorization header found for: /users/603fdce3-d55e-4ac1-8970-250449f935f9
2026-01-05 19:20:43.908 DEBUG [           main] [b0c85c7e-f349-4460-8996-7004158701aa] c.t.p.filter.RequestTrackingFilter       : Generated new correlation ID: corr-bde6479e24514e9d
2026-01-05 19:20:43.909 DEBUG [           main] [corr-bde6479e24514e9d] c.t.p.filter.RequestTrackingFilter       : Request tracking setup - URI: /users/603fdce3-d55e-4ac1-8970-250449f935f9, Method: GET, CorrelationId: corr-bde6479e24514e9d, IdempotencyKey: null
2026-01-05 19:20:43.909  INFO [           main] [corr-bde6479e24514e9d] c.t.p.controller.UserController          : Getting user by ID: 603fdce3-d55e-4ac1-8970-250449f935f9
2026-01-05 19:20:43.923  INFO [           main] [NO_CORRELATION_ID] c.t.p.s.RequestResponseLoggingFilter     : Response: {"duration":"8ms","headers":{"X-Correlation-ID":"corr-bde6479e24514e9d","X-Content-Type-Options":"nosniff","Permissions-Policy":"geolocation=(), microphone=(), camera=(), payment=()","X-RateLimit-Reset":"1767624643","Pragma":"no-cache","X-Frame-Options":"SAMEORIGIN","Referrer-Policy":"strict-origin-when-cross-origin","X-RateLimit-Remaining":"999999","Cache-Control":"no-cache, no-store, max-age=0, must-revalidate","Content-Security-Policy":"default-src 'self'; script-src 'self' 'unsafe-inline'; style-src 'self' 'unsafe-inline'; img-src 'self' data: https:; font-src 'self'; connect-src 'self'; frame-ancestors 'none'","Vary":"Origin","X-RateLimit-Limit":"999999","Expires":"0","X-XSS-Protection":"0","Content-Type":"application/json"},"method":"GET","correlationId":"fee2e659-50cd-4b53-8091-85c54f043392","contentLength":227,"type":"RESPONSE","body":"{\"id\":\"603fdce3-d55e-4ac1-8970-250449f935f9\",\"email\":\"test@example.com\",\"role\":\"USER\",\"first_name\":\"John\",\"last_name\":\"Doe\",\"is_active\":true,\"created_at\":\"2026-01-05T19:20:43.8977787\",\"updated_at\":\"2026-01-05T19:20:43.8977787\"}","uri":"/users/603fdce3-d55e-4ac1-8970-250449f935f9","contentType":"application/json","timestamp":"2026-01-05T13:50:43.909799100Z","status":200}
2026-01-05 19:20:43.923  INFO [           main] [NO_CORRELATION_ID] c.t.p.security.CorrelationIdFilter       : Request completed: GET /users/603fdce3-d55e-4ac1-8970-250449f935f9 [correlationId=fee2e659-50cd-4b53-8091-85c54f043392] [status=200]
]]></system-out>
  </testcase>
  <testcase name="testUpdateUserRole_WithUserRole_ReturnsForbidden" classname="com.talentica.paymentgateway.controller.UserControllerUnitTest" time="0.036">
    <system-out><![CDATA[2026-01-05 19:20:43.940 DEBUG [           main] [NO_CORRELATION_ID] c.t.p.security.CorrelationIdFilter       : Generated new correlation ID: 9c8b944d-28a7-478d-9b25-f8c6e519dd4e
2026-01-05 19:20:43.940  INFO [           main] [9c8b944d-28a7-478d-9b25-f8c6e519dd4e] c.t.p.security.CorrelationIdFilter       : Request started: PUT /users/21d4118b-b065-44c1-9d92-2771c05853f3/role [correlationId=9c8b944d-28a7-478d-9b25-f8c6e519dd4e]
2026-01-05 19:20:43.940  INFO [           main] [9c8b944d-28a7-478d-9b25-f8c6e519dd4e] c.t.p.s.RequestResponseLoggingFilter     : Request: {"headers":{},"method":"PUT","correlationId":"9c8b944d-28a7-478d-9b25-f8c6e519dd4e","contentLength":-1,"type":"REQUEST","uri":"/users/21d4118b-b065-44c1-9d92-2771c05853f3/role","timestamp":"2026-01-05T13:50:43.940903700Z","remoteAddr":"127.0.0.1"}
2026-01-05 19:20:43.940 DEBUG [           main] [8fe85839-ae30-4a55-a3e5-fdfe028cc514] c.t.p.security.JwtAuthenticationFilter   : Processing request: PUT /users/21d4118b-b065-44c1-9d92-2771c05853f3/role, Auth header: missing
2026-01-05 19:20:43.940 DEBUG [           main] [8fe85839-ae30-4a55-a3e5-fdfe028cc514] c.t.p.security.JwtAuthenticationFilter   : No Authorization header found for: /users/21d4118b-b065-44c1-9d92-2771c05853f3/role
2026-01-05 19:20:43.957 DEBUG [           main] [8fe85839-ae30-4a55-a3e5-fdfe028cc514] c.t.p.filter.RequestTrackingFilter       : Generated new correlation ID: corr-102321bea6cc49a6
2026-01-05 19:20:43.958 DEBUG [           main] [corr-102321bea6cc49a6] c.t.p.filter.RequestTrackingFilter       : Request tracking setup - URI: /users/21d4118b-b065-44c1-9d92-2771c05853f3/role, Method: PUT, CorrelationId: corr-102321bea6cc49a6, IdempotencyKey: null
2026-01-05 19:20:43.963  WARN [           main] [corr-102321bea6cc49a6] c.t.p.exception.GlobalExceptionHandler   : Access denied - CorrelationId: corr-102321bea6cc49a6, Message: Access Denied
2026-01-05 19:20:43.968  INFO [           main] [NO_CORRELATION_ID] AUDIT                                    : Auditable response: {"duration":"28ms","headers":{"X-Correlation-ID":"corr-102321bea6cc49a6","X-Content-Type-Options":"nosniff","Permissions-Policy":"geolocation=(), microphone=(), camera=(), payment=()","X-RateLimit-Reset":"1767624643","Pragma":"no-cache","X-Frame-Options":"SAMEORIGIN","Referrer-Policy":"strict-origin-when-cross-origin","X-RateLimit-Remaining":"999999","Cache-Control":"no-cache, no-store, max-age=0, must-revalidate","Content-Security-Policy":"default-src 'self'; script-src 'self' 'unsafe-inline'; style-src 'self' 'unsafe-inline'; img-src 'self' data: https:; font-src 'self'; connect-src 'self'; frame-ancestors 'none'","Vary":"Origin","X-RateLimit-Limit":"999999","Expires":"0","X-XSS-Protection":"0","Content-Type":"application/json"},"method":"PUT","correlationId":"9c8b944d-28a7-478d-9b25-f8c6e519dd4e","contentLength":316,"type":"RESPONSE","uri":"/users/21d4118b-b065-44c1-9d92-2771c05853f3/role","contentType":"application/json","timestamp":"2026-01-05T13:50:43.968960800Z","status":403}
2026-01-05 19:20:43.972  INFO [           main] [NO_CORRELATION_ID] c.t.p.security.CorrelationIdFilter       : Request completed: PUT /users/21d4118b-b065-44c1-9d92-2771c05853f3/role [correlationId=9c8b944d-28a7-478d-9b25-f8c6e519dd4e] [status=403]
]]></system-out>
  </testcase>
</testsuite>