<?xml version="1.0" encoding="UTF-8"?>
<testsuite xmlns:xsi="http://www.w3.org/2001/XMLSchema-instance" xsi:noNamespaceSchemaLocation="https://maven.apache.org/surefire/maven-surefire-plugin/xsd/surefire-test-report-3.0.xsd" version="3.0" name="com.talentica.paymentgateway.service.JwtServiceUnitTest" time="0.902" tests="29" errors="0" skipped="0" failures="0">
  <properties>
[...]
</properties>
  <testcase name="extractAuthorities_WithValidToken_ShouldReturnAuthorities" classname="com.talentica.paymentgateway.service.JwtServiceUnitTest" time="0.499">
    <system-out><![CDATA[2026-01-05 19:21:03.199 DEBUG [           main] [030e94ea-3a40-428f-bb07-50dd5277846c] c.t.paymentgateway.service.JwtService    : JWT secret length: 61
2026-01-05 19:21:03.200 DEBUG [           main] [030e94ea-3a40-428f-bb07-50dd5277846c] c.t.paymentgateway.service.JwtService    : Successfully decoded JWT secret as base64
2026-01-05 19:21:03.203 DEBUG [           main] [030e94ea-3a40-428f-bb07-50dd5277846c] c.t.paymentgateway.service.JwtService    : Successfully created JWT signing key
2026-01-05 19:21:03.316 DEBUG [           main] [030e94ea-3a40-428f-bb07-50dd5277846c] c.t.paymentgateway.service.JwtService    : JWT secret length: 61
2026-01-05 19:21:03.316 DEBUG [           main] [030e94ea-3a40-428f-bb07-50dd5277846c] c.t.paymentgateway.service.JwtService    : Successfully decoded JWT secret as base64
2026-01-05 19:21:03.317 DEBUG [           main] [030e94ea-3a40-428f-bb07-50dd5277846c] c.t.paymentgateway.service.JwtService    : Successfully created JWT signing key
]]></system-out>
  </testcase>
  <testcase name="getRemainingTime_WithValidToken_ShouldReturnPositiveTime" classname="com.talentica.paymentgateway.service.JwtServiceUnitTest" time="0.015">
    <system-out><![CDATA[2026-01-05 19:21:03.399 DEBUG [           main] [030e94ea-3a40-428f-bb07-50dd5277846c] c.t.paymentgateway.service.JwtService    : JWT secret length: 61
2026-01-05 19:21:03.400 DEBUG [           main] [030e94ea-3a40-428f-bb07-50dd5277846c] c.t.paymentgateway.service.JwtService    : Successfully decoded JWT secret as base64
2026-01-05 19:21:03.400 DEBUG [           main] [030e94ea-3a40-428f-bb07-50dd5277846c] c.t.paymentgateway.service.JwtService    : Successfully created JWT signing key
2026-01-05 19:21:03.404 DEBUG [           main] [030e94ea-3a40-428f-bb07-50dd5277846c] c.t.paymentgateway.service.JwtService    : JWT secret length: 61
2026-01-05 19:21:03.405 DEBUG [           main] [030e94ea-3a40-428f-bb07-50dd5277846c] c.t.paymentgateway.service.JwtService    : Successfully decoded JWT secret as base64
2026-01-05 19:21:03.406 DEBUG [           main] [030e94ea-3a40-428f-bb07-50dd5277846c] c.t.paymentgateway.service.JwtService    : Successfully created JWT signing key
]]></system-out>
  </testcase>
  <testcase name="extractUsername_WithValidToken_ShouldReturnUsername" classname="com.talentica.paymentgateway.service.JwtServiceUnitTest" time="0.01">
    <system-out><![CDATA[2026-01-05 19:21:03.414 DEBUG [           main] [030e94ea-3a40-428f-bb07-50dd5277846c] c.t.paymentgateway.service.JwtService    : JWT secret length: 61
2026-01-05 19:21:03.414 DEBUG [           main] [030e94ea-3a40-428f-bb07-50dd5277846c] c.t.paymentgateway.service.JwtService    : Successfully decoded JWT secret as base64
2026-01-05 19:21:03.415 DEBUG [           main] [030e94ea-3a40-428f-bb07-50dd5277846c] c.t.paymentgateway.service.JwtService    : Successfully created JWT signing key
2026-01-05 19:21:03.418 DEBUG [           main] [030e94ea-3a40-428f-bb07-50dd5277846c] c.t.paymentgateway.service.JwtService    : JWT secret length: 61
2026-01-05 19:21:03.418 DEBUG [           main] [030e94ea-3a40-428f-bb07-50dd5277846c] c.t.paymentgateway.service.JwtService    : Successfully decoded JWT secret as base64
2026-01-05 19:21:03.418 DEBUG [           main] [030e94ea-3a40-428f-bb07-50dd5277846c] c.t.paymentgateway.service.JwtService    : Successfully created JWT signing key
]]></system-out>
  </testcase>
  <testcase name="extractTokenType_WithValidRefreshToken_ShouldReturnRefreshType" classname="com.talentica.paymentgateway.service.JwtServiceUnitTest" time="0.01">
    <system-out><![CDATA[2026-01-05 19:21:03.424 DEBUG [           main] [030e94ea-3a40-428f-bb07-50dd5277846c] c.t.paymentgateway.service.JwtService    : JWT secret length: 61
2026-01-05 19:21:03.425 DEBUG [           main] [030e94ea-3a40-428f-bb07-50dd5277846c] c.t.paymentgateway.service.JwtService    : Successfully decoded JWT secret as base64
2026-01-05 19:21:03.425 DEBUG [           main] [030e94ea-3a40-428f-bb07-50dd5277846c] c.t.paymentgateway.service.JwtService    : Successfully created JWT signing key
2026-01-05 19:21:03.428 DEBUG [           main] [030e94ea-3a40-428f-bb07-50dd5277846c] c.t.paymentgateway.service.JwtService    : JWT secret length: 61
2026-01-05 19:21:03.429 DEBUG [           main] [030e94ea-3a40-428f-bb07-50dd5277846c] c.t.paymentgateway.service.JwtService    : Successfully decoded JWT secret as base64
2026-01-05 19:21:03.429 DEBUG [           main] [030e94ea-3a40-428f-bb07-50dd5277846c] c.t.paymentgateway.service.JwtService    : Successfully created JWT signing key
]]></system-out>
  </testcase>
  <testcase name="tokenGeneration_WithDifferentExpirationTimes_ShouldRespectConfiguration" classname="com.talentica.paymentgateway.service.JwtServiceUnitTest" time="0.022">
    <system-out><![CDATA[2026-01-05 19:21:03.437 DEBUG [           main] [030e94ea-3a40-428f-bb07-50dd5277846c] c.t.paymentgateway.service.JwtService    : JWT secret length: 61
2026-01-05 19:21:03.437 DEBUG [           main] [030e94ea-3a40-428f-bb07-50dd5277846c] c.t.paymentgateway.service.JwtService    : Successfully decoded JWT secret as base64
2026-01-05 19:21:03.437 DEBUG [           main] [030e94ea-3a40-428f-bb07-50dd5277846c] c.t.paymentgateway.service.JwtService    : Successfully created JWT signing key
2026-01-05 19:21:03.440 DEBUG [           main] [030e94ea-3a40-428f-bb07-50dd5277846c] c.t.paymentgateway.service.JwtService    : JWT secret length: 61
2026-01-05 19:21:03.440 DEBUG [           main] [030e94ea-3a40-428f-bb07-50dd5277846c] c.t.paymentgateway.service.JwtService    : Successfully decoded JWT secret as base64
2026-01-05 19:21:03.441 DEBUG [           main] [030e94ea-3a40-428f-bb07-50dd5277846c] c.t.paymentgateway.service.JwtService    : Successfully created JWT signing key
2026-01-05 19:21:03.446 DEBUG [           main] [030e94ea-3a40-428f-bb07-50dd5277846c] c.t.paymentgateway.service.JwtService    : JWT secret length: 61
2026-01-05 19:21:03.446 DEBUG [           main] [030e94ea-3a40-428f-bb07-50dd5277846c] c.t.paymentgateway.service.JwtService    : Successfully decoded JWT secret as base64
2026-01-05 19:21:03.447 DEBUG [           main] [030e94ea-3a40-428f-bb07-50dd5277846c] c.t.paymentgateway.service.JwtService    : Successfully created JWT signing key
2026-01-05 19:21:03.448 DEBUG [           main] [030e94ea-3a40-428f-bb07-50dd5277846c] c.t.paymentgateway.service.JwtService    : JWT secret length: 61
2026-01-05 19:21:03.449 DEBUG [           main] [030e94ea-3a40-428f-bb07-50dd5277846c] c.t.paymentgateway.service.JwtService    : Successfully decoded JWT secret as base64
2026-01-05 19:21:03.449 DEBUG [           main] [030e94ea-3a40-428f-bb07-50dd5277846c] c.t.paymentgateway.service.JwtService    : Successfully created JWT signing key
]]></system-out>
  </testcase>
  <testcase name="isRefreshToken_WithRefreshToken_ShouldReturnTrue" classname="com.talentica.paymentgateway.service.JwtServiceUnitTest" time="0.008">
    <system-out><![CDATA[2026-01-05 19:21:03.458 DEBUG [           main] [030e94ea-3a40-428f-bb07-50dd5277846c] c.t.paymentgateway.service.JwtService    : JWT secret length: 61
2026-01-05 19:21:03.459 DEBUG [           main] [030e94ea-3a40-428f-bb07-50dd5277846c] c.t.paymentgateway.service.JwtService    : Successfully decoded JWT secret as base64
2026-01-05 19:21:03.459 DEBUG [           main] [030e94ea-3a40-428f-bb07-50dd5277846c] c.t.paymentgateway.service.JwtService    : Successfully created JWT signing key
2026-01-05 19:21:03.461 DEBUG [           main] [030e94ea-3a40-428f-bb07-50dd5277846c] c.t.paymentgateway.service.JwtService    : JWT secret length: 61
2026-01-05 19:21:03.461 DEBUG [           main] [030e94ea-3a40-428f-bb07-50dd5277846c] c.t.paymentgateway.service.JwtService    : Successfully decoded JWT secret as base64
2026-01-05 19:21:03.462 DEBUG [           main] [030e94ea-3a40-428f-bb07-50dd5277846c] c.t.paymentgateway.service.JwtService    : Successfully created JWT signing key
]]></system-out>
  </testcase>
  <testcase name="isTokenValid_WithExpiredToken_ShouldReturnFalse" classname="com.talentica.paymentgateway.service.JwtServiceUnitTest" time="0.036">
    <system-out><![CDATA[2026-01-05 19:21:03.466 DEBUG [           main] [030e94ea-3a40-428f-bb07-50dd5277846c] c.t.paymentgateway.service.JwtService    : JWT secret length: 61
2026-01-05 19:21:03.467 DEBUG [           main] [030e94ea-3a40-428f-bb07-50dd5277846c] c.t.paymentgateway.service.JwtService    : Successfully decoded JWT secret as base64
2026-01-05 19:21:03.467 DEBUG [           main] [030e94ea-3a40-428f-bb07-50dd5277846c] c.t.paymentgateway.service.JwtService    : Successfully created JWT signing key
2026-01-05 19:21:03.486 DEBUG [           main] [030e94ea-3a40-428f-bb07-50dd5277846c] c.t.paymentgateway.service.JwtService    : JWT secret length: 61
2026-01-05 19:21:03.486 DEBUG [           main] [030e94ea-3a40-428f-bb07-50dd5277846c] c.t.paymentgateway.service.JwtService    : Successfully decoded JWT secret as base64
2026-01-05 19:21:03.487 DEBUG [           main] [030e94ea-3a40-428f-bb07-50dd5277846c] c.t.paymentgateway.service.JwtService    : Successfully created JWT signing key
2026-01-05 19:21:03.500  WARN [           main] [030e94ea-3a40-428f-bb07-50dd5277846c] c.t.paymentgateway.service.JwtService    : JWT token is expired: JWT expired 492 milliseconds ago at 2026-01-05T13:51:03.000Z. Current time: 2026-01-05T13:51:03.492Z. Allowed clock skew: 0 milliseconds.
2026-01-05 19:21:03.500  WARN [           main] [030e94ea-3a40-428f-bb07-50dd5277846c] c.t.paymentgateway.service.JwtService    : Token validation failed: JWT expired 492 milliseconds ago at 2026-01-05T13:51:03.000Z. Current time: 2026-01-05T13:51:03.492Z. Allowed clock skew: 0 milliseconds.
]]></system-out>
  </testcase>
  <testcase name="extractUserId_WithUserIdClaim_ShouldReturnUserId" classname="com.talentica.paymentgateway.service.JwtServiceUnitTest" time="0.009">
    <system-out><![CDATA[2026-01-05 19:21:03.503 DEBUG [           main] [030e94ea-3a40-428f-bb07-50dd5277846c] c.t.paymentgateway.service.JwtService    : JWT secret length: 61
2026-01-05 19:21:03.504 DEBUG [           main] [030e94ea-3a40-428f-bb07-50dd5277846c] c.t.paymentgateway.service.JwtService    : Successfully decoded JWT secret as base64
2026-01-05 19:21:03.504 DEBUG [           main] [030e94ea-3a40-428f-bb07-50dd5277846c] c.t.paymentgateway.service.JwtService    : Successfully created JWT signing key
2026-01-05 19:21:03.507 DEBUG [           main] [030e94ea-3a40-428f-bb07-50dd5277846c] c.t.paymentgateway.service.JwtService    : JWT secret length: 61
2026-01-05 19:21:03.507 DEBUG [           main] [030e94ea-3a40-428f-bb07-50dd5277846c] c.t.paymentgateway.service.JwtService    : Successfully decoded JWT secret as base64
2026-01-05 19:21:03.508 DEBUG [           main] [030e94ea-3a40-428f-bb07-50dd5277846c] c.t.paymentgateway.service.JwtService    : Successfully created JWT signing key
]]></system-out>
  </testcase>
  <testcase name="isTokenValid_WithMalformedToken_ShouldReturnFalse" classname="com.talentica.paymentgateway.service.JwtServiceUnitTest" time="0.007">
    <system-out><![CDATA[2026-01-05 19:21:03.513 DEBUG [           main] [030e94ea-3a40-428f-bb07-50dd5277846c] c.t.paymentgateway.service.JwtService    : JWT secret length: 61
2026-01-05 19:21:03.513 DEBUG [           main] [030e94ea-3a40-428f-bb07-50dd5277846c] c.t.paymentgateway.service.JwtService    : Successfully decoded JWT secret as base64
2026-01-05 19:21:03.513 DEBUG [           main] [030e94ea-3a40-428f-bb07-50dd5277846c] c.t.paymentgateway.service.JwtService    : Successfully created JWT signing key
2026-01-05 19:21:03.517  WARN [           main] [030e94ea-3a40-428f-bb07-50dd5277846c] c.t.paymentgateway.service.JwtService    : JWT token is malformed: Malformed protected header JSON: Unable to deserialize: Unexpected character ('ï¿½' (code 65533 / 0xfffd)): expected a valid value (JSON String, Number, Array, Object or token 'null', 'true' or 'false')
 at [Source: (InputStreamReader); line: 1, column: 2]
2026-01-05 19:21:03.517  WARN [           main] [030e94ea-3a40-428f-bb07-50dd5277846c] c.t.paymentgateway.service.JwtService    : Token validation failed: Malformed protected header JSON: Unable to deserialize: Unexpected character ('ï¿½' (code 65533 / 0xfffd)): expected a valid value (JSON String, Number, Array, Object or token 'null', 'true' or 'false')
 at [Source: (InputStreamReader); line: 1, column: 2]
]]></system-out>
  </testcase>
  <testcase name="extractAllClaims_WithMalformedToken_ShouldThrowMalformedJwtException" classname="com.talentica.paymentgateway.service.JwtServiceUnitTest" time="0.005">
    <system-out><![CDATA[2026-01-05 19:21:03.521 DEBUG [           main] [030e94ea-3a40-428f-bb07-50dd5277846c] c.t.paymentgateway.service.JwtService    : JWT secret length: 61
2026-01-05 19:21:03.522 DEBUG [           main] [030e94ea-3a40-428f-bb07-50dd5277846c] c.t.paymentgateway.service.JwtService    : Successfully decoded JWT secret as base64
2026-01-05 19:21:03.522 DEBUG [           main] [030e94ea-3a40-428f-bb07-50dd5277846c] c.t.paymentgateway.service.JwtService    : Successfully created JWT signing key
2026-01-05 19:21:03.523  WARN [           main] [030e94ea-3a40-428f-bb07-50dd5277846c] c.t.paymentgateway.service.JwtService    : JWT token is malformed: Malformed protected header JSON: Unable to deserialize: Unexpected character ('ï¿½' (code 65533 / 0xfffd)): expected a valid value (JSON String, Number, Array, Object or token 'null', 'true' or 'false')
 at [Source: (InputStreamReader); line: 1, column: 2]
]]></system-out>
  </testcase>
  <testcase name="generateAccessToken_WithExtraClaims_ShouldIncludeClaims" classname="com.talentica.paymentgateway.service.JwtServiceUnitTest" time="0.031">
    <system-out><![CDATA[2026-01-05 19:21:03.541 DEBUG [           main] [030e94ea-3a40-428f-bb07-50dd5277846c] c.t.paymentgateway.service.JwtService    : JWT secret length: 61
2026-01-05 19:21:03.542 DEBUG [           main] [030e94ea-3a40-428f-bb07-50dd5277846c] c.t.paymentgateway.service.JwtService    : Successfully decoded JWT secret as base64
2026-01-05 19:21:03.543 DEBUG [           main] [030e94ea-3a40-428f-bb07-50dd5277846c] c.t.paymentgateway.service.JwtService    : Successfully created JWT signing key
2026-01-05 19:21:03.544 DEBUG [           main] [030e94ea-3a40-428f-bb07-50dd5277846c] c.t.paymentgateway.service.JwtService    : JWT secret length: 61
2026-01-05 19:21:03.545 DEBUG [           main] [030e94ea-3a40-428f-bb07-50dd5277846c] c.t.paymentgateway.service.JwtService    : Successfully decoded JWT secret as base64
2026-01-05 19:21:03.545 DEBUG [           main] [030e94ea-3a40-428f-bb07-50dd5277846c] c.t.paymentgateway.service.JwtService    : Successfully created JWT signing key
2026-01-05 19:21:03.547 DEBUG [           main] [030e94ea-3a40-428f-bb07-50dd5277846c] c.t.paymentgateway.service.JwtService    : JWT secret length: 61
2026-01-05 19:21:03.548 DEBUG [           main] [030e94ea-3a40-428f-bb07-50dd5277846c] c.t.paymentgateway.service.JwtService    : Successfully decoded JWT secret as base64
2026-01-05 19:21:03.548 DEBUG [           main] [030e94ea-3a40-428f-bb07-50dd5277846c] c.t.paymentgateway.service.JwtService    : Successfully created JWT signing key
2026-01-05 19:21:03.552 DEBUG [           main] [030e94ea-3a40-428f-bb07-50dd5277846c] c.t.paymentgateway.service.JwtService    : JWT secret length: 61
2026-01-05 19:21:03.552 DEBUG [           main] [030e94ea-3a40-428f-bb07-50dd5277846c] c.t.paymentgateway.service.JwtService    : Successfully decoded JWT secret as base64
2026-01-05 19:21:03.552 DEBUG [           main] [030e94ea-3a40-428f-bb07-50dd5277846c] c.t.paymentgateway.service.JwtService    : Successfully created JWT signing key
]]></system-out>
  </testcase>
  <testcase name="getRemainingTime_WithExpiredToken_ShouldReturnZero" classname="com.talentica.paymentgateway.service.JwtServiceUnitTest" time="0.029">
    <system-out><![CDATA[2026-01-05 19:21:03.559 DEBUG [           main] [030e94ea-3a40-428f-bb07-50dd5277846c] c.t.paymentgateway.service.JwtService    : JWT secret length: 61
2026-01-05 19:21:03.560 DEBUG [           main] [030e94ea-3a40-428f-bb07-50dd5277846c] c.t.paymentgateway.service.JwtService    : Successfully decoded JWT secret as base64
2026-01-05 19:21:03.560 DEBUG [           main] [030e94ea-3a40-428f-bb07-50dd5277846c] c.t.paymentgateway.service.JwtService    : Successfully created JWT signing key
2026-01-05 19:21:03.582 DEBUG [           main] [030e94ea-3a40-428f-bb07-50dd5277846c] c.t.paymentgateway.service.JwtService    : JWT secret length: 61
2026-01-05 19:21:03.582 DEBUG [           main] [030e94ea-3a40-428f-bb07-50dd5277846c] c.t.paymentgateway.service.JwtService    : Successfully decoded JWT secret as base64
2026-01-05 19:21:03.583 DEBUG [           main] [030e94ea-3a40-428f-bb07-50dd5277846c] c.t.paymentgateway.service.JwtService    : Successfully created JWT signing key
2026-01-05 19:21:03.586  WARN [           main] [030e94ea-3a40-428f-bb07-50dd5277846c] c.t.paymentgateway.service.JwtService    : JWT token is expired: JWT expired 585 milliseconds ago at 2026-01-05T13:51:03.000Z. Current time: 2026-01-05T13:51:03.585Z. Allowed clock skew: 0 milliseconds.
]]></system-out>
  </testcase>
  <testcase name="isTokenValid_WithValidTokenAndDifferentUser_ShouldReturnFalse" classname="com.talentica.paymentgateway.service.JwtServiceUnitTest" time="0.012">
    <system-out><![CDATA[2026-01-05 19:21:03.591 DEBUG [           main] [030e94ea-3a40-428f-bb07-50dd5277846c] c.t.paymentgateway.service.JwtService    : JWT secret length: 61
2026-01-05 19:21:03.592 DEBUG [           main] [030e94ea-3a40-428f-bb07-50dd5277846c] c.t.paymentgateway.service.JwtService    : Successfully decoded JWT secret as base64
2026-01-05 19:21:03.592 DEBUG [           main] [030e94ea-3a40-428f-bb07-50dd5277846c] c.t.paymentgateway.service.JwtService    : Successfully created JWT signing key
2026-01-05 19:21:03.595 DEBUG [           main] [030e94ea-3a40-428f-bb07-50dd5277846c] c.t.paymentgateway.service.JwtService    : JWT secret length: 61
2026-01-05 19:21:03.595 DEBUG [           main] [030e94ea-3a40-428f-bb07-50dd5277846c] c.t.paymentgateway.service.JwtService    : Successfully decoded JWT secret as base64
2026-01-05 19:21:03.596 DEBUG [           main] [030e94ea-3a40-428f-bb07-50dd5277846c] c.t.paymentgateway.service.JwtService    : Successfully created JWT signing key
]]></system-out>
  </testcase>
  <testcase name="isTokenValid_WithValidTokenAndMatchingUser_ShouldReturnTrue" classname="com.talentica.paymentgateway.service.JwtServiceUnitTest" time="0.009">
    <system-out><![CDATA[2026-01-05 19:21:03.601 DEBUG [           main] [030e94ea-3a40-428f-bb07-50dd5277846c] c.t.paymentgateway.service.JwtService    : JWT secret length: 61
2026-01-05 19:21:03.601 DEBUG [           main] [030e94ea-3a40-428f-bb07-50dd5277846c] c.t.paymentgateway.service.JwtService    : Successfully decoded JWT secret as base64
2026-01-05 19:21:03.601 DEBUG [           main] [030e94ea-3a40-428f-bb07-50dd5277846c] c.t.paymentgateway.service.JwtService    : Successfully created JWT signing key
2026-01-05 19:21:03.603 DEBUG [           main] [030e94ea-3a40-428f-bb07-50dd5277846c] c.t.paymentgateway.service.JwtService    : JWT secret length: 61
2026-01-05 19:21:03.604 DEBUG [           main] [030e94ea-3a40-428f-bb07-50dd5277846c] c.t.paymentgateway.service.JwtService    : Successfully decoded JWT secret as base64
2026-01-05 19:21:03.604 DEBUG [           main] [030e94ea-3a40-428f-bb07-50dd5277846c] c.t.paymentgateway.service.JwtService    : Successfully created JWT signing key
2026-01-05 19:21:03.606 DEBUG [           main] [030e94ea-3a40-428f-bb07-50dd5277846c] c.t.paymentgateway.service.JwtService    : JWT secret length: 61
2026-01-05 19:21:03.607 DEBUG [           main] [030e94ea-3a40-428f-bb07-50dd5277846c] c.t.paymentgateway.service.JwtService    : Successfully decoded JWT secret as base64
2026-01-05 19:21:03.607 DEBUG [           main] [030e94ea-3a40-428f-bb07-50dd5277846c] c.t.paymentgateway.service.JwtService    : Successfully created JWT signing key
]]></system-out>
  </testcase>
  <testcase name="isRefreshToken_WithMalformedToken_ShouldReturnFalse" classname="com.talentica.paymentgateway.service.JwtServiceUnitTest" time="0.006">
    <system-out><![CDATA[2026-01-05 19:21:03.614 DEBUG [           main] [030e94ea-3a40-428f-bb07-50dd5277846c] c.t.paymentgateway.service.JwtService    : JWT secret length: 61
2026-01-05 19:21:03.614 DEBUG [           main] [030e94ea-3a40-428f-bb07-50dd5277846c] c.t.paymentgateway.service.JwtService    : Successfully decoded JWT secret as base64
2026-01-05 19:21:03.614 DEBUG [           main] [030e94ea-3a40-428f-bb07-50dd5277846c] c.t.paymentgateway.service.JwtService    : Successfully created JWT signing key
2026-01-05 19:21:03.615  WARN [           main] [030e94ea-3a40-428f-bb07-50dd5277846c] c.t.paymentgateway.service.JwtService    : JWT token is malformed: Invalid compact JWT string: Compact JWSs must contain exactly 2 period characters, and compact JWEs must contain exactly 4.  Found: 1
2026-01-05 19:21:03.615  WARN [           main] [030e94ea-3a40-428f-bb07-50dd5277846c] c.t.paymentgateway.service.JwtService    : Failed to extract token type: Invalid compact JWT string: Compact JWSs must contain exactly 2 period characters, and compact JWEs must contain exactly 4.  Found: 1
]]></system-out>
  </testcase>
  <testcase name="isRefreshToken_WithAccessToken_ShouldReturnFalse" classname="com.talentica.paymentgateway.service.JwtServiceUnitTest" time="0.016">
    <system-out><![CDATA[2026-01-05 19:21:03.626 DEBUG [           main] [030e94ea-3a40-428f-bb07-50dd5277846c] c.t.paymentgateway.service.JwtService    : JWT secret length: 61
2026-01-05 19:21:03.627 DEBUG [           main] [030e94ea-3a40-428f-bb07-50dd5277846c] c.t.paymentgateway.service.JwtService    : Successfully decoded JWT secret as base64
2026-01-05 19:21:03.627 DEBUG [           main] [030e94ea-3a40-428f-bb07-50dd5277846c] c.t.paymentgateway.service.JwtService    : Successfully created JWT signing key
2026-01-05 19:21:03.629 DEBUG [           main] [030e94ea-3a40-428f-bb07-50dd5277846c] c.t.paymentgateway.service.JwtService    : JWT secret length: 61
2026-01-05 19:21:03.629 DEBUG [           main] [030e94ea-3a40-428f-bb07-50dd5277846c] c.t.paymentgateway.service.JwtService    : Successfully decoded JWT secret as base64
2026-01-05 19:21:03.629 DEBUG [           main] [030e94ea-3a40-428f-bb07-50dd5277846c] c.t.paymentgateway.service.JwtService    : Successfully created JWT signing key
]]></system-out>
  </testcase>
  <testcase name="extractClaim_WithCustomClaimExtractor_ShouldReturnClaim" classname="com.talentica.paymentgateway.service.JwtServiceUnitTest" time="0.01">
    <system-out><![CDATA[2026-01-05 19:21:03.641 DEBUG [           main] [030e94ea-3a40-428f-bb07-50dd5277846c] c.t.paymentgateway.service.JwtService    : JWT secret length: 61
2026-01-05 19:21:03.641 DEBUG [           main] [030e94ea-3a40-428f-bb07-50dd5277846c] c.t.paymentgateway.service.JwtService    : Successfully decoded JWT secret as base64
2026-01-05 19:21:03.642 DEBUG [           main] [030e94ea-3a40-428f-bb07-50dd5277846c] c.t.paymentgateway.service.JwtService    : Successfully created JWT signing key
2026-01-05 19:21:03.644 DEBUG [           main] [030e94ea-3a40-428f-bb07-50dd5277846c] c.t.paymentgateway.service.JwtService    : JWT secret length: 61
2026-01-05 19:21:03.645 DEBUG [           main] [030e94ea-3a40-428f-bb07-50dd5277846c] c.t.paymentgateway.service.JwtService    : Successfully decoded JWT secret as base64
2026-01-05 19:21:03.645 DEBUG [           main] [030e94ea-3a40-428f-bb07-50dd5277846c] c.t.paymentgateway.service.JwtService    : Successfully created JWT signing key
]]></system-out>
  </testcase>
  <testcase name="extractAllClaims_WithExpiredToken_ShouldThrowExpiredJwtException" classname="com.talentica.paymentgateway.service.JwtServiceUnitTest" time="0.03">
    <system-out><![CDATA[2026-01-05 19:21:03.651 DEBUG [           main] [030e94ea-3a40-428f-bb07-50dd5277846c] c.t.paymentgateway.service.JwtService    : JWT secret length: 61
2026-01-05 19:21:03.652 DEBUG [           main] [030e94ea-3a40-428f-bb07-50dd5277846c] c.t.paymentgateway.service.JwtService    : Successfully decoded JWT secret as base64
2026-01-05 19:21:03.652 DEBUG [           main] [030e94ea-3a40-428f-bb07-50dd5277846c] c.t.paymentgateway.service.JwtService    : Successfully created JWT signing key
2026-01-05 19:21:03.674 DEBUG [           main] [030e94ea-3a40-428f-bb07-50dd5277846c] c.t.paymentgateway.service.JwtService    : JWT secret length: 61
2026-01-05 19:21:03.675 DEBUG [           main] [030e94ea-3a40-428f-bb07-50dd5277846c] c.t.paymentgateway.service.JwtService    : Successfully decoded JWT secret as base64
2026-01-05 19:21:03.675 DEBUG [           main] [030e94ea-3a40-428f-bb07-50dd5277846c] c.t.paymentgateway.service.JwtService    : Successfully created JWT signing key
2026-01-05 19:21:03.678  WARN [           main] [030e94ea-3a40-428f-bb07-50dd5277846c] c.t.paymentgateway.service.JwtService    : JWT token is expired: JWT expired 677 milliseconds ago at 2026-01-05T13:51:03.000Z. Current time: 2026-01-05T13:51:03.677Z. Allowed clock skew: 0 milliseconds.
]]></system-out>
  </testcase>
  <testcase name="extractTokenType_WithValidAccessToken_ShouldReturnAccessType" classname="com.talentica.paymentgateway.service.JwtServiceUnitTest" time="0.008">
    <system-out><![CDATA[2026-01-05 19:21:03.681 DEBUG [           main] [030e94ea-3a40-428f-bb07-50dd5277846c] c.t.paymentgateway.service.JwtService    : JWT secret length: 61
2026-01-05 19:21:03.681 DEBUG [           main] [030e94ea-3a40-428f-bb07-50dd5277846c] c.t.paymentgateway.service.JwtService    : Successfully decoded JWT secret as base64
2026-01-05 19:21:03.682 DEBUG [           main] [030e94ea-3a40-428f-bb07-50dd5277846c] c.t.paymentgateway.service.JwtService    : Successfully created JWT signing key
2026-01-05 19:21:03.683 DEBUG [           main] [030e94ea-3a40-428f-bb07-50dd5277846c] c.t.paymentgateway.service.JwtService    : JWT secret length: 61
2026-01-05 19:21:03.684 DEBUG [           main] [030e94ea-3a40-428f-bb07-50dd5277846c] c.t.paymentgateway.service.JwtService    : Successfully decoded JWT secret as base64
2026-01-05 19:21:03.684 DEBUG [           main] [030e94ea-3a40-428f-bb07-50dd5277846c] c.t.paymentgateway.service.JwtService    : Successfully created JWT signing key
]]></system-out>
  </testcase>
  <testcase name="generateAccessToken_WithUserDetails_ShouldReturnValidToken" classname="com.talentica.paymentgateway.service.JwtServiceUnitTest" time="0.019">
    <system-out><![CDATA[2026-01-05 19:21:03.689 DEBUG [           main] [030e94ea-3a40-428f-bb07-50dd5277846c] c.t.paymentgateway.service.JwtService    : JWT secret length: 61
2026-01-05 19:21:03.690 DEBUG [           main] [030e94ea-3a40-428f-bb07-50dd5277846c] c.t.paymentgateway.service.JwtService    : Successfully decoded JWT secret as base64
2026-01-05 19:21:03.690 DEBUG [           main] [030e94ea-3a40-428f-bb07-50dd5277846c] c.t.paymentgateway.service.JwtService    : Successfully created JWT signing key
2026-01-05 19:21:03.692 DEBUG [           main] [030e94ea-3a40-428f-bb07-50dd5277846c] c.t.paymentgateway.service.JwtService    : JWT secret length: 61
2026-01-05 19:21:03.692 DEBUG [           main] [030e94ea-3a40-428f-bb07-50dd5277846c] c.t.paymentgateway.service.JwtService    : Successfully decoded JWT secret as base64
2026-01-05 19:21:03.693 DEBUG [           main] [030e94ea-3a40-428f-bb07-50dd5277846c] c.t.paymentgateway.service.JwtService    : Successfully created JWT signing key
2026-01-05 19:21:03.695 DEBUG [           main] [030e94ea-3a40-428f-bb07-50dd5277846c] c.t.paymentgateway.service.JwtService    : JWT secret length: 61
2026-01-05 19:21:03.696 DEBUG [           main] [030e94ea-3a40-428f-bb07-50dd5277846c] c.t.paymentgateway.service.JwtService    : Successfully decoded JWT secret as base64
2026-01-05 19:21:03.697 DEBUG [           main] [030e94ea-3a40-428f-bb07-50dd5277846c] c.t.paymentgateway.service.JwtService    : Successfully created JWT signing key
2026-01-05 19:21:03.699 DEBUG [           main] [030e94ea-3a40-428f-bb07-50dd5277846c] c.t.paymentgateway.service.JwtService    : JWT secret length: 61
2026-01-05 19:21:03.699 DEBUG [           main] [030e94ea-3a40-428f-bb07-50dd5277846c] c.t.paymentgateway.service.JwtService    : Successfully decoded JWT secret as base64
2026-01-05 19:21:03.700 DEBUG [           main] [030e94ea-3a40-428f-bb07-50dd5277846c] c.t.paymentgateway.service.JwtService    : Successfully created JWT signing key
2026-01-05 19:21:03.702 DEBUG [           main] [030e94ea-3a40-428f-bb07-50dd5277846c] c.t.paymentgateway.service.JwtService    : JWT secret length: 61
2026-01-05 19:21:03.703 DEBUG [           main] [030e94ea-3a40-428f-bb07-50dd5277846c] c.t.paymentgateway.service.JwtService    : Successfully decoded JWT secret as base64
2026-01-05 19:21:03.703 DEBUG [           main] [030e94ea-3a40-428f-bb07-50dd5277846c] c.t.paymentgateway.service.JwtService    : Successfully created JWT signing key
]]></system-out>
  </testcase>
  <testcase name="generateRefreshToken_WithUserDetails_ShouldReturnValidRefreshToken" classname="com.talentica.paymentgateway.service.JwtServiceUnitTest" time="0.019">
    <system-out><![CDATA[2026-01-05 19:21:03.710 DEBUG [           main] [030e94ea-3a40-428f-bb07-50dd5277846c] c.t.paymentgateway.service.JwtService    : JWT secret length: 61
2026-01-05 19:21:03.711 DEBUG [           main] [030e94ea-3a40-428f-bb07-50dd5277846c] c.t.paymentgateway.service.JwtService    : Successfully decoded JWT secret as base64
2026-01-05 19:21:03.711 DEBUG [           main] [030e94ea-3a40-428f-bb07-50dd5277846c] c.t.paymentgateway.service.JwtService    : Successfully created JWT signing key
2026-01-05 19:21:03.714 DEBUG [           main] [030e94ea-3a40-428f-bb07-50dd5277846c] c.t.paymentgateway.service.JwtService    : JWT secret length: 61
2026-01-05 19:21:03.715 DEBUG [           main] [030e94ea-3a40-428f-bb07-50dd5277846c] c.t.paymentgateway.service.JwtService    : Successfully decoded JWT secret as base64
2026-01-05 19:21:03.715 DEBUG [           main] [030e94ea-3a40-428f-bb07-50dd5277846c] c.t.paymentgateway.service.JwtService    : Successfully created JWT signing key
2026-01-05 19:21:03.718 DEBUG [           main] [030e94ea-3a40-428f-bb07-50dd5277846c] c.t.paymentgateway.service.JwtService    : JWT secret length: 61
2026-01-05 19:21:03.718 DEBUG [           main] [030e94ea-3a40-428f-bb07-50dd5277846c] c.t.paymentgateway.service.JwtService    : Successfully decoded JWT secret as base64
2026-01-05 19:21:03.718 DEBUG [           main] [030e94ea-3a40-428f-bb07-50dd5277846c] c.t.paymentgateway.service.JwtService    : Successfully created JWT signing key
2026-01-05 19:21:03.721 DEBUG [           main] [030e94ea-3a40-428f-bb07-50dd5277846c] c.t.paymentgateway.service.JwtService    : JWT secret length: 61
2026-01-05 19:21:03.721 DEBUG [           main] [030e94ea-3a40-428f-bb07-50dd5277846c] c.t.paymentgateway.service.JwtService    : Successfully decoded JWT secret as base64
2026-01-05 19:21:03.721 DEBUG [           main] [030e94ea-3a40-428f-bb07-50dd5277846c] c.t.paymentgateway.service.JwtService    : Successfully created JWT signing key
2026-01-05 19:21:03.724 DEBUG [           main] [030e94ea-3a40-428f-bb07-50dd5277846c] c.t.paymentgateway.service.JwtService    : JWT secret length: 61
2026-01-05 19:21:03.724 DEBUG [           main] [030e94ea-3a40-428f-bb07-50dd5277846c] c.t.paymentgateway.service.JwtService    : Successfully decoded JWT secret as base64
2026-01-05 19:21:03.725 DEBUG [           main] [030e94ea-3a40-428f-bb07-50dd5277846c] c.t.paymentgateway.service.JwtService    : Successfully created JWT signing key
]]></system-out>
  </testcase>
  <testcase name="extractAllClaims_WithInvalidSignature_ShouldThrowSignatureException" classname="com.talentica.paymentgateway.service.JwtServiceUnitTest" time="0.009">
    <system-out><![CDATA[2026-01-05 19:21:03.729 DEBUG [           main] [030e94ea-3a40-428f-bb07-50dd5277846c] c.t.paymentgateway.service.JwtService    : JWT secret length: 61
2026-01-05 19:21:03.730 DEBUG [           main] [030e94ea-3a40-428f-bb07-50dd5277846c] c.t.paymentgateway.service.JwtService    : Successfully decoded JWT secret as base64
2026-01-05 19:21:03.730 DEBUG [           main] [030e94ea-3a40-428f-bb07-50dd5277846c] c.t.paymentgateway.service.JwtService    : Successfully created JWT signing key
2026-01-05 19:21:03.732 DEBUG [           main] [030e94ea-3a40-428f-bb07-50dd5277846c] c.t.paymentgateway.service.JwtService    : JWT secret length: 60
2026-01-05 19:21:03.732 DEBUG [           main] [030e94ea-3a40-428f-bb07-50dd5277846c] c.t.paymentgateway.service.JwtService    : Successfully decoded JWT secret as base64
2026-01-05 19:21:03.733 DEBUG [           main] [030e94ea-3a40-428f-bb07-50dd5277846c] c.t.paymentgateway.service.JwtService    : Successfully created JWT signing key
2026-01-05 19:21:03.735  WARN [           main] [030e94ea-3a40-428f-bb07-50dd5277846c] c.t.paymentgateway.service.JwtService    : JWT signature does not match: JWT signature does not match locally computed signature. JWT validity cannot be asserted and should not be trusted.
]]></system-out>
  </testcase>
  <testcase name="isAccessToken_WithMalformedToken_ShouldReturnFalse" classname="com.talentica.paymentgateway.service.JwtServiceUnitTest" time="0.005">
    <system-out><![CDATA[2026-01-05 19:21:03.739 DEBUG [           main] [030e94ea-3a40-428f-bb07-50dd5277846c] c.t.paymentgateway.service.JwtService    : JWT secret length: 61
2026-01-05 19:21:03.739 DEBUG [           main] [030e94ea-3a40-428f-bb07-50dd5277846c] c.t.paymentgateway.service.JwtService    : Successfully decoded JWT secret as base64
2026-01-05 19:21:03.740 DEBUG [           main] [030e94ea-3a40-428f-bb07-50dd5277846c] c.t.paymentgateway.service.JwtService    : Successfully created JWT signing key
2026-01-05 19:21:03.740  WARN [           main] [030e94ea-3a40-428f-bb07-50dd5277846c] c.t.paymentgateway.service.JwtService    : JWT token is malformed: Invalid compact JWT string: Compact JWSs must contain exactly 2 period characters, and compact JWEs must contain exactly 4.  Found: 1
2026-01-05 19:21:03.741  WARN [           main] [030e94ea-3a40-428f-bb07-50dd5277846c] c.t.paymentgateway.service.JwtService    : Failed to extract token type: Invalid compact JWT string: Compact JWSs must contain exactly 2 period characters, and compact JWEs must contain exactly 4.  Found: 1
]]></system-out>
  </testcase>
  <testcase name="getExpirationTime_WithValidToken_ShouldReturnExpirationTime" classname="com.talentica.paymentgateway.service.JwtServiceUnitTest" time="0.008">
    <system-out><![CDATA[2026-01-05 19:21:03.745 DEBUG [           main] [030e94ea-3a40-428f-bb07-50dd5277846c] c.t.paymentgateway.service.JwtService    : JWT secret length: 61
2026-01-05 19:21:03.746 DEBUG [           main] [030e94ea-3a40-428f-bb07-50dd5277846c] c.t.paymentgateway.service.JwtService    : Successfully decoded JWT secret as base64
2026-01-05 19:21:03.746 DEBUG [           main] [030e94ea-3a40-428f-bb07-50dd5277846c] c.t.paymentgateway.service.JwtService    : Successfully created JWT signing key
2026-01-05 19:21:03.748 DEBUG [           main] [030e94ea-3a40-428f-bb07-50dd5277846c] c.t.paymentgateway.service.JwtService    : JWT secret length: 61
2026-01-05 19:21:03.748 DEBUG [           main] [030e94ea-3a40-428f-bb07-50dd5277846c] c.t.paymentgateway.service.JwtService    : Successfully decoded JWT secret as base64
2026-01-05 19:21:03.748 DEBUG [           main] [030e94ea-3a40-428f-bb07-50dd5277846c] c.t.paymentgateway.service.JwtService    : Successfully created JWT signing key
]]></system-out>
  </testcase>
  <testcase name="extractUserId_WithoutUserIdClaim_ShouldReturnNull" classname="com.talentica.paymentgateway.service.JwtServiceUnitTest" time="0.007">
    <system-out><![CDATA[2026-01-05 19:21:03.755 DEBUG [           main] [030e94ea-3a40-428f-bb07-50dd5277846c] c.t.paymentgateway.service.JwtService    : JWT secret length: 61
2026-01-05 19:21:03.755 DEBUG [           main] [030e94ea-3a40-428f-bb07-50dd5277846c] c.t.paymentgateway.service.JwtService    : Successfully decoded JWT secret as base64
2026-01-05 19:21:03.755 DEBUG [           main] [030e94ea-3a40-428f-bb07-50dd5277846c] c.t.paymentgateway.service.JwtService    : Successfully created JWT signing key
2026-01-05 19:21:03.756 DEBUG [           main] [030e94ea-3a40-428f-bb07-50dd5277846c] c.t.paymentgateway.service.JwtService    : JWT secret length: 61
2026-01-05 19:21:03.757 DEBUG [           main] [030e94ea-3a40-428f-bb07-50dd5277846c] c.t.paymentgateway.service.JwtService    : Successfully decoded JWT secret as base64
2026-01-05 19:21:03.757 DEBUG [           main] [030e94ea-3a40-428f-bb07-50dd5277846c] c.t.paymentgateway.service.JwtService    : Successfully created JWT signing key
]]></system-out>
  </testcase>
  <testcase name="isAccessToken_WithRefreshToken_ShouldReturnFalse" classname="com.talentica.paymentgateway.service.JwtServiceUnitTest" time="0.009">
    <system-out><![CDATA[2026-01-05 19:21:03.762 DEBUG [           main] [030e94ea-3a40-428f-bb07-50dd5277846c] c.t.paymentgateway.service.JwtService    : JWT secret length: 61
2026-01-05 19:21:03.762 DEBUG [           main] [030e94ea-3a40-428f-bb07-50dd5277846c] c.t.paymentgateway.service.JwtService    : Successfully decoded JWT secret as base64
2026-01-05 19:21:03.763 DEBUG [           main] [030e94ea-3a40-428f-bb07-50dd5277846c] c.t.paymentgateway.service.JwtService    : Successfully created JWT signing key
2026-01-05 19:21:03.764 DEBUG [           main] [030e94ea-3a40-428f-bb07-50dd5277846c] c.t.paymentgateway.service.JwtService    : JWT secret length: 61
2026-01-05 19:21:03.765 DEBUG [           main] [030e94ea-3a40-428f-bb07-50dd5277846c] c.t.paymentgateway.service.JwtService    : Successfully decoded JWT secret as base64
2026-01-05 19:21:03.765 DEBUG [           main] [030e94ea-3a40-428f-bb07-50dd5277846c] c.t.paymentgateway.service.JwtService    : Successfully created JWT signing key
]]></system-out>
  </testcase>
  <testcase name="buildToken_WithShortSecret_ShouldPadSecretAndWork" classname="com.talentica.paymentgateway.service.JwtServiceUnitTest" time="0.009">
    <system-out><![CDATA[2026-01-05 19:21:03.771 DEBUG [           main] [030e94ea-3a40-428f-bb07-50dd5277846c] c.t.paymentgateway.service.JwtService    : JWT secret length: 5
2026-01-05 19:21:03.771 DEBUG [           main] [030e94ea-3a40-428f-bb07-50dd5277846c] c.t.paymentgateway.service.JwtService    : Successfully decoded JWT secret as base64
2026-01-05 19:21:03.772 DEBUG [           main] [030e94ea-3a40-428f-bb07-50dd5277846c] c.t.paymentgateway.service.JwtService    : JWT secret too short (3), padding to 32 bytes
2026-01-05 19:21:03.772 DEBUG [           main] [030e94ea-3a40-428f-bb07-50dd5277846c] c.t.paymentgateway.service.JwtService    : Successfully created JWT signing key
2026-01-05 19:21:03.774 DEBUG [           main] [030e94ea-3a40-428f-bb07-50dd5277846c] c.t.paymentgateway.service.JwtService    : JWT secret length: 5
2026-01-05 19:21:03.774 DEBUG [           main] [030e94ea-3a40-428f-bb07-50dd5277846c] c.t.paymentgateway.service.JwtService    : Successfully decoded JWT secret as base64
2026-01-05 19:21:03.775 DEBUG [           main] [030e94ea-3a40-428f-bb07-50dd5277846c] c.t.paymentgateway.service.JwtService    : JWT secret too short (3), padding to 32 bytes
2026-01-05 19:21:03.775 DEBUG [           main] [030e94ea-3a40-428f-bb07-50dd5277846c] c.t.paymentgateway.service.JwtService    : Successfully created JWT signing key
]]></system-out>
  </testcase>
  <testcase name="isAccessToken_WithAccessToken_ShouldReturnTrue" classname="com.talentica.paymentgateway.service.JwtServiceUnitTest" time="0.007">
    <system-out><![CDATA[2026-01-05 19:21:03.781 DEBUG [           main] [030e94ea-3a40-428f-bb07-50dd5277846c] c.t.paymentgateway.service.JwtService    : JWT secret length: 61
2026-01-05 19:21:03.781 DEBUG [           main] [030e94ea-3a40-428f-bb07-50dd5277846c] c.t.paymentgateway.service.JwtService    : Successfully decoded JWT secret as base64
2026-01-05 19:21:03.781 DEBUG [           main] [030e94ea-3a40-428f-bb07-50dd5277846c] c.t.paymentgateway.service.JwtService    : Successfully created JWT signing key
2026-01-05 19:21:03.783 DEBUG [           main] [030e94ea-3a40-428f-bb07-50dd5277846c] c.t.paymentgateway.service.JwtService    : JWT secret length: 61
2026-01-05 19:21:03.783 DEBUG [           main] [030e94ea-3a40-428f-bb07-50dd5277846c] c.t.paymentgateway.service.JwtService    : Successfully decoded JWT secret as base64
2026-01-05 19:21:03.783 DEBUG [           main] [030e94ea-3a40-428f-bb07-50dd5277846c] c.t.paymentgateway.service.JwtService    : Successfully created JWT signing key
]]></system-out>
  </testcase>
  <testcase name="buildToken_WithBase64Secret_ShouldDecodeAndWork" classname="com.talentica.paymentgateway.service.JwtServiceUnitTest" time="0.007">
    <system-out><![CDATA[2026-01-05 19:21:03.790 DEBUG [           main] [030e94ea-3a40-428f-bb07-50dd5277846c] c.t.paymentgateway.service.JwtService    : JWT secret length: 52
2026-01-05 19:21:03.791 DEBUG [           main] [030e94ea-3a40-428f-bb07-50dd5277846c] c.t.paymentgateway.service.JwtService    : Successfully decoded JWT secret as base64
2026-01-05 19:21:03.791 DEBUG [           main] [030e94ea-3a40-428f-bb07-50dd5277846c] c.t.paymentgateway.service.JwtService    : Successfully created JWT signing key
2026-01-05 19:21:03.792 DEBUG [           main] [030e94ea-3a40-428f-bb07-50dd5277846c] c.t.paymentgateway.service.JwtService    : JWT secret length: 52
2026-01-05 19:21:03.792 DEBUG [           main] [030e94ea-3a40-428f-bb07-50dd5277846c] c.t.paymentgateway.service.JwtService    : Successfully decoded JWT secret as base64
2026-01-05 19:21:03.793 DEBUG [           main] [030e94ea-3a40-428f-bb07-50dd5277846c] c.t.paymentgateway.service.JwtService    : Successfully created JWT signing key
]]></system-out>
  </testcase>
</testsuite>